<?xml version="1.0" encoding="UTF-8"?>
<testsuites>
  <testsuite name="draggable_buckets" timestamp="2025-12-09T12:01:31Z" hostname="e9206ca6329c" tests="9" skipped="0" failures="0" errors="0" time="8.464">
    <testcase time="3.43" classname="draggable_buckets" name="e2e_teal.widgets_draggable_buckets_initializes_without_input"/>
    <testcase time="0.0460000000000003" classname="draggable_buckets" name="e2e_teal.widgets_draggable_buckets_initializes_without_input"/>
    <testcase time="2.179" classname="draggable_buckets" name="e2e_teal.widgets_draggable_buckets_initializes_with_default_inputs"/>
    <testcase time="2.574" classname="draggable_buckets" name="e2e_teal.widgets_draggable_buckets_moving_elements_between_buckets_updates_input"/>
    <testcase time="0.140000000000001" classname="draggable_buckets" name="e2e_teal.widgets_draggable_buckets_moving_elements_between_buckets_updates_input"/>
    <testcase time="0.0670000000000002" classname="draggable_buckets" name="fails_when_inputId_is_not_from_the_expected_type"/>
    <testcase time="0.00799999999999912" classname="draggable_buckets" name="fails_when_label_is_not_from_the_expected_type"/>
    <testcase time="0.0080000000000009" classname="draggable_buckets" name="fails_when_buckets_is_not_from_the_expected_type"/>
    <testcase time="0.0119999999999987" classname="draggable_buckets" name="Snapshot_test_for_ui_component_draggable_buckets"/>
  </testsuite>
  <testsuite name="get_dt_rows_ui" timestamp="2025-12-09T12:01:40Z" hostname="e9206ca6329c" tests="6" skipped="0" failures="0" errors="0" time="2.602">
    <testcase time="1.748" classname="get_dt_rows_ui" name="e2e_teal.widgets_get_dt_rows_rows_are_settable_and_visible"/>
    <testcase time="0.0499999999999989" classname="get_dt_rows_ui" name="e2e_teal.widgets_get_dt_rows_rows_are_settable_and_visible"/>
    <testcase time="0.0999999999999996" classname="get_dt_rows_ui" name="e2e_teal.widgets_get_dt_rows_rows_are_settable_and_visible"/>
    <testcase time="0.596" classname="get_dt_rows_ui" name="e2e_teal.widgets_get_dt_rows_rows_are_settable_and_visible"/>
    <testcase time="0.0510000000000002" classname="get_dt_rows_ui" name="e2e_teal.widgets_get_dt_rows_rows_are_settable_and_visible"/>
    <testcase time="0.0570000000000004" classname="get_dt_rows_ui" name="Check_class_of_get_dt_rows"/>
  </testsuite>
  <testsuite name="ggplot2_args" timestamp="2025-12-09T12:01:42Z" hostname="e9206ca6329c" tests="37" skipped="0" failures="0" errors="0" time="0.682">
    <testcase time="0.456" classname="ggplot2_args" name="ggplot2_args_no_error_with_empty_inputs"/>
    <testcase time="0.00100000000000122" classname="ggplot2_args" name="ggplot2_args_no_error_with_empty_inputs"/>
    <testcase time="0.00199999999999889" classname="ggplot2_args" name="ggplot2_args_no_error_with_empty_inputs"/>
    <testcase time="0.00100000000000122" classname="ggplot2_args" name="ggplot2_args_no_error_with_empty_inputs"/>
    <testcase time="0.000999999999999446" classname="ggplot2_args" name="ggplot2_args_no_error_with_empty_inputs"/>
    <testcase time="0.00200000000000067" classname="ggplot2_args" name="ggplot2_args_no_error_with_empty_inputs"/>
    <testcase time="0.00599999999999845" classname="ggplot2_args" name="ggplot2_args_function_returns_object_of_ggplot2_args_and_list_classes"/>
    <testcase time="0.00500000000000078" classname="ggplot2_args" name="ggplot2_args_accepts_named_lists_for_arguments_labs_and_theme"/>
    <testcase time="0.00799999999999912" classname="ggplot2_args" name="ggplot2_args_throws_error_when_argument_name_is_not_valid."/>
    <testcase time="0.00600000000000023" classname="ggplot2_args" name="ggplot2_args_throws_error_when_argument_name_is_not_valid."/>
    <testcase time="0.00600000000000023" classname="ggplot2_args" name="resolve_ggplot2_args_accepts_empty_inputs"/>
    <testcase time="0.0080000000000009" classname="ggplot2_args" name="resolve_ggplot2_args_support_NULL_inputs"/>
    <testcase time="0.00999999999999979" classname="ggplot2_args" name="resolve_ggplot2_args_throws_error_with_empty_list"/>
    <testcase time="0.00699999999999967" classname="ggplot2_args" name="resolve_ggplot2_args_function_returns_object_of_ggplot2_args_and_list_classes"/>
    <testcase time="0.00600000000000023" classname="ggplot2_args" name="parse_ggplot2_args_accepts_empty_inputs"/>
    <testcase time="0.00200000000000067" classname="ggplot2_args" name="parse_ggplot2_args_accepts_empty_inputs"/>
    <testcase time="0.00999999999999979" classname="ggplot2_args" name="parse_ggplot2_args_throws_error_with_empty_list"/>
    <testcase time="0.00699999999999967" classname="ggplot2_args" name="parse_ggplot2_args_accepts_an_empty_ggplot2_args_as_minimum_requirement."/>
    <testcase time="0.00900000000000034" classname="ggplot2_args" name="resolve_ggplot2_args_uses_input_from_only_end_user_provided_ggplot2_args_source"/>
    <testcase time="0.00399999999999956" classname="ggplot2_args" name="resolve_ggplot2_args_uses_input_from_only_end_user_provided_ggplot2_args_source"/>
    <testcase time="0.00399999999999956" classname="ggplot2_args" name="resolve_ggplot2_args_uses_input_from_only_end_user_provided_ggplot2_args_source"/>
    <testcase time="0.0080000000000009" classname="ggplot2_args" name="parse_ggplot2_args_when_resolve_ggplot2_args_uses_input_from_only_end_user_provided_ggplot2_args_source"/>
    <testcase time="0.00399999999999956" classname="ggplot2_args" name="parse_ggplot2_args_when_resolve_ggplot2_args_uses_input_from_only_end_user_provided_ggplot2_args_source"/>
    <testcase time="0.00699999999999967" classname="ggplot2_args" name="resolve_ggplot2_args_prioritizes_user_plot_input_over_user_default_input."/>
    <testcase time="0.0080000000000009" classname="ggplot2_args" name="parse_ggplot2_args_when_resolve_ggplot2_args_prioritizes_user_plot_input_over_user_default_input."/>
    <testcase time="0.00799999999999912" classname="ggplot2_args" name="resolve_ggplot2_args_refers_to_global_teal.ggplot2_args_options_with_empty_input"/>
    <testcase time="0.0080000000000009" classname="ggplot2_args" name="parse_ggplot2_args_when_resolve_ggplot2_args_refers_to_global_teal.ggplot2_args_options_with_empty_input"/>
    <testcase time="0.0379999999999985" classname="ggplot2_args" name="parse_ggplot2_args_deparse_needed_to_expand_ggplot2_objects_like_element_blank"/>
    <testcase time="0.00300000000000011" classname="ggplot2_args" name="parse_ggplot2_args_deparse_needed_to_expand_ggplot2_objects_like_element_blank"/>
    <testcase time="0.00300000000000011" classname="ggplot2_args" name="parse_ggplot2_args_deparse_needed_to_expand_ggplot2_objects_like_element_blank"/>
    <testcase time="0.00699999999999967" classname="ggplot2_args" name="resolve_ggplot2_args_priorotizes_input_in_the_order_user_plot_user_default_teal.ggplot2_args_and_module_plot"/>
    <testcase time="0.00300000000000011" classname="ggplot2_args" name="resolve_ggplot2_args_priorotizes_input_in_the_order_user_plot_user_default_teal.ggplot2_args_and_module_plot"/>
    <testcase time="0.00700000000000145" classname="ggplot2_args" name="parse_ggplot2_args_when_resolve_ggplot2_args_priorotizes_input_in_the_order_user_plot_user_default_teal.ggplot2_args_and_module_plot"/>
    <testcase time="0.00300000000000011" classname="ggplot2_args" name="parse_ggplot2_args_when_resolve_ggplot2_args_priorotizes_input_in_the_order_user_plot_user_default_teal.ggplot2_args_and_module_plot"/>
    <testcase time="0.00799999999999912" classname="ggplot2_args" name="parse_ggplot2_args_when_resolve_ggplot2_args_priorotizes_input_in_the_order_user_plot_user_default_teal.ggplot2_args_and_module_plot"/>
    <testcase time="0.00300000000000011" classname="ggplot2_args" name="parse_ggplot2_args_when_resolve_ggplot2_args_priorotizes_input_in_the_order_user_plot_user_default_teal.ggplot2_args_and_module_plot"/>
    <testcase time="0.00300000000000011" classname="ggplot2_args" name="parse_ggplot2_args_when_resolve_ggplot2_args_priorotizes_input_in_the_order_user_plot_user_default_teal.ggplot2_args_and_module_plot"/>
  </testsuite>
  <testsuite name="optionalInput" timestamp="2025-12-09T12:01:43Z" hostname="e9206ca6329c" tests="21" skipped="0" failures="0" errors="0" time="0.24">
    <testcase time="0.00999999999999979" classname="optionalInput" name="optionalSliderInput_single_value"/>
    <testcase time="0.00699999999999967" classname="optionalInput" name="optionalSliderInput_single_value_out_of_range"/>
    <testcase time="0.00500000000000078" classname="optionalInput" name="optionalSliderInput_double_value"/>
    <testcase time="0.00799999999999912" classname="optionalInput" name="optionalSliderInput_double_value_out_of_range"/>
    <testcase time="0.00699999999999967" classname="optionalInput" name="optionalSliderInput_min_max_NA"/>
    <testcase time="0.00200000000000067" classname="optionalInput" name="optionalSliderInput_min_max_NA"/>
    <testcase time="0.00200000000000067" classname="optionalInput" name="optionalSliderInput_min_max_NA"/>
    <testcase time="0.00799999999999912" classname="optionalInput" name="if_inputId_is_not_a_string_returns_an_error"/>
    <testcase time="0.00699999999999967" classname="optionalInput" name="if_inputId_is_not_a_string_returns_an_error"/>
    <testcase time="0.0080000000000009" classname="optionalInput" name="if_label_is_not_a_string_returns_an_error"/>
    <testcase time="0.00799999999999912" classname="optionalInput" name="if_with_is_not_a_valid_css_unit_returns_an_error"/>
    <testcase time="0.0080000000000009" classname="optionalInput" name="if_options_is_not_a_list_returns_an_error"/>
    <testcase time="0.0169999999999995" classname="optionalInput" name="optionalSelectInput_is_a_Shiny_ui_component"/>
    <testcase time="0.0080000000000009" classname="optionalInput" name="if_inputId_is_not_a_string_optionalSliderInputValMinMax_returns_error"/>
    <testcase time="0.00799999999999912" classname="optionalInput" name="value_min_max_with_invalid_length_throws_error"/>
    <testcase time="0.00700000000000145" classname="optionalInput" name="value_out_of_range_in_value_min_max_throws_error"/>
    <testcase time="0.00600000000000023" classname="optionalInput" name="optionalSliderInputValMinMax_is_a_Shiny_ui_component"/>
    <testcase time="0.0609999999999999" classname="optionalInput" name="updateOptionalSelectInput_updates_choices_and_selected_values"/>
    <testcase time="0.00299999999999834" classname="optionalInput" name="updateOptionalSelectInput_updates_choices_and_selected_values"/>
    <testcase time="0.0470000000000006" classname="optionalInput" name="updateOptionalSelectInput_updates_choices_and_selected_values"/>
    <testcase time="0.00300000000000011" classname="optionalInput" name="updateOptionalSelectInput_updates_choices_and_selected_values"/>
  </testsuite>
  <testsuite name="optionalSelectInput_ui" timestamp="2025-12-09T12:01:43Z" hostname="e9206ca6329c" tests="23" skipped="0" failures="0" errors="0" time="3.012">
    <testcase time="2.577" classname="optionalSelectInput_ui" name="e2e_teal.widgets_optionalSelectInput_initializes"/>
    <testcase time="0.00300000000000011" classname="optionalSelectInput_ui" name="e2e_teal.widgets_optionalSelectInput_initializes"/>
    <testcase time="0.00399999999999956" classname="optionalSelectInput_ui" name="e2e_teal.widgets_optionalSelectInput_initializes"/>
    <testcase time="0.00300000000000011" classname="optionalSelectInput_ui" name="e2e_teal.widgets_optionalSelectInput_initializes"/>
    <testcase time="0.00400000000000134" classname="optionalSelectInput_ui" name="e2e_teal.widgets_optionalSelectInput_initializes"/>
    <testcase time="0.00199999999999889" classname="optionalSelectInput_ui" name="e2e_teal.widgets_optionalSelectInput_initializes"/>
    <testcase time="0.00399999999999956" classname="optionalSelectInput_ui" name="e2e_teal.widgets_optionalSelectInput_initializes"/>
    <testcase time="0.00600000000000023" classname="optionalSelectInput_ui" name="e2e_teal.widgets_optionalSelectInput_initializes"/>
    <testcase time="0.00400000000000134" classname="optionalSelectInput_ui" name="e2e_teal.widgets_optionalSelectInput_initializes"/>
    <testcase time="0.00199999999999889" classname="optionalSelectInput_ui" name="e2e_teal.widgets_optionalSelectInput_initializes"/>
    <testcase time="0.00399999999999956" classname="optionalSelectInput_ui" name="e2e_teal.widgets_optionalSelectInput_initializes"/>
    <testcase time="0.00300000000000011" classname="optionalSelectInput_ui" name="e2e_teal.widgets_optionalSelectInput_initializes"/>
    <testcase time="0.178000000000001" classname="optionalSelectInput_ui" name="e2e_teal.widgets_optionalSelectInput_initializes"/>
    <testcase time="0.0609999999999999" classname="optionalSelectInput_ui" name="e2e_teal.widgets_optionalSelectInput_initializes"/>
    <testcase time="0.00900000000000034" classname="optionalSelectInput_ui" name="e2e_teal.widgets_optionalSelectInput_initializes"/>
    <testcase time="0.0759999999999987" classname="optionalSelectInput_ui" name="Check_optionalSelectInput_is_created_with_different_sep"/>
    <testcase time="0.011000000000001" classname="optionalSelectInput_ui" name="Check_optionalSelectInput_is_created_with_label_help"/>
    <testcase time="0.0109999999999992" classname="optionalSelectInput_ui" name="Check_optionalSelectInput_width_is_applied"/>
    <testcase time="0.00999999999999979" classname="optionalSelectInput_ui" name="Check_options_for_optionalSelectInput_are_applied"/>
    <testcase time="0.011000000000001" classname="optionalSelectInput_ui" name="Check_that_choices_are_empty_if_not_introduced_by_user"/>
    <testcase time="0.0109999999999992" classname="optionalSelectInput_ui" name="selected_marks_the_initial_choice"/>
    <testcase time="0.0150000000000006" classname="optionalSelectInput_ui" name="there_is_js_show_hide_functionality_only_if_fixed_on_single_is_TRUE_and_length_is_more_than_one"/>
    <testcase time="0.00300000000000011" classname="optionalSelectInput_ui" name="there_is_js_show_hide_functionality_only_if_fixed_on_single_is_TRUE_and_length_is_more_than_one"/>
  </testsuite>
  <testsuite name="optionalSliderInputValMinMax_ui" timestamp="2025-12-09T12:01:46Z" hostname="e9206ca6329c" tests="4" skipped="0" failures="0" errors="0" time="2.342">
    <testcase time="2.198" classname="optionalSliderInputValMinMax_ui" name="e2e_teal.widgets_optionalSliderInputValMinMax_initializes"/>
    <testcase time="0.00400000000000134" classname="optionalSliderInputValMinMax_ui" name="e2e_teal.widgets_optionalSliderInputValMinMax_initializes"/>
    <testcase time="0.0700000000000003" classname="optionalSliderInputValMinMax_ui" name="we_create_label_help_for_optionalSliderInputValMinMax"/>
    <testcase time="0.0700000000000003" classname="optionalSliderInputValMinMax_ui" name="snapshot_test_for_optionalSliderInput"/>
  </testsuite>
  <testsuite name="plot_with_settings" timestamp="2025-12-09T12:01:49Z" hostname="e9206ca6329c" tests="64" skipped="0" failures="0" errors="0" time="2.75">
    <testcase time="0.0120000000000005" classname="plot_with_settings" name="if_teal.plot_dpi_is_not_set_then_get_plot_dpi_returns_72_"/>
    <testcase time="0.00600000000000023" classname="plot_with_settings" name="if_teal.plot_dpi_is_an_integer_value_at_least_24_then_get_plot_dpi_returns_its_value"/>
    <testcase time="0.00300000000000011" classname="plot_with_settings" name="if_teal.plot_dpi_is_an_integer_value_at_least_24_then_get_plot_dpi_returns_its_value"/>
    <testcase time="0.00300000000000011" classname="plot_with_settings" name="if_teal.plot_dpi_is_an_integer_value_at_least_24_then_get_plot_dpi_returns_its_value"/>
    <testcase time="0.00300000000000011" classname="plot_with_settings" name="if_teal.plot_dpi_is_an_integer_value_at_least_24_then_get_plot_dpi_returns_its_value"/>
    <testcase time="0.00999999999999801" classname="plot_with_settings" name="if_teal.plot_dpi_is_an_integer_value_less_24_then_get_plot_dpi_returns_72"/>
    <testcase time="0.00100000000000122" classname="plot_with_settings" name="if_teal.plot_dpi_is_an_integer_value_less_24_then_get_plot_dpi_returns_72"/>
    <testcase time="0.0069999999999979" classname="plot_with_settings" name="if_teal.plot_dpi_is_an_integer_value_less_24_then_get_plot_dpi_returns_72"/>
    <testcase time="0.00100000000000122" classname="plot_with_settings" name="if_teal.plot_dpi_is_an_integer_value_less_24_then_get_plot_dpi_returns_72"/>
    <testcase time="0.0109999999999992" classname="plot_with_settings" name="if_teal.plot_dpi_is_not_an_integer_value_then_get_plot_dpi_returns_72"/>
    <testcase time="0.00100000000000122" classname="plot_with_settings" name="if_teal.plot_dpi_is_not_an_integer_value_then_get_plot_dpi_returns_72"/>
    <testcase time="0.00600000000000023" classname="plot_with_settings" name="if_teal.plot_dpi_is_not_an_integer_value_then_get_plot_dpi_returns_72"/>
    <testcase time="0.00199999999999889" classname="plot_with_settings" name="if_teal.plot_dpi_is_not_an_integer_value_then_get_plot_dpi_returns_72"/>
    <testcase time="0.211000000000002" classname="plot_with_settings" name="print_plot_is_able_to_plot_different_types_of_graphics"/>
    <testcase time="0.0449999999999982" classname="plot_with_settings" name="print_plot_is_able_to_plot_different_types_of_graphics"/>
    <testcase time="0.0899999999999999" classname="plot_with_settings" name="print_plot_is_able_to_plot_different_types_of_graphics"/>
    <testcase time="0.00499999999999901" classname="plot_with_settings" name="print_plot_is_able_to_plot_different_types_of_graphics"/>
    <testcase time="0.00600000000000023" classname="plot_with_settings" name="print_plot_is_able_to_plot_different_types_of_graphics"/>
    <testcase time="0.00300000000000011" classname="plot_with_settings" name="print_plot_is_able_to_plot_different_types_of_graphics"/>
    <testcase time="0.00800000000000267" classname="plot_with_settings" name="clean_brushedPoints_returns_error_with_wrong_input"/>
    <testcase time="0.00499999999999901" classname="plot_with_settings" name="clean_brushedPoints_returns_error_with_wrong_input"/>
    <testcase time="0.00399999999999778" classname="plot_with_settings" name="clean_brushedPoints_returns_error_with_wrong_input"/>
    <testcase time="0.00600000000000023" classname="plot_with_settings" name="clean_brushedPoints_returns_a_data_frame_with_minimal_correct_input"/>
    <testcase time="0.00600000000000023" classname="plot_with_settings" name="clean_brushedPoints_removal_of_NA_points"/>
    <testcase time="0.00300000000000011" classname="plot_with_settings" name="clean_brushedPoints_removal_of_NA_points"/>
    <testcase time="0.0069999999999979" classname="plot_with_settings" name="clean_brushedPoints_removal_of_NA_points"/>
    <testcase time="0.0580000000000034" classname="plot_with_settings" name="type_download_srv_download_all_types_of_files_with_default_name"/>
    <testcase time="0.00799999999999912" classname="plot_with_settings" name="type_download_srv_download_all_types_of_files_with_default_name"/>
    <testcase time="0.00799999999999912" classname="plot_with_settings" name="type_download_srv_download_all_types_of_files_with_default_name"/>
    <testcase time="0.00499999999999901" classname="plot_with_settings" name="type_download_srv_download_all_types_of_files_with_default_name"/>
    <testcase time="0.0100000000000016" classname="plot_with_settings" name="type_download_srv_download_all_types_of_files_with_default_name"/>
    <testcase time="0.00600000000000023" classname="plot_with_settings" name="type_download_srv_download_all_types_of_files_with_default_name"/>
    <testcase time="0.0279999999999987" classname="plot_with_settings" name="type_download_srv_download_all_types_of_files_and_change_the_name"/>
    <testcase time="0.00700000000000145" classname="plot_with_settings" name="type_download_srv_download_all_types_of_files_and_change_the_name"/>
    <testcase time="0.00900000000000034" classname="plot_with_settings" name="type_download_srv_download_all_types_of_files_and_change_the_name"/>
    <testcase time="0.00600000000000023" classname="plot_with_settings" name="type_download_srv_download_all_types_of_files_and_change_the_name"/>
    <testcase time="0.00900000000000034" classname="plot_with_settings" name="type_download_srv_download_all_types_of_files_and_change_the_name"/>
    <testcase time="0.00599999999999667" classname="plot_with_settings" name="type_download_srv_download_all_types_of_files_and_change_the_name"/>
    <testcase time="0.0300000000000011" classname="plot_with_settings" name="type_download_srv_downloads_a_png_file_with_different_dimensions"/>
    <testcase time="0.0350000000000001" classname="plot_with_settings" name="type_download_srv_downloads_a_png_file_using_default_dimensions_input_dimensions_are_NULL"/>
    <testcase time="0.0180000000000007" classname="plot_with_settings" name="plot_with_settings_srv_assert_error"/>
    <testcase time="0.0129999999999981" classname="plot_with_settings" name="plot_with_settings_srv_assert_error"/>
    <testcase time="0.0120000000000005" classname="plot_with_settings" name="plot_with_settings_srv_assert_error"/>
    <testcase time="0.0120000000000005" classname="plot_with_settings" name="plot_with_settings_srv_assert_error"/>
    <testcase time="0.0130000000000017" classname="plot_with_settings" name="plot_with_settings_srv_assert_error"/>
    <testcase time="0.0129999999999981" classname="plot_with_settings" name="plot_with_settings_srv_assert_error"/>
    <testcase time="0.0120000000000005" classname="plot_with_settings" name="plot_with_settings_srv_assert_error"/>
    <testcase time="0.0130000000000017" classname="plot_with_settings" name="plot_with_settings_srv_assert_error"/>
    <testcase time="0.0169999999999995" classname="plot_with_settings" name="plot_with_settings_srv_assert_error"/>
    <testcase time="0.201000000000001" classname="plot_with_settings" name="plot_with_settings_srv_set_dimensions_and_download_a_png_file_base"/>
    <testcase time="0.014999999999997" classname="plot_with_settings" name="plot_with_settings_srv_set_dimensions_and_download_a_png_file_base"/>
    <testcase time="0.263000000000002" classname="plot_with_settings" name="plot_with_settings_srv_set_dimensions_and_download_a_png_file_ggplot2"/>
    <testcase time="0.152000000000001" classname="plot_with_settings" name="plot_with_settings_srv_set_dimensions_and_download_a_png_file_ggplot2"/>
    <testcase time="0.541999999999998" classname="plot_with_settings" name="plot_with_settings_srv_set_dimensions_and_download_a_png_file_grob"/>
    <testcase time="0.108000000000001" classname="plot_with_settings" name="plot_with_settings_srv_set_dimensions_and_download_a_png_file_grob"/>
    <testcase time="0.158999999999999" classname="plot_with_settings" name="plot_with_settings_srv_set_dimensions_and_download_a_png_file_trellis"/>
    <testcase time="0.0370000000000026" classname="plot_with_settings" name="plot_with_settings_srv_set_dimensions_and_download_a_png_file_trellis"/>
    <testcase time="0.114999999999998" classname="plot_with_settings" name="plot_with_settings_srv_set_dimensions_and_download_a_png_file_WRONG_type"/>
    <testcase time="0.0130000000000017" classname="plot_with_settings" name="plot_with_settings_srv_set_dimensions_and_download_a_png_file_WRONG_type"/>
    <testcase time="0.174999999999997" classname="plot_with_settings" name="plot_with_settings_srv_expand_no_error"/>
    <testcase time="0.138000000000002" classname="plot_with_settings" name="plot_with_settings_srv_returns_the_click_ggplot2_functionalities_metadata"/>
    <testcase time="0.00499999999999901" classname="plot_with_settings" name="plot_with_settings_srv_returns_the_click_ggplot2_functionalities_metadata"/>
    <testcase time="0.0100000000000016" classname="plot_with_settings" name="plot_with_settings_srv_returns_the_click_ggplot2_functionalities_metadata"/>
    <testcase time="0.00399999999999778" classname="plot_with_settings" name="plot_with_settings_srv_returns_the_click_ggplot2_functionalities_metadata"/>
  </testsuite>
  <testsuite name="plot_with_settings_ui" timestamp="2025-12-09T12:01:52Z" hostname="e9206ca6329c" tests="45" skipped="0" failures="0" errors="0" time="52.098">
    <testcase time="0.0180000000000007" classname="plot_with_settings_ui" name="type_download_ui_returns_shiny.tag_"/>
    <testcase time="0.0139999999999993" classname="plot_with_settings_ui" name="plot_with_settings_ui_returns_shiny.tag_"/>
    <testcase time="3.196" classname="plot_with_settings_ui" name="e2e_teal.widgets_plot_with_settings_initializes_with_a_plot_and_the_settings_buttons"/>
    <testcase time="0.00400000000000134" classname="plot_with_settings_ui" name="e2e_teal.widgets_plot_with_settings_initializes_with_a_plot_and_the_settings_buttons"/>
    <testcase time="3.995" classname="plot_with_settings_ui" name="e2e_teal.widgets_plot_with_settings_buttons_have_proper_FA_icons_and_two_of_them_are_dropdowns"/>
    <testcase time="0.0120000000000005" classname="plot_with_settings_ui" name="e2e_teal.widgets_plot_with_settings_buttons_have_proper_FA_icons_and_two_of_them_are_dropdowns"/>
    <testcase time="0.00400000000000134" classname="plot_with_settings_ui" name="e2e_teal.widgets_plot_with_settings_buttons_have_proper_FA_icons_and_two_of_them_are_dropdowns"/>
    <testcase time="0.00100000000000122" classname="plot_with_settings_ui" name="e2e_teal.widgets_plot_with_settings_buttons_have_proper_FA_icons_and_two_of_them_are_dropdowns"/>
    <testcase time="0.00499999999999901" classname="plot_with_settings_ui" name="e2e_teal.widgets_plot_with_settings_buttons_have_proper_FA_icons_and_two_of_them_are_dropdowns"/>
    <testcase time="0.187000000000001" classname="plot_with_settings_ui" name="e2e_teal.widgets_plot_with_settings_buttons_have_proper_FA_icons_and_two_of_them_are_dropdowns"/>
    <testcase time="0.00499999999999901" classname="plot_with_settings_ui" name="e2e_teal.widgets_plot_with_settings_buttons_have_proper_FA_icons_and_two_of_them_are_dropdowns"/>
    <testcase time="0.0359999999999978" classname="plot_with_settings_ui" name="e2e_teal.widgets_plot_with_settings_buttons_have_proper_FA_icons_and_two_of_them_are_dropdowns"/>
    <testcase time="0.00400000000000134" classname="plot_with_settings_ui" name="e2e_teal.widgets_plot_with_settings_buttons_have_proper_FA_icons_and_two_of_them_are_dropdowns"/>
    <testcase time="4.703" classname="plot_with_settings_ui" name="e2e_teal.widgets_plot_with_settings_the_click_on_the_expand_button_opens_an_overlay_plot_height_plot_width_plot_download_dropdown_and_dismiss_button"/>
    <testcase time="0.0569999999999951" classname="plot_with_settings_ui" name="e2e_teal.widgets_plot_with_settings_the_click_on_the_expand_button_opens_an_overlay_plot_height_plot_width_plot_download_dropdown_and_dismiss_button"/>
    <testcase time="0.00400000000000489" classname="plot_with_settings_ui" name="e2e_teal.widgets_plot_with_settings_the_click_on_the_expand_button_opens_an_overlay_plot_height_plot_width_plot_download_dropdown_and_dismiss_button"/>
    <testcase time="0.00399999999999778" classname="plot_with_settings_ui" name="e2e_teal.widgets_plot_with_settings_the_click_on_the_expand_button_opens_an_overlay_plot_height_plot_width_plot_download_dropdown_and_dismiss_button"/>
    <testcase time="0.0069999999999979" classname="plot_with_settings_ui" name="e2e_teal.widgets_plot_with_settings_the_click_on_the_expand_button_opens_an_overlay_plot_height_plot_width_plot_download_dropdown_and_dismiss_button"/>
    <testcase time="4.00700000000001" classname="plot_with_settings_ui" name="e2e_teal.widgets_plot_with_settings_the_click_on_the_download_button_in_expand_modal_opens_a_download_dropdown"/>
    <testcase time="0.00600000000000023" classname="plot_with_settings_ui" name="e2e_teal.widgets_plot_with_settings_the_click_on_the_download_button_in_expand_modal_opens_a_download_dropdown"/>
    <testcase time="0.0119999999999933" classname="plot_with_settings_ui" name="e2e_teal.widgets_plot_with_settings_the_click_on_the_download_button_in_expand_modal_opens_a_download_dropdown"/>
    <testcase time="0.00500000000000256" classname="plot_with_settings_ui" name="e2e_teal.widgets_plot_with_settings_the_click_on_the_download_button_in_expand_modal_opens_a_download_dropdown"/>
    <testcase time="0.189" classname="plot_with_settings_ui" name="e2e_teal.widgets_plot_with_settings_the_click_on_the_download_button_in_expand_modal_opens_a_download_dropdown"/>
    <testcase time="3.273" classname="plot_with_settings_ui" name="e2e_teal.widgets_plot_with_settings_the_click_on_the_resize_button_opens_a_dropdown_menu_plot_height_plot_width_plot_download_dropdown_and_dismiss_button"/>
    <testcase time="0.981999999999999" classname="plot_with_settings_ui" name="e2e_teal.widgets_plot_with_settings_the_click_on_the_resize_button_opens_a_dropdown_menu_plot_height_plot_width_plot_download_dropdown_and_dismiss_button"/>
    <testcase time="0.00600000000000023" classname="plot_with_settings_ui" name="e2e_teal.widgets_plot_with_settings_the_click_on_the_resize_button_opens_a_dropdown_menu_plot_height_plot_width_plot_download_dropdown_and_dismiss_button"/>
    <testcase time="0.153999999999996" classname="plot_with_settings_ui" name="e2e_teal.widgets_plot_with_settings_the_click_on_the_resize_button_opens_a_dropdown_menu_plot_height_plot_width_plot_download_dropdown_and_dismiss_button"/>
    <testcase time="0.00500000000000256" classname="plot_with_settings_ui" name="e2e_teal.widgets_plot_with_settings_the_click_on_the_resize_button_opens_a_dropdown_menu_plot_height_plot_width_plot_download_dropdown_and_dismiss_button"/>
    <testcase time="4.36" classname="plot_with_settings_ui" name="e2e_teal.widgets_plot_with_settings_it_is_possible_to_set_height_and_width_for_the_plot_on_the_third_button_dropdown_menu_without_errors"/>
    <testcase time="3.974" classname="plot_with_settings_ui" name="e2e_teal.widgets_plot_with_settings_clicking_download_download_button_downloads_image_in_a_specified_format"/>
    <testcase time="0.121000000000002" classname="plot_with_settings_ui" name="e2e_teal.widgets_plot_with_settings_clicking_download_download_button_downloads_image_in_a_specified_format"/>
    <testcase time="5.213" classname="plot_with_settings_ui" name="e2e_teal.widgets_plot_with_settings_expanded_image_can_be_resized"/>
    <testcase time="0.00399999999999778" classname="plot_with_settings_ui" name="e2e_teal.widgets_plot_with_settings_expanded_image_can_be_resized"/>
    <testcase time="3.182" classname="plot_with_settings_ui" name="e2e_teal.widgets_plot_with_settings_expanded_image_can_be_resized"/>
    <testcase time="0.00300000000000011" classname="plot_with_settings_ui" name="e2e_teal.widgets_plot_with_settings_expanded_image_can_be_resized"/>
    <testcase time="0.00300000000000011" classname="plot_with_settings_ui" name="e2e_teal.widgets_plot_with_settings_expanded_image_can_be_resized"/>
    <testcase time="4.633" classname="plot_with_settings_ui" name="e2e_teal.widgets_plot_with_settings_expanded_image_can_be_downloaded"/>
    <testcase time="0.122999999999998" classname="plot_with_settings_ui" name="e2e_teal.widgets_plot_with_settings_expanded_image_can_be_downloaded"/>
    <testcase time="4.288" classname="plot_with_settings_ui" name="e2e_teal.widgets_plot_with_settings_main_image_can_be_resized"/>
    <testcase time="0.0109999999999957" classname="plot_with_settings_ui" name="e2e_teal.widgets_plot_with_settings_main_image_can_be_resized"/>
    <testcase time="0.182000000000002" classname="plot_with_settings_ui" name="e2e_teal.widgets_plot_with_settings_main_image_can_be_resized"/>
    <testcase time="0.0109999999999957" classname="plot_with_settings_ui" name="e2e_teal.widgets_plot_with_settings_main_image_can_be_resized"/>
    <testcase time="0.0100000000000051" classname="plot_with_settings_ui" name="e2e_teal.widgets_plot_with_settings_main_image_can_be_resized"/>
    <testcase time="5.08" classname="plot_with_settings_ui" name="e2e_teal.widgets_plot_with_settings_scrollbar_appears_when_image_is_resized"/>
    <testcase time="0.00499999999999545" classname="plot_with_settings_ui" name="e2e_teal.widgets_plot_with_settings_scrollbar_appears_when_image_is_resized"/>
  </testsuite>
  <testsuite name="standard_layout" timestamp="2025-12-09T12:02:44Z" hostname="e9206ca6329c" tests="8" skipped="0" failures="0" errors="0" time="0.322">
    <testcase time="0.146000000000001" classname="standard_layout" name="Input_validation"/>
    <testcase time="0.00600000000000023" classname="standard_layout" name="Input_validation"/>
    <testcase time="0.00400000000000489" classname="standard_layout" name="Input_validation"/>
    <testcase time="0.00499999999999545" classname="standard_layout" name="Input_validation"/>
    <testcase time="0.00400000000000489" classname="standard_layout" name="Input_validation"/>
    <testcase time="0.00600000000000023" classname="standard_layout" name="Input_validation"/>
    <testcase time="0.0379999999999967" classname="standard_layout" name="Tests_for_standard_layout_options_checks_that_the_class_is_correct"/>
    <testcase time="0.113" classname="standard_layout" name="Tests_for_standard_layout_options_checks_snapshot_with_encoding_and_null_forms"/>
  </testsuite>
  <testsuite name="table_args" timestamp="2025-12-09T12:02:44Z" hostname="e9206ca6329c" tests="30" skipped="0" failures="0" errors="0" time="0.397">
    <testcase time="0.239999999999995" classname="table_args" name="basic_table_args_returns_empty_basic_table_args_with_empty_inputs"/>
    <testcase time="0.00300000000000011" classname="table_args" name="basic_table_args_returns_empty_basic_table_args_with_empty_inputs"/>
    <testcase time="0.00600000000000023" classname="table_args" name="basic_table_args_function_returns_list_of_the_basic_table_args_class"/>
    <testcase time="0.00400000000000489" classname="table_args" name="basic_table_args_rtables_arguments_validation_correct_input"/>
    <testcase time="0.00699999999999079" classname="table_args" name="basic_table_args_rtables_arguments_validation_incorrect_input"/>
    <testcase time="0.00500000000000966" classname="table_args" name="resolve_basic_table_args_returns_empty_basic_table_args_with_empty_input"/>
    <testcase time="0.00799999999999557" classname="table_args" name="resolve_basic_table_args_error_with_empty_list_as_need_a_basic_table_args_class"/>
    <testcase time="0.00600000000000023" classname="table_args" name="resolve_basic_table_args_need_a_basic_table_args_class_or_NULL_for_each_of_its_arguments"/>
    <testcase time="0.00300000000000011" classname="table_args" name="resolve_basic_table_args_need_a_basic_table_args_class_or_NULL_for_each_of_its_arguments"/>
    <testcase time="0.00600000000000023" classname="table_args" name="resolve_basic_table_args_returns_empty_basic_table_args_with_any_list_input_in_basic_table_args"/>
    <testcase time="0.00300000000000011" classname="table_args" name="resolve_basic_table_args_returns_empty_basic_table_args_with_any_list_input_in_basic_table_args"/>
    <testcase time="0.0100000000000051" classname="table_args" name="resolve_basic_table_args_error_with_any_list_or_NULL_input_in_its_arguments_when_it_is_not_only_one"/>
    <testcase time="0.00600000000000023" classname="table_args" name="resolve_basic_table_args_error_with_any_list_or_NULL_input_in_its_arguments_when_it_is_not_only_one"/>
    <testcase time="0.00499999999999545" classname="table_args" name="resolve_basic_table_args_error_with_any_list_or_NULL_input_in_its_arguments_when_it_is_not_only_one"/>
    <testcase time="0.007000000000005" classname="table_args" name="resolve_basic_table_args_support_NULL_inputs"/>
    <testcase time="0.00600000000000023" classname="table_args" name="resolve_basic_table_args_returns_object_of_basic_table_args_and_list_classes"/>
    <testcase time="0.00300000000000011" classname="table_args" name="resolve_basic_table_args_returns_object_of_basic_table_args_and_list_classes"/>
    <testcase time="0.00799999999999557" classname="table_args" name="parse_basic_table_args_throws_error_with_empty_list"/>
    <testcase time="0.00600000000000023" classname="table_args" name="parse_basic_table_args_returns_language_object_of_empty_rtables_basic_table_call"/>
    <testcase time="0.00300000000000011" classname="table_args" name="parse_basic_table_args_returns_language_object_of_empty_rtables_basic_table_call"/>
    <testcase time="0.00300000000000011" classname="table_args" name="parse_basic_table_args_returns_language_object_of_empty_rtables_basic_table_call"/>
    <testcase time="0.00699999999999079" classname="table_args" name="resolve_basic_table_args_uses_input_from_only_end_user_provided_basic_table_args_source"/>
    <testcase time="0.00300000000000011" classname="table_args" name="resolve_basic_table_args_uses_input_from_only_end_user_provided_basic_table_args_source"/>
    <testcase time="0.00300000000000011" classname="table_args" name="resolve_basic_table_args_uses_input_from_only_end_user_provided_basic_table_args_source"/>
    <testcase time="0.00600000000000023" classname="table_args" name="parse_basic_table_args_when_resolve_basic_table_args_uses_inputfrom_only_end_user_provided_basic_table_args_source"/>
    <testcase time="0.00300000000000011" classname="table_args" name="parse_basic_table_args_when_resolve_basic_table_args_uses_inputfrom_only_end_user_provided_basic_table_args_source"/>
    <testcase time="0.007000000000005" classname="table_args" name="resolve_basic_table_args_refers_to_global_teal.basic_table_args_options_with_empty_input"/>
    <testcase time="0.00600000000000023" classname="table_args" name="parse_basic_table_args_when_resolve_basic_table_args_refers_to_global_teal.basic_table_argsoptions_with_empty_input"/>
    <testcase time="0.007000000000005" classname="table_args" name="resolve_basic_table_args_prioritizes_input_in_the_order_user_table_user_default_teal.basic_table_args_and_module_plot"/>
    <testcase time="0.00699999999999079" classname="table_args" name="parse_basic_table_args_when_resolve_basic_table_args_prioritizes_input_in_the_order_user_table_user_default_teal.basic_table_args_and_module_plot"/>
  </testsuite>
  <testsuite name="table_with_settings" timestamp="2025-12-09T12:02:44Z" hostname="e9206ca6329c" tests="11" skipped="0" failures="0" errors="9" time="0.849">
    <testcase time="0.0210000000000008" classname="table_with_settings" name="table_with_settings_srv_assertions"/>
    <testcase time="0.0120000000000005" classname="table_with_settings" name="table_with_settings_srv_assertions"/>
    <testcase time="0.152000000000001" classname="table_with_settings" name="table_with_settings_srv_hiding_works">
      <error type="error" message="Error in `match.arg(round_type)`: 'arg' must be of length 1 ('test-table_with_settings.R:29:7')">Error in `match.arg(round_type)`: 'arg' must be of length 1
Backtrace:
     x
  1. +-shiny::testServer(...) at test-table_with_settings.R:25:3
  2. | +-shiny:::withMockContext(...)
  3. | | +-shiny::isolate(...)
  4. | | | +-shiny::..stacktraceoff..(...)
  5. | | | \-ctx$run(...)
  6. | | |   +-promises::with_promise_domain(...)
  7. | | |   | \-domain$wrapSync(expr)
  8. | | |   +-shiny::withReactiveDomain(...)
  9. | | |   | \-promises::with_promise_domain(...)
 10. | | |   |   \-domain$wrapSync(expr)
 11. | | |   |     \-base::force(expr)
 12. | | |   +-shiny:::with_otel_span_context(...)
 13. | | |   | \-base::force(expr)
 14. | | |   +-shiny::captureStackTraces(...)
 15. | | |   | \-promises::with_promise_domain(...)
 16. | | |   |   \-domain$wrapSync(expr)
 17. | | |   |     \-base::withCallingHandlers(expr, error = doCaptureStack)
 18. | | |   \-env$runWith(self, func)
 19. | | |     \-shiny (local) contextFunc()
 20. | | |       \-shiny::..stacktraceon..(expr)
 21. | | +-shiny::withReactiveDomain(...)
 22. | | | \-promises::with_promise_domain(...)
 23. | | |   \-domain$wrapSync(expr)
 24. | | |     \-base::force(expr)
 25. | | \-withr::with_options(...)
 26. | |   \-base::force(code)
 27. | \-rlang::eval_tidy(quosure, mask, rlang::caller_env())
 28. +-testthat::expect_silent(output$table_out_modal$html) at test-table_with_settings.R:29:7
 29. | \-testthat:::quasi_capture(enquo(object), NULL, evaluate_promise)
 30. |   +-testthat (local) .capture(...)
 31. |   | +-withr::with_output_sink(...)
 32. |   | | \-base::force(code)
 33. |   | +-base::withCallingHandlers(...)
 34. |   | \-base::withVisible(code)
 35. |   \-rlang::eval_bare(quo_get_expr(.quo), quo_get_env(.quo))
 36. +-output$table_out_modal
 37. +-shiny:::`$.shinyoutput`(output, table_out_modal)
 38. | \-.subset2(x, "impl")$getOutput(name)
 39. |   \-base::stop(v$err)
 40. \-shiny (local) `&lt;fn&gt;`(`&lt;smplErrr&gt;`)</error>
    </testcase>
    <testcase time="0.0930000000000035" classname="table_with_settings" name="table_with_settings_srv_return_html_table">
      <error type="error" message="Error in `match.arg(round_type)`: 'arg' must be of length 1 ('test-table_with_settings.R:39:7')">Error in `match.arg(round_type)`: 'arg' must be of length 1
Backtrace:
     x
  1. +-shiny::testServer(...) at test-table_with_settings.R:35:3
  2. | +-shiny:::withMockContext(...)
  3. | | +-shiny::isolate(...)
  4. | | | +-shiny::..stacktraceoff..(...)
  5. | | | \-ctx$run(...)
  6. | | |   +-promises::with_promise_domain(...)
  7. | | |   | \-domain$wrapSync(expr)
  8. | | |   +-shiny::withReactiveDomain(...)
  9. | | |   | \-promises::with_promise_domain(...)
 10. | | |   |   \-domain$wrapSync(expr)
 11. | | |   |     \-base::force(expr)
 12. | | |   +-shiny:::with_otel_span_context(...)
 13. | | |   | \-base::force(expr)
 14. | | |   +-shiny::captureStackTraces(...)
 15. | | |   | \-promises::with_promise_domain(...)
 16. | | |   |   \-domain$wrapSync(expr)
 17. | | |   |     \-base::withCallingHandlers(expr, error = doCaptureStack)
 18. | | |   \-env$runWith(self, func)
 19. | | |     \-shiny (local) contextFunc()
 20. | | |       \-shiny::..stacktraceon..(expr)
 21. | | +-shiny::withReactiveDomain(...)
 22. | | | \-promises::with_promise_domain(...)
 23. | | |   \-domain$wrapSync(expr)
 24. | | |     \-base::force(expr)
 25. | | \-withr::with_options(...)
 26. | |   \-base::force(code)
 27. | \-rlang::eval_tidy(quosure, mask, rlang::caller_env())
 28. +-testthat::expect_s3_class(output$table_out_modal$html, "html") at test-table_with_settings.R:39:7
 29. | \-testthat::quasi_label(enquo(object))
 30. |   \-rlang::eval_bare(expr, quo_get_env(quo))
 31. +-output$table_out_modal
 32. +-shiny:::`$.shinyoutput`(output, table_out_modal)
 33. | \-.subset2(x, "impl")$getOutput(name)
 34. |   \-base::stop(v$err)
 35. \-shiny (local) `&lt;fn&gt;`(`&lt;smplErrr&gt;`)</error>
    </testcase>
    <testcase time="0.0939999999999941" classname="table_with_settings" name="table_with_settings_srv_expand_works">
      <error type="error" message="Error in `match.arg(round_type)`: 'arg' must be of length 1 ('test-table_with_settings.R:51:7')">Error in `match.arg(round_type)`: 'arg' must be of length 1
Backtrace:
     x
  1. +-shiny::testServer(...) at test-table_with_settings.R:46:3
  2. | +-shiny:::withMockContext(...)
  3. | | +-shiny::isolate(...)
  4. | | | +-shiny::..stacktraceoff..(...)
  5. | | | \-ctx$run(...)
  6. | | |   +-promises::with_promise_domain(...)
  7. | | |   | \-domain$wrapSync(expr)
  8. | | |   +-shiny::withReactiveDomain(...)
  9. | | |   | \-promises::with_promise_domain(...)
 10. | | |   |   \-domain$wrapSync(expr)
 11. | | |   |     \-base::force(expr)
 12. | | |   +-shiny:::with_otel_span_context(...)
 13. | | |   | \-base::force(expr)
 14. | | |   +-shiny::captureStackTraces(...)
 15. | | |   | \-promises::with_promise_domain(...)
 16. | | |   |   \-domain$wrapSync(expr)
 17. | | |   |     \-base::withCallingHandlers(expr, error = doCaptureStack)
 18. | | |   \-env$runWith(self, func)
 19. | | |     \-shiny (local) contextFunc()
 20. | | |       \-shiny::..stacktraceon..(expr)
 21. | | +-shiny::withReactiveDomain(...)
 22. | | | \-promises::with_promise_domain(...)
 23. | | |   \-domain$wrapSync(expr)
 24. | | |     \-base::force(expr)
 25. | | \-withr::with_options(...)
 26. | |   \-base::force(code)
 27. | \-rlang::eval_tidy(quosure, mask, rlang::caller_env())
 28. +-testthat::expect_silent(output$table_out_modal) at test-table_with_settings.R:51:7
 29. | \-testthat:::quasi_capture(enquo(object), NULL, evaluate_promise)
 30. |   +-testthat (local) .capture(...)
 31. |   | +-withr::with_output_sink(...)
 32. |   | | \-base::force(code)
 33. |   | +-base::withCallingHandlers(...)
 34. |   | \-base::withVisible(code)
 35. |   \-rlang::eval_bare(quo_get_expr(.quo), quo_get_env(.quo))
 36. +-output$table_out_modal
 37. +-shiny:::`$.shinyoutput`(output, table_out_modal)
 38. | \-.subset2(x, "impl")$getOutput(name)
 39. |   \-base::stop(v$err)
 40. \-shiny (local) `&lt;fn&gt;`(`&lt;smplErrr&gt;`)</error>
    </testcase>
    <testcase time="0.0840000000000032" classname="table_with_settings" name="type_download_srv_table_downloading_different_output_types_custom_name">
      <error type="error" message="Error in `match.arg(round_type)`: 'arg' must be of length 1 ('test-table_with_settings.R:65:9')">Error in `match.arg(round_type)`: 'arg' must be of length 1
Backtrace:
     x
  1. +-shiny::testServer(...) at test-table_with_settings.R:57:3
  2. | +-shiny:::withMockContext(...)
  3. | | +-shiny::isolate(...)
  4. | | | +-shiny::..stacktraceoff..(...)
  5. | | | \-ctx$run(...)
  6. | | |   +-promises::with_promise_domain(...)
  7. | | |   | \-domain$wrapSync(expr)
  8. | | |   +-shiny::withReactiveDomain(...)
  9. | | |   | \-promises::with_promise_domain(...)
 10. | | |   |   \-domain$wrapSync(expr)
 11. | | |   |     \-base::force(expr)
 12. | | |   +-shiny:::with_otel_span_context(...)
 13. | | |   | \-base::force(expr)
 14. | | |   +-shiny::captureStackTraces(...)
 15. | | |   | \-promises::with_promise_domain(...)
 16. | | |   |   \-domain$wrapSync(expr)
 17. | | |   |     \-base::withCallingHandlers(expr, error = doCaptureStack)
 18. | | |   \-env$runWith(self, func)
 19. | | |     \-shiny (local) contextFunc()
 20. | | |       \-shiny::..stacktraceon..(expr)
 21. | | +-shiny::withReactiveDomain(...)
 22. | | | \-promises::with_promise_domain(...)
 23. | | |   \-domain$wrapSync(expr)
 24. | | |     \-base::force(expr)
 25. | | \-withr::with_options(...)
 26. | |   \-base::force(code)
 27. | \-rlang::eval_tidy(quosure, mask, rlang::caller_env())
 28. +-testthat::expect_true(file.exists(output$data_download)) at test-table_with_settings.R:65:9
 29. | \-testthat::quasi_label(enquo(object), label)
 30. |   \-rlang::eval_bare(expr, quo_get_env(quo))
 31. +-base::file.exists(output$data_download)
 32. +-output$data_download
 33. +-shiny:::`$.shinyoutput`(output, data_download)
 34. | \-.subset2(x, "impl")$getOutput(name)
 35. |   \-private$renderFile(self$ns(name), download)
 36. |     \-download$content(file)
 37. |       +-rtables::export_as_txt(...)
 38. |       | \-formatters:::.is_list_of_tables_or_listings(x)
 39. |       |   \-methods::is(a_list, "list")
 40. |       \-shiny (local) table_reactive()
 41. |         \-base::stop(.value)
 42. \-shiny (local) `&lt;fn&gt;`(`&lt;smplErrr&gt;`)</error>
    </testcase>
    <testcase time="0.0789999999999935" classname="table_with_settings" name="type_download_srv_table_downloading_different_output_types_no_name">
      <error type="error" message="Error in `match.arg(round_type)`: 'arg' must be of length 1 ('test-table_with_settings.R:83:9')">Error in `match.arg(round_type)`: 'arg' must be of length 1
Backtrace:
     x
  1. +-shiny::testServer(...) at test-table_with_settings.R:76:3
  2. | +-shiny:::withMockContext(...)
  3. | | +-shiny::isolate(...)
  4. | | | +-shiny::..stacktraceoff..(...)
  5. | | | \-ctx$run(...)
  6. | | |   +-promises::with_promise_domain(...)
  7. | | |   | \-domain$wrapSync(expr)
  8. | | |   +-shiny::withReactiveDomain(...)
  9. | | |   | \-promises::with_promise_domain(...)
 10. | | |   |   \-domain$wrapSync(expr)
 11. | | |   |     \-base::force(expr)
 12. | | |   +-shiny:::with_otel_span_context(...)
 13. | | |   | \-base::force(expr)
 14. | | |   +-shiny::captureStackTraces(...)
 15. | | |   | \-promises::with_promise_domain(...)
 16. | | |   |   \-domain$wrapSync(expr)
 17. | | |   |     \-base::withCallingHandlers(expr, error = doCaptureStack)
 18. | | |   \-env$runWith(self, func)
 19. | | |     \-shiny (local) contextFunc()
 20. | | |       \-shiny::..stacktraceon..(expr)
 21. | | +-shiny::withReactiveDomain(...)
 22. | | | \-promises::with_promise_domain(...)
 23. | | |   \-domain$wrapSync(expr)
 24. | | |     \-base::force(expr)
 25. | | \-withr::with_options(...)
 26. | |   \-base::force(code)
 27. | \-rlang::eval_tidy(quosure, mask, rlang::caller_env())
 28. +-testthat::expect_true(file.exists(output$data_download)) at test-table_with_settings.R:83:9
 29. | \-testthat::quasi_label(enquo(object), label)
 30. |   \-rlang::eval_bare(expr, quo_get_env(quo))
 31. +-base::file.exists(output$data_download)
 32. +-output$data_download
 33. +-shiny:::`$.shinyoutput`(output, data_download)
 34. | \-.subset2(x, "impl")$getOutput(name)
 35. |   \-private$renderFile(self$ns(name), download)
 36. |     \-download$content(file)
 37. |       +-rtables::export_as_txt(...)
 38. |       | \-formatters:::.is_list_of_tables_or_listings(x)
 39. |       |   \-methods::is(a_list, "list")
 40. |       \-shiny (local) table_reactive()
 41. |         \-base::stop(.value)
 42. \-shiny (local) `&lt;fn&gt;`(`&lt;smplErrr&gt;`)</error>
    </testcase>
    <testcase time="0.0840000000000032" classname="table_with_settings" name="type_download_srv_table_downloading_different_output_types_pagination">
      <error type="error" message="Error in `match.arg(round_type)`: 'arg' must be of length 1 ('test-table_with_settings.R:102:9')">Error in `match.arg(round_type)`: 'arg' must be of length 1
Backtrace:
     x
  1. +-shiny::testServer(...) at test-table_with_settings.R:93:3
  2. | +-shiny:::withMockContext(...)
  3. | | +-shiny::isolate(...)
  4. | | | +-shiny::..stacktraceoff..(...)
  5. | | | \-ctx$run(...)
  6. | | |   +-promises::with_promise_domain(...)
  7. | | |   | \-domain$wrapSync(expr)
  8. | | |   +-shiny::withReactiveDomain(...)
  9. | | |   | \-promises::with_promise_domain(...)
 10. | | |   |   \-domain$wrapSync(expr)
 11. | | |   |     \-base::force(expr)
 12. | | |   +-shiny:::with_otel_span_context(...)
 13. | | |   | \-base::force(expr)
 14. | | |   +-shiny::captureStackTraces(...)
 15. | | |   | \-promises::with_promise_domain(...)
 16. | | |   |   \-domain$wrapSync(expr)
 17. | | |   |     \-base::withCallingHandlers(expr, error = doCaptureStack)
 18. | | |   \-env$runWith(self, func)
 19. | | |     \-shiny (local) contextFunc()
 20. | | |       \-shiny::..stacktraceon..(expr)
 21. | | +-shiny::withReactiveDomain(...)
 22. | | | \-promises::with_promise_domain(...)
 23. | | |   \-domain$wrapSync(expr)
 24. | | |     \-base::force(expr)
 25. | | \-withr::with_options(...)
 26. | |   \-base::force(code)
 27. | \-rlang::eval_tidy(quosure, mask, rlang::caller_env())
 28. +-testthat::expect_true(file.exists(output$data_download)) at test-table_with_settings.R:102:9
 29. | \-testthat::quasi_label(enquo(object), label)
 30. |   \-rlang::eval_bare(expr, quo_get_env(quo))
 31. +-base::file.exists(output$data_download)
 32. +-output$data_download
 33. +-shiny:::`$.shinyoutput`(output, data_download)
 34. | \-.subset2(x, "impl")$getOutput(name)
 35. |   \-private$renderFile(self$ns(name), download)
 36. |     \-download$content(file)
 37. |       +-rtables::export_as_txt(...)
 38. |       | \-formatters:::.is_list_of_tables_or_listings(x)
 39. |       |   \-methods::is(a_list, "list")
 40. |       \-shiny (local) table_reactive()
 41. |         \-base::stop(.value)
 42. \-shiny (local) `&lt;fn&gt;`(`&lt;smplErrr&gt;`)</error>
    </testcase>
    <testcase time="0.078000000000003" classname="table_with_settings" name="type_download_srv_table_pagination_lpp_to_small">
      <error type="error" message="Error in `match.arg(round_type)`: 'arg' must be of length 1 ('test-table_with_settings.R:121:9')">Error in `match.arg(round_type)`: 'arg' must be of length 1
Backtrace:
     x
  1. +-shiny::testServer(...) at test-table_with_settings.R:113:3
  2. | +-shiny:::withMockContext(...)
  3. | | +-shiny::isolate(...)
  4. | | | +-shiny::..stacktraceoff..(...)
  5. | | | \-ctx$run(...)
  6. | | |   +-promises::with_promise_domain(...)
  7. | | |   | \-domain$wrapSync(expr)
  8. | | |   +-shiny::withReactiveDomain(...)
  9. | | |   | \-promises::with_promise_domain(...)
 10. | | |   |   \-domain$wrapSync(expr)
 11. | | |   |     \-base::force(expr)
 12. | | |   +-shiny:::with_otel_span_context(...)
 13. | | |   | \-base::force(expr)
 14. | | |   +-shiny::captureStackTraces(...)
 15. | | |   | \-promises::with_promise_domain(...)
 16. | | |   |   \-domain$wrapSync(expr)
 17. | | |   |     \-base::withCallingHandlers(expr, error = doCaptureStack)
 18. | | |   \-env$runWith(self, func)
 19. | | |     \-shiny (local) contextFunc()
 20. | | |       \-shiny::..stacktraceon..(expr)
 21. | | +-shiny::withReactiveDomain(...)
 22. | | | \-promises::with_promise_domain(...)
 23. | | |   \-domain$wrapSync(expr)
 24. | | |     \-base::force(expr)
 25. | | \-withr::with_options(...)
 26. | |   \-base::force(code)
 27. | \-rlang::eval_tidy(quosure, mask, rlang::caller_env())
 28. +-testthat::expect_error(output$data_download, "Lines of repeated context") at test-table_with_settings.R:121:9
 29. | \-testthat:::expect_condition_matching_(...)
 30. |   \-testthat:::quasi_capture(...)
 31. |     +-testthat (local) .capture(...)
 32. |     | \-base::withCallingHandlers(...)
 33. |     \-rlang::eval_bare(quo_get_expr(.quo), quo_get_env(.quo))
 34. +-output$data_download
 35. +-shiny:::`$.shinyoutput`(output, data_download)
 36. | \-.subset2(x, "impl")$getOutput(name)
 37. |   \-private$renderFile(self$ns(name), download)
 38. |     \-download$content(file)
 39. |       +-rtables::export_as_txt(...)
 40. |       | \-formatters:::.is_list_of_tables_or_listings(x)
 41. |       |   \-methods::is(a_list, "list")
 42. |       \-shiny (local) table_reactive()
 43. |         \-base::stop(.value)
 44. \-shiny (local) `&lt;fn&gt;`(`&lt;smplErrr&gt;`)</error>
    </testcase>
    <testcase time="0.0759999999999934" classname="table_with_settings" name="type_download_srv_table_content_of_the_table_csv">
      <error type="error" message="Error in `(function (cond)  .Internal(C_tryCatchHelper(addr, 1L, cond)))(structure(list(message = &quot;'arg' must be of length 1&quot;, call = match.arg(round_type)), class = c(&quot;simpleError&quot;, &quot;error&quot;, &quot;condition&quot;)))`: error in evaluating the argument 'obj' in selecting a method for function 'matrix_form': 'arg' must be of length 1 ('test-table_with_settings.R:135:7')">Error in `(function (cond)  .Internal(C_tryCatchHelper(addr, 1L, cond)))(structure(list(message = "'arg' must be of length 1", call = match.arg(round_type)), class = c("simpleError", "error", "condition")))`: error in evaluating the argument 'obj' in selecting a method for function 'matrix_form': 'arg' must be of length 1
Backtrace:
     x
  1. +-shiny::testServer(...) at test-table_with_settings.R:128:3
  2. | +-shiny:::withMockContext(...)
  3. | | +-shiny::isolate(...)
  4. | | | +-shiny::..stacktraceoff..(...)
  5. | | | \-ctx$run(...)
  6. | | |   +-promises::with_promise_domain(...)
  7. | | |   | \-domain$wrapSync(expr)
  8. | | |   +-shiny::withReactiveDomain(...)
  9. | | |   | \-promises::with_promise_domain(...)
 10. | | |   |   \-domain$wrapSync(expr)
 11. | | |   |     \-base::force(expr)
 12. | | |   +-shiny:::with_otel_span_context(...)
 13. | | |   | \-base::force(expr)
 14. | | |   +-shiny::captureStackTraces(...)
 15. | | |   | \-promises::with_promise_domain(...)
 16. | | |   |   \-domain$wrapSync(expr)
 17. | | |   |     \-base::withCallingHandlers(expr, error = doCaptureStack)
 18. | | |   \-env$runWith(self, func)
 19. | | |     \-shiny (local) contextFunc()
 20. | | |       \-shiny::..stacktraceon..(expr)
 21. | | +-shiny::withReactiveDomain(...)
 22. | | | \-promises::with_promise_domain(...)
 23. | | |   \-domain$wrapSync(expr)
 24. | | |     \-base::force(expr)
 25. | | \-withr::with_options(...)
 26. | |   \-base::force(code)
 27. | \-rlang::eval_tidy(quosure, mask, rlang::caller_env())
 28. +-utils::read.csv(output$data_download) at test-table_with_settings.R:135:7
 29. | \-utils::read.table(...)
 30. +-output$data_download
 31. +-shiny:::`$.shinyoutput`(output, data_download)
 32. | \-.subset2(x, "impl")$getOutput(name)
 33. |   \-private$renderFile(self$ns(name), download)
 34. |     \-download$content(file)
 35. |       +-rtables::matrix_form(table_reactive())
 36. |       \-shiny (local) table_reactive()
 37. |         \-base::stop(.value)
 38. +-base (local) `&lt;fn&gt;`(`&lt;smplErrr&gt;`)
 39. \-base::.handleSimpleError(...)
 40.   \-shiny (local) h(simpleError(msg, call))</error>
    </testcase>
    <testcase time="0.0760000000000076" classname="table_with_settings" name="type_download_srv_table_content_of_the_table_txt">
      <error type="error" message="Error in `match.arg(round_type)`: 'arg' must be of length 1 ('test-table_with_settings.R:158:7')">Error in `match.arg(round_type)`: 'arg' must be of length 1
Backtrace:
     x
  1. +-shiny::testServer(...) at test-table_with_settings.R:151:3
  2. | +-shiny:::withMockContext(...)
  3. | | +-shiny::isolate(...)
  4. | | | +-shiny::..stacktraceoff..(...)
  5. | | | \-ctx$run(...)
  6. | | |   +-promises::with_promise_domain(...)
  7. | | |   | \-domain$wrapSync(expr)
  8. | | |   +-shiny::withReactiveDomain(...)
  9. | | |   | \-promises::with_promise_domain(...)
 10. | | |   |   \-domain$wrapSync(expr)
 11. | | |   |     \-base::force(expr)
 12. | | |   +-shiny:::with_otel_span_context(...)
 13. | | |   | \-base::force(expr)
 14. | | |   +-shiny::captureStackTraces(...)
 15. | | |   | \-promises::with_promise_domain(...)
 16. | | |   |   \-domain$wrapSync(expr)
 17. | | |   |     \-base::withCallingHandlers(expr, error = doCaptureStack)
 18. | | |   \-env$runWith(self, func)
 19. | | |     \-shiny (local) contextFunc()
 20. | | |       \-shiny::..stacktraceon..(expr)
 21. | | +-shiny::withReactiveDomain(...)
 22. | | | \-promises::with_promise_domain(...)
 23. | | |   \-domain$wrapSync(expr)
 24. | | |     \-base::force(expr)
 25. | | \-withr::with_options(...)
 26. | |   \-base::force(code)
 27. | \-rlang::eval_tidy(quosure, mask, rlang::caller_env())
 28. +-utils::read.delim(output$data_download, sep = "") at test-table_with_settings.R:158:7
 29. | \-utils::read.table(...)
 30. +-output$data_download
 31. +-shiny:::`$.shinyoutput`(output, data_download)
 32. | \-.subset2(x, "impl")$getOutput(name)
 33. |   \-private$renderFile(self$ns(name), download)
 34. |     \-download$content(file)
 35. |       +-rtables::export_as_txt(...)
 36. |       | \-formatters:::.is_list_of_tables_or_listings(x)
 37. |       |   \-methods::is(a_list, "list")
 38. |       \-shiny (local) table_reactive()
 39. |         \-base::stop(.value)
 40. \-shiny (local) `&lt;fn&gt;`(`&lt;smplErrr&gt;`)</error>
    </testcase>
  </testsuite>
  <testsuite name="table_with_settings_ui" timestamp="2025-12-09T12:02:45Z" hostname="e9206ca6329c" tests="38" skipped="0" failures="2" errors="3" time="271.58">
    <testcase time="0.0459999999999923" classname="table_with_settings_ui" name="table_with_settings_ui_returns_shiny.tag_"/>
    <testcase time="123.025" classname="table_with_settings_ui" name="e2e_teal.widgets_table_with_settings_is_initialized_with_2_buttons_and_a_table">
      <failure type="failure" message="CSS selector '#table_with_settings-table_out_main &gt; .rtables-container' does not produce any visible elements. ('test-table_with_settings_ui.R:90:5')">CSS selector '#table_with_settings-table_out_main &gt; .rtables-container' does not produce any visible elements.
Backtrace:
    x
 1. \-teal.widgets:::expect_visible(...) at test-table_with_settings_ui.R:90:5
 2.   \-base::tryCatch(...) at ./helpers-shinytest2.R:45:3
 3.     \-base (local) tryCatchList(expr, classes, parentenv, handlers)
 4.       \-base (local) tryCatchOne(expr, names, parentenv, handlers[[1L]])
 5.         \-value[[3L]](cond)</failure>
    </testcase>
    <testcase time="0.0180000000000007" classname="table_with_settings_ui" name="e2e_teal.widgets_table_with_settings_is_initialized_with_2_buttons_and_a_table"/>
    <testcase time="3.05799999999999" classname="table_with_settings_ui" name="e2e_teal.widgets_table_with_settings_the_click_on_the_download_button_opens_a_download_menu_with_file_type_file_name_and_download_button"/>
    <testcase time="0.00399999999999068" classname="table_with_settings_ui" name="e2e_teal.widgets_table_with_settings_the_click_on_the_download_button_opens_a_download_menu_with_file_type_file_name_and_download_button"/>
    <testcase time="0.00399999999999068" classname="table_with_settings_ui" name="e2e_teal.widgets_table_with_settings_the_click_on_the_download_button_opens_a_download_menu_with_file_type_file_name_and_download_button"/>
    <testcase time="0.678000000000026" classname="table_with_settings_ui" name="e2e_teal.widgets_table_with_settings_the_click_on_the_download_button_opens_a_download_menu_with_file_type_file_name_and_download_button"/>
    <testcase time="0.0110000000000241" classname="table_with_settings_ui" name="e2e_teal.widgets_table_with_settings_the_click_on_the_download_button_opens_a_download_menu_with_file_type_file_name_and_download_button"/>
    <testcase time="0.00399999999999068" classname="table_with_settings_ui" name="e2e_teal.widgets_table_with_settings_the_click_on_the_download_button_opens_a_download_menu_with_file_type_file_name_and_download_button"/>
    <testcase time="0.00199999999998113" classname="table_with_settings_ui" name="e2e_teal.widgets_table_with_settings_the_click_on_the_download_button_opens_a_download_menu_with_file_type_file_name_and_download_button"/>
    <testcase time="0.00100000000000477" classname="table_with_settings_ui" name="e2e_teal.widgets_table_with_settings_the_click_on_the_download_button_opens_a_download_menu_with_file_type_file_name_and_download_button"/>
    <testcase time="0.00499999999999545" classname="table_with_settings_ui" name="e2e_teal.widgets_table_with_settings_the_click_on_the_download_button_opens_a_download_menu_with_file_type_file_name_and_download_button"/>
    <testcase time="0.184000000000026" classname="table_with_settings_ui" name="e2e_teal.widgets_table_with_settings_the_click_on_the_download_button_opens_a_download_menu_with_file_type_file_name_and_download_button"/>
    <testcase time="0.00399999999999068" classname="table_with_settings_ui" name="e2e_teal.widgets_table_with_settings_the_click_on_the_download_button_opens_a_download_menu_with_file_type_file_name_and_download_button"/>
    <testcase time="0.007000000000005" classname="table_with_settings_ui" name="e2e_teal.widgets_table_with_settings_the_click_on_the_download_button_opens_a_download_menu_with_file_type_file_name_and_download_button"/>
    <testcase time="0.00399999999999068" classname="table_with_settings_ui" name="e2e_teal.widgets_table_with_settings_the_click_on_the_download_button_opens_a_download_menu_with_file_type_file_name_and_download_button"/>
    <testcase time="3.72300000000001" classname="table_with_settings_ui" name="e2e_teal.widgets_table_with_settings_check_pagination_appearance_for_.txt_and_disappearance_for_.csv_for_the_first_button"/>
    <testcase time="0.00199999999998113" classname="table_with_settings_ui" name="e2e_teal.widgets_table_with_settings_check_pagination_appearance_for_.txt_and_disappearance_for_.csv_for_the_first_button"/>
    <testcase time="0.592000000000013" classname="table_with_settings_ui" name="e2e_teal.widgets_table_with_settings_check_pagination_appearance_for_.txt_and_disappearance_for_.csv_for_the_first_button"/>
    <testcase time="123.077" classname="table_with_settings_ui" name="e2e_teal.widgets_table_with_settings_the_click_on_expand_button_opens_a_modal_with_a_table">
      <failure type="failure" message="Element '#table_with_settings-table_out_main' is visible. ('test-table_with_settings_ui.R:206:5')">Element '#table_with_settings-table_out_main' is visible.
Backtrace:
    x
 1. \-teal.widgets:::expect_hidden(...) at test-table_with_settings_ui.R:206:5
 2.   \-base::tryCatch(...) at ./helpers-shinytest2.R:66:3
 3.     \-base (local) tryCatchList(expr, classes, parentenv, handlers)
 4.       \-base (local) tryCatchOne(expr, names, parentenv, handlers[[1L]])
 5.         \-value[[3L]](cond)</failure>
    </testcase>
    <testcase time="0.0170000000000528" classname="table_with_settings_ui" name="e2e_teal.widgets_table_with_settings_the_click_on_expand_button_opens_a_modal_with_a_table"/>
    <testcase time="0.516999999999996" classname="table_with_settings_ui" name="e2e_teal.widgets_table_with_settings_the_click_on_expand_button_opens_a_modal_with_a_table"/>
    <testcase time="0.00999999999999091" classname="table_with_settings_ui" name="e2e_teal.widgets_table_with_settings_the_click_on_expand_button_opens_a_modal_with_a_table">
      <error type="error" message="Error in `testthat::expect_match(content, &quot;B: Placebo&quot;, fixed = TRUE, all = FALSE)`: `object` must be a character vector, not `NULL`. ('test-table_with_settings_ui.R:214:5')">Error in `testthat::expect_match(content, "B: Placebo", fixed = TRUE, all = FALSE)`: `object` must be a character vector, not `NULL`.
Backtrace:
    x
 1. \-teal.widgets (local) check_table(table_content) at test-table_with_settings_ui.R:214:5
 2.   \-testthat::expect_match(object = content) at test-table_with_settings_ui.R:65:3
 3.     \-testthat:::check_character(object)
 4.       \-testthat:::stop_input_type(...)
 5.         \-rlang::abort(message, ..., call = call, arg = arg)</error>
    </testcase>
    <testcase time="4.21100000000001" classname="table_with_settings_ui" name="e2e_teal.widgets_table_with_settings_clicking_download_in_an_expand_modal_opens_dropdown_menu_with_dwnl_settings_such_as_file_type_file_name_pagination"/>
    <testcase time="0.0120000000000005" classname="table_with_settings_ui" name="e2e_teal.widgets_table_with_settings_clicking_download_in_an_expand_modal_opens_dropdown_menu_with_dwnl_settings_such_as_file_type_file_name_pagination"/>
    <testcase time="0.00399999999996226" classname="table_with_settings_ui" name="e2e_teal.widgets_table_with_settings_clicking_download_in_an_expand_modal_opens_dropdown_menu_with_dwnl_settings_such_as_file_type_file_name_pagination"/>
    <testcase time="0.0010000000000332" classname="table_with_settings_ui" name="e2e_teal.widgets_table_with_settings_clicking_download_in_an_expand_modal_opens_dropdown_menu_with_dwnl_settings_such_as_file_type_file_name_pagination"/>
    <testcase time="0.000999999999976353" classname="table_with_settings_ui" name="e2e_teal.widgets_table_with_settings_clicking_download_in_an_expand_modal_opens_dropdown_menu_with_dwnl_settings_such_as_file_type_file_name_pagination"/>
    <testcase time="0.00600000000002865" classname="table_with_settings_ui" name="e2e_teal.widgets_table_with_settings_clicking_download_in_an_expand_modal_opens_dropdown_menu_with_dwnl_settings_such_as_file_type_file_name_pagination"/>
    <testcase time="0.192999999999984" classname="table_with_settings_ui" name="e2e_teal.widgets_table_with_settings_clicking_download_in_an_expand_modal_opens_dropdown_menu_with_dwnl_settings_such_as_file_type_file_name_pagination"/>
    <testcase time="0.00399999999996226" classname="table_with_settings_ui" name="e2e_teal.widgets_table_with_settings_clicking_download_in_an_expand_modal_opens_dropdown_menu_with_dwnl_settings_such_as_file_type_file_name_pagination"/>
    <testcase time="0.007000000000005" classname="table_with_settings_ui" name="e2e_teal.widgets_table_with_settings_clicking_download_in_an_expand_modal_opens_dropdown_menu_with_dwnl_settings_such_as_file_type_file_name_pagination"/>
    <testcase time="0.0040000000000191" classname="table_with_settings_ui" name="e2e_teal.widgets_table_with_settings_clicking_download_in_an_expand_modal_opens_dropdown_menu_with_dwnl_settings_such_as_file_type_file_name_pagination"/>
    <testcase time="4.21899999999999" classname="table_with_settings_ui" name="e2e_teal.widgets_table_with_settings_check_pagination_appearance_for_.txt_and_disappearance_for_.csv_for_the_modal_on_the_second_button"/>
    <testcase time="0.00200000000000955" classname="table_with_settings_ui" name="e2e_teal.widgets_table_with_settings_check_pagination_appearance_for_.txt_and_disappearance_for_.csv_for_the_modal_on_the_second_button"/>
    <testcase time="3.68900000000002" classname="table_with_settings_ui" name="e2e_teal.widgets_table_with_settings_clicking_download_download_button_downloads_table_in_a_specified_format"/>
    <testcase time="0.0289999999999964" classname="table_with_settings_ui" name="e2e_teal.widgets_table_with_settings_clicking_download_download_button_downloads_table_in_a_specified_format">
      <error type="error" message="Error in `app_httr_get(self, private, full_url)`: Unable request data from server ('test-table_with_settings_ui.R:342:5')">Error in `app_httr_get(self, private, full_url)`: Unable request data from server
Backtrace:
    x
 1. \-app_driver$get_download("table_with_settings-downbutton-data_download") at test-table_with_settings_ui.R:342:5
 2.   \-shinytest2:::app_get_download(...)
 3.     \-shinytest2:::app_download(...)
 4.       \-shinytest2:::app_httr_get(self, private, full_url)
 5.         \-shinytest2:::app_abort(self, private, "Unable request data from server")
 6.           \-rlang::abort(..., app = self, call = call)</error>
    </testcase>
    <testcase time="4.20499999999998" classname="table_with_settings_ui" name="e2e_teal.widgets_table_with_settings_expanded_table_can_be_downloaded">
      <error type="error" message="Error in `app_httr_get(self, private, full_url)`: Unable request data from server ('test-table_with_settings_ui.R:368:3')">Error in `app_httr_get(self, private, full_url)`: Unable request data from server
Backtrace:
    x
 1. \-app_driver$get_download("table_with_settings-downbutton-data_download") at test-table_with_settings_ui.R:368:3
 2.   \-shinytest2:::app_get_download(...)
 3.     \-shinytest2:::app_download(...)
 4.       \-shinytest2:::app_httr_get(self, private, full_url)
 5.         \-shinytest2:::app_abort(self, private, "Unable request data from server")
 6.           \-rlang::abort(..., app = self, call = call)</error>
    </testcase>
  </testsuite>
  <testsuite name="utils" timestamp="2025-12-09T12:07:17Z" hostname="e9206ca6329c" tests="4" skipped="0" failures="0" errors="0" time="0.073">
    <testcase time="0.0539999999999736" classname="utils" name="apply_plot_modifications_Modify_ggplot_object_with_dblclicking_enabled"/>
    <testcase time="0.00600000000002865" classname="utils" name="apply_plot_modifications_Modify_ggplot_object_with_dblclicking_disabled"/>
    <testcase time="0.007000000000005" classname="utils" name="apply_plot_modifications_Modify_grob_object"/>
    <testcase time="0.00599999999997181" classname="utils" name="apply_plot_modifications_Do_not_modify_plot_object"/>
  </testsuite>
  <testsuite name="verbatim_popup" timestamp="2025-12-09T12:07:17Z" hostname="e9206ca6329c" tests="40" skipped="0" failures="0" errors="0" time="0.526">
    <testcase time="0.0110000000000241" classname="verbatim_popup" name="format_content_returns_a_shiny_reactive_when_passed_a_string"/>
    <testcase time="0.007000000000005" classname="verbatim_popup" name="format_content_returns_a_shiny_reactive_when_passed_an_expression"/>
    <testcase time="0.007000000000005" classname="verbatim_popup" name="format_content_returns_a_shiny_reactive_when_passed_a_reactive"/>
    <testcase time="0.00599999999997181" classname="verbatim_popup" name="format_content_returns_a_reactive_when_passed_a_condition"/>
    <testcase time="0.007000000000005" classname="verbatim_popup" name="format_content_returns_a_reactive_when_passed_a_reactive_holding_a_condition"/>
    <testcase time="0.00600000000002865" classname="verbatim_popup" name="format_content_concatenates_the_passed_array_of_strings"/>
    <testcase time="0.00499999999999545" classname="verbatim_popup" name="format_content_concatenates_the_passed_array_of_expressions"/>
    <testcase time="0.007000000000005" classname="verbatim_popup" name="format_content_concatenates_the_passed_array_of_string_inside_a_reactive"/>
    <testcase time="0.169999999999959" classname="verbatim_popup" name="format_content_returns_a_reactive_storing_a_styled_string_when_passed_an_expression_character_or_reactive_when_style_TRUE"/>
    <testcase time="0.0380000000000109" classname="verbatim_popup" name="format_content_returns_a_reactive_storing_a_styled_string_when_passed_an_expression_character_or_reactive_when_style_TRUE"/>
    <testcase time="0.00900000000001455" classname="verbatim_popup" name="format_content_returns_a_reactive_storing_a_styled_string_when_passed_an_expression_character_or_reactive_when_style_TRUE"/>
    <testcase time="0.00900000000001455" classname="verbatim_popup" name="button_click_observer_returns_an_observer"/>
    <testcase time="0.00899999999995771" classname="verbatim_popup" name="verbatim_popup_ui_returns_a_tag_list"/>
    <testcase time="0.0100000000000477" classname="verbatim_popup" name="verbatim_popup_ui_with_type_not_equal_to_button_or_link_throws_error"/>
    <testcase time="0.00999999999999091" classname="verbatim_popup" name="verbatim_popup_ui_with_type_button_produces_a_button"/>
    <testcase time="0.0109999999999673" classname="verbatim_popup" name="verbatim_popup_ui_with_type_link_produces_a_button_with_a_class_link"/>
    <testcase time="0.0080000000000382" classname="verbatim_popup" name="verbatim_popup_srv_with_id_not_a_string_produces_error"/>
    <testcase time="0.00799999999998136" classname="verbatim_popup" name="verbatim_popup_srv_with_verbatim_content_invalid_type_produces_error"/>
    <testcase time="0.00799999999998136" classname="verbatim_popup" name="verbatim_popup_srv_with_disabled_invalid_type_produces_error"/>
    <testcase time="0.00900000000001455" classname="verbatim_popup" name="verbatim_popup_srv_with_title_not_a_string_produces_error"/>
    <testcase time="0.00799999999998136" classname="verbatim_popup" name="verbatim_popup_srv_with_style_not_a_flag_produces_error"/>
    <testcase time="0.0080000000000382" classname="verbatim_popup" name="verbatim_popup_ui_with_id_not_a_string_produces_error"/>
    <testcase time="0.00799999999998136" classname="verbatim_popup" name="verbatim_popup_ui_with_button_label_not_a_string_produces_error"/>
    <testcase time="0.00900000000001455" classname="verbatim_popup" name="format_content_handles_reactive_throwing_error"/>
    <testcase time="0.0149999999999864" classname="verbatim_popup" name="format_content_validates_content_type"/>
    <testcase time="0.00799999999998136" classname="verbatim_popup" name="format_content_handles_error_from_reactive_correctly"/>
    <testcase time="0.00300000000004275" classname="verbatim_popup" name="format_content_handles_error_from_reactive_correctly"/>
    <testcase time="0.0329999999999586" classname="verbatim_popup" name="format_content_styles_code_when_style_TRUE"/>
    <testcase time="0.0040000000000191" classname="verbatim_popup" name="format_content_styles_code_when_style_TRUE"/>
    <testcase time="0.00900000000001455" classname="verbatim_popup" name="button_click_observer_accepts_modal_content_as_reactive"/>
    <testcase time="0.00599999999997181" classname="verbatim_popup" name="verbatim_popup_ui_passes_additional_arguments_to_actionButton"/>
    <testcase time="0.00499999999999545" classname="verbatim_popup" name="verbatim_popup_ui_passes_additional_arguments_to_actionButton"/>
    <testcase time="0.0160000000000196" classname="verbatim_popup" name="verbatim_popup_srv_works_with_reactive_verbatim_content"/>
    <testcase time="0.0029999999999859" classname="verbatim_popup" name="verbatim_popup_srv_works_with_reactive_verbatim_content"/>
    <testcase time="0.01400000000001" classname="verbatim_popup" name="verbatim_popup_srv_works_with_style_TRUE"/>
    <testcase time="0.00200000000000955" classname="verbatim_popup" name="verbatim_popup_srv_works_with_style_TRUE"/>
    <testcase time="0.007000000000005" classname="verbatim_popup" name="format_content_with_non_reactive_expression"/>
    <testcase time="0.0029999999999859" classname="verbatim_popup" name="format_content_with_non_reactive_expression"/>
    <testcase time="0.007000000000005" classname="verbatim_popup" name="format_content_with_character_vector"/>
    <testcase time="0.0029999999999859" classname="verbatim_popup" name="format_content_with_character_vector"/>
  </testsuite>
  <testsuite name="verbatim_popup_ui" timestamp="2025-12-09T12:07:17Z" hostname="e9206ca6329c" tests="11" skipped="0" failures="0" errors="0" time="6.852">
    <testcase time="0.0120000000000005" classname="verbatim_popup_ui" name="verbatim_popup_ui_returns_shiny.tag.list_"/>
    <testcase time="2.14100000000002" classname="verbatim_popup_ui" name="e2e_teal.widgets_verbatim_popup_is_initialized_with_a_button_that_opens_a_modal_with_a_verbatim_text"/>
    <testcase time="0.574000000000012" classname="verbatim_popup_ui" name="e2e_teal.widgets_verbatim_popup_is_initialized_with_a_button_that_opens_a_modal_with_a_verbatim_text"/>
    <testcase time="0.00499999999999545" classname="verbatim_popup_ui" name="e2e_teal.widgets_verbatim_popup_is_initialized_with_a_button_that_opens_a_modal_with_a_verbatim_text"/>
    <testcase time="0.00499999999999545" classname="verbatim_popup_ui" name="e2e_teal.widgets_verbatim_popup_is_initialized_with_a_button_that_opens_a_modal_with_a_verbatim_text"/>
    <testcase time="0.00599999999997181" classname="verbatim_popup_ui" name="e2e_teal.widgets_verbatim_popup_is_initialized_with_a_button_that_opens_a_modal_with_a_verbatim_text"/>
    <testcase time="0.550000000000011" classname="verbatim_popup_ui" name="e2e_teal.widgets_verbatim_popup_is_initialized_with_a_button_that_opens_a_modal_with_a_verbatim_text"/>
    <testcase time="2.37299999999999" classname="verbatim_popup_ui" name="e2e_verbatim_popup_button_can_be_disabled_and_enabled"/>
    <testcase time="0.562999999999988" classname="verbatim_popup_ui" name="e2e_verbatim_popup_button_can_be_disabled_and_enabled"/>
    <testcase time="0.533000000000015" classname="verbatim_popup_ui" name="e2e_verbatim_popup_button_can_be_disabled_and_enabled"/>
    <testcase time="0.0900000000000318" classname="verbatim_popup_ui" name="snapshot_test_for_verbatim_popup_ui"/>
  </testsuite>
  <testsuite name="white_small_well" timestamp="2025-12-09T12:07:24Z" hostname="e9206ca6329c" tests="2" skipped="0" failures="0" errors="0" time="0.02">
    <testcase time="0.00899999999995771" classname="white_small_well" name="Check_that_the_class_for_white_small_well_is_correct"/>
    <testcase time="0.0110000000000241" classname="white_small_well" name="Snapshot_test_for_white_small_well"/>
  </testsuite>
</testsuites>
