<?xml version="1.0" encoding="UTF-8"?>
<testsuites>
  <testsuite name="draggable_buckets" timestamp="2025-09-30T17:04:11Z" hostname="03bf43357425" tests="5" skipped="0" failures="0" errors="0" time="8.819">
    <testcase time="3.403" classname="draggable_buckets" name="e2e_teal.widgets_draggable_buckets_initializes_without_input"/>
    <testcase time="0.036" classname="draggable_buckets" name="e2e_teal.widgets_draggable_buckets_initializes_without_input"/>
    <testcase time="2.422" classname="draggable_buckets" name="e2e_teal.widgets_draggable_buckets_initializes_with_default_inputs"/>
    <testcase time="2.82" classname="draggable_buckets" name="e2e_teal.widgets_draggable_buckets_moving_elements_between_buckets_updates_input"/>
    <testcase time="0.138" classname="draggable_buckets" name="e2e_teal.widgets_draggable_buckets_moving_elements_between_buckets_updates_input"/>
  </testsuite>
  <testsuite name="get_dt_rows_ui" timestamp="2025-09-30T17:04:20Z" hostname="03bf43357425" tests="5" skipped="0" failures="0" errors="0" time="2.975">
    <testcase time="2.091" classname="get_dt_rows_ui" name="e2e_teal.widgets_get_dt_rows_rows_are_settable_and_visible"/>
    <testcase time="0.077" classname="get_dt_rows_ui" name="e2e_teal.widgets_get_dt_rows_rows_are_settable_and_visible"/>
    <testcase time="0.110999999999999" classname="get_dt_rows_ui" name="e2e_teal.widgets_get_dt_rows_rows_are_settable_and_visible"/>
    <testcase time="0.646000000000001" classname="get_dt_rows_ui" name="e2e_teal.widgets_get_dt_rows_rows_are_settable_and_visible"/>
    <testcase time="0.0500000000000007" classname="get_dt_rows_ui" name="e2e_teal.widgets_get_dt_rows_rows_are_settable_and_visible"/>
  </testsuite>
  <testsuite name="ggplot2_args" timestamp="2025-09-30T17:04:23Z" hostname="03bf43357425" tests="37" skipped="0" failures="0" errors="0" time="0.567">
    <testcase time="0.395" classname="ggplot2_args" name="ggplot2_args_no_error_with_empty_inputs"/>
    <testcase time="0.00199999999999889" classname="ggplot2_args" name="ggplot2_args_no_error_with_empty_inputs"/>
    <testcase time="0.00100000000000122" classname="ggplot2_args" name="ggplot2_args_no_error_with_empty_inputs"/>
    <testcase time="0.00199999999999889" classname="ggplot2_args" name="ggplot2_args_no_error_with_empty_inputs"/>
    <testcase time="0.00100000000000122" classname="ggplot2_args" name="ggplot2_args_no_error_with_empty_inputs"/>
    <testcase time="0.00199999999999889" classname="ggplot2_args" name="ggplot2_args_no_error_with_empty_inputs"/>
    <testcase time="0.00500000000000078" classname="ggplot2_args" name="ggplot2_args_function_returns_object_of_ggplot2_args_and_list_classes"/>
    <testcase time="0.00300000000000011" classname="ggplot2_args" name="ggplot2_args_accepts_named_lists_for_arguments_labs_and_theme"/>
    <testcase time="0.00799999999999912" classname="ggplot2_args" name="ggplot2_args_throws_error_when_argument_name_is_not_valid."/>
    <testcase time="0.00500000000000078" classname="ggplot2_args" name="ggplot2_args_throws_error_when_argument_name_is_not_valid."/>
    <testcase time="0.00399999999999956" classname="ggplot2_args" name="resolve_ggplot2_args_accepts_empty_inputs"/>
    <testcase time="0.00500000000000078" classname="ggplot2_args" name="resolve_ggplot2_args_support_NULL_inputs"/>
    <testcase time="0.00699999999999967" classname="ggplot2_args" name="resolve_ggplot2_args_throws_error_with_empty_list"/>
    <testcase time="0.00600000000000023" classname="ggplot2_args" name="resolve_ggplot2_args_function_returns_object_of_ggplot2_args_and_list_classes"/>
    <testcase time="0.00399999999999956" classname="ggplot2_args" name="parse_ggplot2_args_accepts_empty_inputs"/>
    <testcase time="0.00500000000000078" classname="ggplot2_args" name="parse_ggplot2_args_accepts_empty_inputs"/>
    <testcase time="0.00699999999999967" classname="ggplot2_args" name="parse_ggplot2_args_throws_error_with_empty_list"/>
    <testcase time="0.00399999999999956" classname="ggplot2_args" name="parse_ggplot2_args_accepts_an_empty_ggplot2_args_as_minimum_requirement."/>
    <testcase time="0.00399999999999956" classname="ggplot2_args" name="resolve_ggplot2_args_uses_input_from_only_end_user_provided_ggplot2_args_source"/>
    <testcase time="0.00200000000000067" classname="ggplot2_args" name="resolve_ggplot2_args_uses_input_from_only_end_user_provided_ggplot2_args_source"/>
    <testcase time="0.00200000000000067" classname="ggplot2_args" name="resolve_ggplot2_args_uses_input_from_only_end_user_provided_ggplot2_args_source"/>
    <testcase time="0.00299999999999834" classname="ggplot2_args" name="parse_ggplot2_args_when_resolve_ggplot2_args_uses_input_from_only_end_user_provided_ggplot2_args_source"/>
    <testcase time="0.00200000000000067" classname="ggplot2_args" name="parse_ggplot2_args_when_resolve_ggplot2_args_uses_input_from_only_end_user_provided_ggplot2_args_source"/>
    <testcase time="0.00399999999999956" classname="ggplot2_args" name="resolve_ggplot2_args_prioritizes_user_plot_input_over_user_default_input."/>
    <testcase time="0.00400000000000134" classname="ggplot2_args" name="parse_ggplot2_args_when_resolve_ggplot2_args_prioritizes_user_plot_input_over_user_default_input."/>
    <testcase time="0.00399999999999956" classname="ggplot2_args" name="resolve_ggplot2_args_refers_to_global_teal.ggplot2_args_options_with_empty_input"/>
    <testcase time="0.00399999999999956" classname="ggplot2_args" name="parse_ggplot2_args_when_resolve_ggplot2_args_refers_to_global_teal.ggplot2_args_options_with_empty_input"/>
    <testcase time="0.0359999999999996" classname="ggplot2_args" name="parse_ggplot2_args_deparse_needed_to_expand_ggplot2_objects_like_element_blank"/>
    <testcase time="0.00300000000000011" classname="ggplot2_args" name="parse_ggplot2_args_deparse_needed_to_expand_ggplot2_objects_like_element_blank"/>
    <testcase time="0.00300000000000011" classname="ggplot2_args" name="parse_ggplot2_args_deparse_needed_to_expand_ggplot2_objects_like_element_blank"/>
    <testcase time="0.00600000000000023" classname="ggplot2_args" name="resolve_ggplot2_args_priorotizes_input_in_the_order_user_plot_user_default_teal.ggplot2_args_and_module_plot"/>
    <testcase time="0.00200000000000067" classname="ggplot2_args" name="resolve_ggplot2_args_priorotizes_input_in_the_order_user_plot_user_default_teal.ggplot2_args_and_module_plot"/>
    <testcase time="0.00499999999999901" classname="ggplot2_args" name="parse_ggplot2_args_when_resolve_ggplot2_args_priorotizes_input_in_the_order_user_plot_user_default_teal.ggplot2_args_and_module_plot"/>
    <testcase time="0.00100000000000122" classname="ggplot2_args" name="parse_ggplot2_args_when_resolve_ggplot2_args_priorotizes_input_in_the_order_user_plot_user_default_teal.ggplot2_args_and_module_plot"/>
    <testcase time="0.00999999999999979" classname="ggplot2_args" name="parse_ggplot2_args_when_resolve_ggplot2_args_priorotizes_input_in_the_order_user_plot_user_default_teal.ggplot2_args_and_module_plot"/>
    <testcase time="0.00300000000000011" classname="ggplot2_args" name="parse_ggplot2_args_when_resolve_ggplot2_args_priorotizes_input_in_the_order_user_plot_user_default_teal.ggplot2_args_and_module_plot"/>
    <testcase time="0.00300000000000011" classname="ggplot2_args" name="parse_ggplot2_args_when_resolve_ggplot2_args_priorotizes_input_in_the_order_user_plot_user_default_teal.ggplot2_args_and_module_plot"/>
  </testsuite>
  <testsuite name="optionalInput" timestamp="2025-09-30T17:04:23Z" hostname="03bf43357425" tests="7" skipped="0" failures="0" errors="0" time="0.074">
    <testcase time="0.0459999999999994" classname="optionalInput" name="optionalSliderInput_single_value"/>
    <testcase time="0.00600000000000023" classname="optionalInput" name="optionalSliderInput_single_value_out_of_range"/>
    <testcase time="0.00399999999999956" classname="optionalInput" name="optionalSliderInput_double_value"/>
    <testcase time="0.0080000000000009" classname="optionalInput" name="optionalSliderInput_double_value_out_of_range"/>
    <testcase time="0.00600000000000023" classname="optionalInput" name="optionalSliderInput_min_max_NA"/>
    <testcase time="0.00199999999999889" classname="optionalInput" name="optionalSliderInput_min_max_NA"/>
    <testcase time="0.00200000000000067" classname="optionalInput" name="optionalSliderInput_min_max_NA"/>
  </testsuite>
  <testsuite name="optionalSelectInput_ui" timestamp="2025-09-30T17:04:23Z" hostname="03bf43357425" tests="15" skipped="0" failures="0" errors="0" time="3.083">
    <testcase time="2.773" classname="optionalSelectInput_ui" name="e2e_teal.widgets_optionalSelectInput_initializes"/>
    <testcase time="0.00200000000000067" classname="optionalSelectInput_ui" name="e2e_teal.widgets_optionalSelectInput_initializes"/>
    <testcase time="0.00600000000000023" classname="optionalSelectInput_ui" name="e2e_teal.widgets_optionalSelectInput_initializes"/>
    <testcase time="0.000999999999999446" classname="optionalSelectInput_ui" name="e2e_teal.widgets_optionalSelectInput_initializes"/>
    <testcase time="0.00600000000000023" classname="optionalSelectInput_ui" name="e2e_teal.widgets_optionalSelectInput_initializes"/>
    <testcase time="0.00199999999999889" classname="optionalSelectInput_ui" name="e2e_teal.widgets_optionalSelectInput_initializes"/>
    <testcase time="0.00600000000000023" classname="optionalSelectInput_ui" name="e2e_teal.widgets_optionalSelectInput_initializes"/>
    <testcase time="0.00100000000000122" classname="optionalSelectInput_ui" name="e2e_teal.widgets_optionalSelectInput_initializes"/>
    <testcase time="0.00599999999999845" classname="optionalSelectInput_ui" name="e2e_teal.widgets_optionalSelectInput_initializes"/>
    <testcase time="0.00200000000000067" classname="optionalSelectInput_ui" name="e2e_teal.widgets_optionalSelectInput_initializes"/>
    <testcase time="0.00600000000000023" classname="optionalSelectInput_ui" name="e2e_teal.widgets_optionalSelectInput_initializes"/>
    <testcase time="0.000999999999999446" classname="optionalSelectInput_ui" name="e2e_teal.widgets_optionalSelectInput_initializes"/>
    <testcase time="0.188000000000001" classname="optionalSelectInput_ui" name="e2e_teal.widgets_optionalSelectInput_initializes"/>
    <testcase time="0.0729999999999986" classname="optionalSelectInput_ui" name="e2e_teal.widgets_optionalSelectInput_initializes"/>
    <testcase time="0.0100000000000016" classname="optionalSelectInput_ui" name="e2e_teal.widgets_optionalSelectInput_initializes"/>
  </testsuite>
  <testsuite name="optionalSliderInputValMinMax_ui" timestamp="2025-09-30T17:04:26Z" hostname="03bf43357425" tests="2" skipped="0" failures="0" errors="0" time="2.446">
    <testcase time="2.439" classname="optionalSliderInputValMinMax_ui" name="e2e_teal.widgets_optionalSliderInputValMinMax_initializes"/>
    <testcase time="0.00700000000000145" classname="optionalSliderInputValMinMax_ui" name="e2e_teal.widgets_optionalSliderInputValMinMax_initializes"/>
  </testsuite>
  <testsuite name="plot_with_settings" timestamp="2025-09-30T17:04:29Z" hostname="03bf43357425" tests="64" skipped="0" failures="0" errors="0" time="3.009">
    <testcase time="0.0749999999999993" classname="plot_with_settings" name="if_teal.plot_dpi_is_not_set_then_get_plot_dpi_returns_72_"/>
    <testcase time="0.00399999999999778" classname="plot_with_settings" name="if_teal.plot_dpi_is_an_integer_value_at_least_24_then_get_plot_dpi_returns_its_value"/>
    <testcase time="0.00200000000000244" classname="plot_with_settings" name="if_teal.plot_dpi_is_an_integer_value_at_least_24_then_get_plot_dpi_returns_its_value"/>
    <testcase time="0.000999999999997669" classname="plot_with_settings" name="if_teal.plot_dpi_is_an_integer_value_at_least_24_then_get_plot_dpi_returns_its_value"/>
    <testcase time="0.00100000000000122" classname="plot_with_settings" name="if_teal.plot_dpi_is_an_integer_value_at_least_24_then_get_plot_dpi_returns_its_value"/>
    <testcase time="0.00499999999999901" classname="plot_with_settings" name="if_teal.plot_dpi_is_an_integer_value_less_24_then_get_plot_dpi_returns_72"/>
    <testcase time="0.00100000000000122" classname="plot_with_settings" name="if_teal.plot_dpi_is_an_integer_value_less_24_then_get_plot_dpi_returns_72"/>
    <testcase time="0.00199999999999889" classname="plot_with_settings" name="if_teal.plot_dpi_is_an_integer_value_less_24_then_get_plot_dpi_returns_72"/>
    <testcase time="0.00100000000000122" classname="plot_with_settings" name="if_teal.plot_dpi_is_an_integer_value_less_24_then_get_plot_dpi_returns_72"/>
    <testcase time="0.00499999999999901" classname="plot_with_settings" name="if_teal.plot_dpi_is_not_an_integer_value_then_get_plot_dpi_returns_72"/>
    <testcase time="0.00199999999999889" classname="plot_with_settings" name="if_teal.plot_dpi_is_not_an_integer_value_then_get_plot_dpi_returns_72"/>
    <testcase time="0.00100000000000122" classname="plot_with_settings" name="if_teal.plot_dpi_is_not_an_integer_value_then_get_plot_dpi_returns_72"/>
    <testcase time="0.00199999999999889" classname="plot_with_settings" name="if_teal.plot_dpi_is_not_an_integer_value_then_get_plot_dpi_returns_72"/>
    <testcase time="0.259" classname="plot_with_settings" name="print_plot_is_able_to_plot_different_types_of_graphics"/>
    <testcase time="0.0440000000000005" classname="plot_with_settings" name="print_plot_is_able_to_plot_different_types_of_graphics"/>
    <testcase time="0.102" classname="plot_with_settings" name="print_plot_is_able_to_plot_different_types_of_graphics"/>
    <testcase time="0.00499999999999901" classname="plot_with_settings" name="print_plot_is_able_to_plot_different_types_of_graphics"/>
    <testcase time="0.00600000000000023" classname="plot_with_settings" name="print_plot_is_able_to_plot_different_types_of_graphics"/>
    <testcase time="0.00400000000000134" classname="plot_with_settings" name="print_plot_is_able_to_plot_different_types_of_graphics"/>
    <testcase time="0.00700000000000145" classname="plot_with_settings" name="clean_brushedPoints_returns_error_with_wrong_input"/>
    <testcase time="0.00499999999999901" classname="plot_with_settings" name="clean_brushedPoints_returns_error_with_wrong_input"/>
    <testcase time="0.00499999999999901" classname="plot_with_settings" name="clean_brushedPoints_returns_error_with_wrong_input"/>
    <testcase time="0.00499999999999901" classname="plot_with_settings" name="clean_brushedPoints_returns_a_data_frame_with_minimal_correct_input"/>
    <testcase time="0.00400000000000134" classname="plot_with_settings" name="clean_brushedPoints_removal_of_NA_points"/>
    <testcase time="0.00199999999999889" classname="plot_with_settings" name="clean_brushedPoints_removal_of_NA_points"/>
    <testcase time="0.00200000000000244" classname="plot_with_settings" name="clean_brushedPoints_removal_of_NA_points"/>
    <testcase time="0.132999999999999" classname="plot_with_settings" name="type_download_srv_download_all_types_of_files_with_default_name"/>
    <testcase time="0.0069999999999979" classname="plot_with_settings" name="type_download_srv_download_all_types_of_files_with_default_name"/>
    <testcase time="0.0100000000000016" classname="plot_with_settings" name="type_download_srv_download_all_types_of_files_with_default_name"/>
    <testcase time="0.00499999999999901" classname="plot_with_settings" name="type_download_srv_download_all_types_of_files_with_default_name"/>
    <testcase time="0.0110000000000028" classname="plot_with_settings" name="type_download_srv_download_all_types_of_files_with_default_name"/>
    <testcase time="0.00499999999999901" classname="plot_with_settings" name="type_download_srv_download_all_types_of_files_with_default_name"/>
    <testcase time="0.036999999999999" classname="plot_with_settings" name="type_download_srv_download_all_types_of_files_and_change_the_name"/>
    <testcase time="0.00600000000000023" classname="plot_with_settings" name="type_download_srv_download_all_types_of_files_and_change_the_name"/>
    <testcase time="0.00900000000000034" classname="plot_with_settings" name="type_download_srv_download_all_types_of_files_and_change_the_name"/>
    <testcase time="0.00400000000000134" classname="plot_with_settings" name="type_download_srv_download_all_types_of_files_and_change_the_name"/>
    <testcase time="0.00899999999999679" classname="plot_with_settings" name="type_download_srv_download_all_types_of_files_and_change_the_name"/>
    <testcase time="0.00500000000000256" classname="plot_with_settings" name="type_download_srv_download_all_types_of_files_and_change_the_name"/>
    <testcase time="0.0289999999999999" classname="plot_with_settings" name="type_download_srv_downloads_a_png_file_with_different_dimensions"/>
    <testcase time="0.0309999999999988" classname="plot_with_settings" name="type_download_srv_downloads_a_png_file_using_default_dimensions_input_dimensions_are_NULL"/>
    <testcase time="0.0180000000000007" classname="plot_with_settings" name="plot_with_settings_srv_assert_error"/>
    <testcase time="0.0139999999999993" classname="plot_with_settings" name="plot_with_settings_srv_assert_error"/>
    <testcase time="0.0130000000000017" classname="plot_with_settings" name="plot_with_settings_srv_assert_error"/>
    <testcase time="0.0139999999999993" classname="plot_with_settings" name="plot_with_settings_srv_assert_error"/>
    <testcase time="0.0129999999999981" classname="plot_with_settings" name="plot_with_settings_srv_assert_error"/>
    <testcase time="0.0140000000000029" classname="plot_with_settings" name="plot_with_settings_srv_assert_error"/>
    <testcase time="0.0199999999999996" classname="plot_with_settings" name="plot_with_settings_srv_assert_error"/>
    <testcase time="0.0129999999999981" classname="plot_with_settings" name="plot_with_settings_srv_assert_error"/>
    <testcase time="0.0139999999999993" classname="plot_with_settings" name="plot_with_settings_srv_assert_error"/>
    <testcase time="0.231000000000002" classname="plot_with_settings" name="plot_with_settings_srv_set_dimensions_and_download_a_png_file_base"/>
    <testcase time="0.0139999999999993" classname="plot_with_settings" name="plot_with_settings_srv_set_dimensions_and_download_a_png_file_base"/>
    <testcase time="0.266999999999999" classname="plot_with_settings" name="plot_with_settings_srv_set_dimensions_and_download_a_png_file_ggplot2"/>
    <testcase time="0.152000000000001" classname="plot_with_settings" name="plot_with_settings_srv_set_dimensions_and_download_a_png_file_ggplot2"/>
    <testcase time="0.559999999999999" classname="plot_with_settings" name="plot_with_settings_srv_set_dimensions_and_download_a_png_file_grob"/>
    <testcase time="0.113" classname="plot_with_settings" name="plot_with_settings_srv_set_dimensions_and_download_a_png_file_grob"/>
    <testcase time="0.159000000000002" classname="plot_with_settings" name="plot_with_settings_srv_set_dimensions_and_download_a_png_file_trellis"/>
    <testcase time="0.0389999999999979" classname="plot_with_settings" name="plot_with_settings_srv_set_dimensions_and_download_a_png_file_trellis"/>
    <testcase time="0.169" classname="plot_with_settings" name="plot_with_settings_srv_set_dimensions_and_download_a_png_file_WRONG_type"/>
    <testcase time="0.0120000000000005" classname="plot_with_settings" name="plot_with_settings_srv_set_dimensions_and_download_a_png_file_WRONG_type"/>
    <testcase time="0.138999999999999" classname="plot_with_settings" name="plot_with_settings_srv_expand_no_error"/>
    <testcase time="0.16" classname="plot_with_settings" name="plot_with_settings_srv_returns_the_click_ggplot2_functionalities_metadata"/>
    <testcase time="0.00300000000000011" classname="plot_with_settings" name="plot_with_settings_srv_returns_the_click_ggplot2_functionalities_metadata"/>
    <testcase time="0.00300000000000011" classname="plot_with_settings" name="plot_with_settings_srv_returns_the_click_ggplot2_functionalities_metadata"/>
    <testcase time="0.00199999999999889" classname="plot_with_settings" name="plot_with_settings_srv_returns_the_click_ggplot2_functionalities_metadata"/>
  </testsuite>
  <testsuite name="plot_with_settings_ui" timestamp="2025-09-30T17:04:32Z" hostname="03bf43357425" tests="43" skipped="0" failures="0" errors="0" time="55.516">
    <testcase time="0.0160000000000018" classname="plot_with_settings_ui" name="type_download_ui_returns_shiny.tag_"/>
    <testcase time="0.0139999999999993" classname="plot_with_settings_ui" name="plot_with_settings_ui_returns_shiny.tag_"/>
    <testcase time="3.526" classname="plot_with_settings_ui" name="e2e_teal.widgets_plot_with_settings_initializes_with_a_plot_and_the_settings_buttons"/>
    <testcase time="0.00600000000000023" classname="plot_with_settings_ui" name="e2e_teal.widgets_plot_with_settings_initializes_with_a_plot_and_the_settings_buttons"/>
    <testcase time="4.238" classname="plot_with_settings_ui" name="e2e_teal.widgets_plot_with_settings_buttons_have_proper_FA_icons_and_two_of_them_are_dropdowns"/>
    <testcase time="0.0120000000000005" classname="plot_with_settings_ui" name="e2e_teal.widgets_plot_with_settings_buttons_have_proper_FA_icons_and_two_of_them_are_dropdowns"/>
    <testcase time="0.00499999999999901" classname="plot_with_settings_ui" name="e2e_teal.widgets_plot_with_settings_buttons_have_proper_FA_icons_and_two_of_them_are_dropdowns"/>
    <testcase time="0.00200000000000244" classname="plot_with_settings_ui" name="e2e_teal.widgets_plot_with_settings_buttons_have_proper_FA_icons_and_two_of_them_are_dropdowns"/>
    <testcase time="0.00499999999999901" classname="plot_with_settings_ui" name="e2e_teal.widgets_plot_with_settings_buttons_have_proper_FA_icons_and_two_of_them_are_dropdowns"/>
    <testcase time="0.193999999999999" classname="plot_with_settings_ui" name="e2e_teal.widgets_plot_with_settings_buttons_have_proper_FA_icons_and_two_of_them_are_dropdowns"/>
    <testcase time="0.00700000000000145" classname="plot_with_settings_ui" name="e2e_teal.widgets_plot_with_settings_buttons_have_proper_FA_icons_and_two_of_them_are_dropdowns"/>
    <testcase time="0.0339999999999989" classname="plot_with_settings_ui" name="e2e_teal.widgets_plot_with_settings_buttons_have_proper_FA_icons_and_two_of_them_are_dropdowns"/>
    <testcase time="0.00300000000000011" classname="plot_with_settings_ui" name="e2e_teal.widgets_plot_with_settings_buttons_have_proper_FA_icons_and_two_of_them_are_dropdowns"/>
    <testcase time="5.171" classname="plot_with_settings_ui" name="e2e_teal.widgets_plot_with_settings_the_click_on_the_expand_button_opens_an_overlay_plot_height_plot_width_plot_download_dropdown_and_dismiss_button"/>
    <testcase time="0.0630000000000024" classname="plot_with_settings_ui" name="e2e_teal.widgets_plot_with_settings_the_click_on_the_expand_button_opens_an_overlay_plot_height_plot_width_plot_download_dropdown_and_dismiss_button"/>
    <testcase time="0.0889999999999986" classname="plot_with_settings_ui" name="e2e_teal.widgets_plot_with_settings_the_click_on_the_expand_button_opens_an_overlay_plot_height_plot_width_plot_download_dropdown_and_dismiss_button"/>
    <testcase time="0.0069999999999979" classname="plot_with_settings_ui" name="e2e_teal.widgets_plot_with_settings_the_click_on_the_expand_button_opens_an_overlay_plot_height_plot_width_plot_download_dropdown_and_dismiss_button"/>
    <testcase time="0.007000000000005" classname="plot_with_settings_ui" name="e2e_teal.widgets_plot_with_settings_the_click_on_the_expand_button_opens_an_overlay_plot_height_plot_width_plot_download_dropdown_and_dismiss_button"/>
    <testcase time="4.519" classname="plot_with_settings_ui" name="e2e_teal.widgets_plot_with_settings_the_click_on_the_download_button_in_expand_modal_opens_a_download_dropdown"/>
    <testcase time="0.00500000000000256" classname="plot_with_settings_ui" name="e2e_teal.widgets_plot_with_settings_the_click_on_the_download_button_in_expand_modal_opens_a_download_dropdown"/>
    <testcase time="0.00999999999999801" classname="plot_with_settings_ui" name="e2e_teal.widgets_plot_with_settings_the_click_on_the_download_button_in_expand_modal_opens_a_download_dropdown"/>
    <testcase time="0.00600000000000023" classname="plot_with_settings_ui" name="e2e_teal.widgets_plot_with_settings_the_click_on_the_download_button_in_expand_modal_opens_a_download_dropdown"/>
    <testcase time="0.189999999999998" classname="plot_with_settings_ui" name="e2e_teal.widgets_plot_with_settings_the_click_on_the_download_button_in_expand_modal_opens_a_download_dropdown"/>
    <testcase time="3.628" classname="plot_with_settings_ui" name="e2e_teal.widgets_plot_with_settings_the_click_on_the_resize_button_opens_a_dropdown_menu_plot_height_plot_width_plot_download_dropdown_and_dismiss_button"/>
    <testcase time="0.991" classname="plot_with_settings_ui" name="e2e_teal.widgets_plot_with_settings_the_click_on_the_resize_button_opens_a_dropdown_menu_plot_height_plot_width_plot_download_dropdown_and_dismiss_button"/>
    <testcase time="0.00500000000000256" classname="plot_with_settings_ui" name="e2e_teal.widgets_plot_with_settings_the_click_on_the_resize_button_opens_a_dropdown_menu_plot_height_plot_width_plot_download_dropdown_and_dismiss_button"/>
    <testcase time="0.138999999999996" classname="plot_with_settings_ui" name="e2e_teal.widgets_plot_with_settings_the_click_on_the_resize_button_opens_a_dropdown_menu_plot_height_plot_width_plot_download_dropdown_and_dismiss_button"/>
    <testcase time="0.00500000000000256" classname="plot_with_settings_ui" name="e2e_teal.widgets_plot_with_settings_the_click_on_the_resize_button_opens_a_dropdown_menu_plot_height_plot_width_plot_download_dropdown_and_dismiss_button"/>
    <testcase time="3.674" classname="plot_with_settings_ui" name="e2e_teal.widgets_plot_with_settings_it_is_possible_to_set_height_and_width_for_the_plot_on_the_third_button_dropdown_menu_without_errors"/>
    <testcase time="4.42" classname="plot_with_settings_ui" name="e2e_teal.widgets_plot_with_settings_clicking_download_download_button_downloads_image_in_a_specified_format"/>
    <testcase time="5.614" classname="plot_with_settings_ui" name="e2e_teal.widgets_plot_with_settings_expanded_image_can_be_resized"/>
    <testcase time="0.00200000000000244" classname="plot_with_settings_ui" name="e2e_teal.widgets_plot_with_settings_expanded_image_can_be_resized"/>
    <testcase time="3.25" classname="plot_with_settings_ui" name="e2e_teal.widgets_plot_with_settings_expanded_image_can_be_resized"/>
    <testcase time="0.000999999999997669" classname="plot_with_settings_ui" name="e2e_teal.widgets_plot_with_settings_expanded_image_can_be_resized"/>
    <testcase time="0.00400000000000489" classname="plot_with_settings_ui" name="e2e_teal.widgets_plot_with_settings_expanded_image_can_be_resized"/>
    <testcase time="5.295" classname="plot_with_settings_ui" name="e2e_teal.widgets_plot_with_settings_expanded_image_can_be_downloaded"/>
    <testcase time="4.729" classname="plot_with_settings_ui" name="e2e_teal.widgets_plot_with_settings_main_image_can_be_resized"/>
    <testcase time="0.00999999999999091" classname="plot_with_settings_ui" name="e2e_teal.widgets_plot_with_settings_main_image_can_be_resized"/>
    <testcase time="0.196000000000012" classname="plot_with_settings_ui" name="e2e_teal.widgets_plot_with_settings_main_image_can_be_resized"/>
    <testcase time="0.0109999999999957" classname="plot_with_settings_ui" name="e2e_teal.widgets_plot_with_settings_main_image_can_be_resized"/>
    <testcase time="0.0120000000000005" classname="plot_with_settings_ui" name="e2e_teal.widgets_plot_with_settings_main_image_can_be_resized"/>
    <testcase time="5.39699999999999" classname="plot_with_settings_ui" name="e2e_teal.widgets_plot_with_settings_scrollbar_appears_when_image_is_resized"/>
    <testcase time="0.00400000000000489" classname="plot_with_settings_ui" name="e2e_teal.widgets_plot_with_settings_scrollbar_appears_when_image_is_resized"/>
  </testsuite>
  <testsuite name="standard_layout" timestamp="2025-09-30T17:05:27Z" hostname="03bf43357425" tests="6" skipped="0" failures="0" errors="0" time="0.187">
    <testcase time="0.161000000000001" classname="standard_layout" name="Input_validation"/>
    <testcase time="0.00499999999999545" classname="standard_layout" name="Input_validation"/>
    <testcase time="0.00600000000000023" classname="standard_layout" name="Input_validation"/>
    <testcase time="0.00400000000000489" classname="standard_layout" name="Input_validation"/>
    <testcase time="0.00499999999999545" classname="standard_layout" name="Input_validation"/>
    <testcase time="0.00600000000000023" classname="standard_layout" name="Input_validation"/>
  </testsuite>
  <testsuite name="table_args" timestamp="2025-09-30T17:05:27Z" hostname="03bf43357425" tests="30" skipped="0" failures="0" errors="0" time="0.358">
    <testcase time="0.245000000000005" classname="table_args" name="basic_table_args_returns_empty_basic_table_args_with_empty_inputs"/>
    <testcase time="0.00100000000000477" classname="table_args" name="basic_table_args_returns_empty_basic_table_args_with_empty_inputs"/>
    <testcase time="0.00499999999999545" classname="table_args" name="basic_table_args_function_returns_list_of_the_basic_table_args_class"/>
    <testcase time="0.00400000000000489" classname="table_args" name="basic_table_args_rtables_arguments_validation_correct_input"/>
    <testcase time="0.00699999999999079" classname="table_args" name="basic_table_args_rtables_arguments_validation_incorrect_input"/>
    <testcase time="0.00400000000000489" classname="table_args" name="resolve_basic_table_args_returns_empty_basic_table_args_with_empty_input"/>
    <testcase time="0.00799999999999557" classname="table_args" name="resolve_basic_table_args_error_with_empty_list_as_need_a_basic_table_args_class"/>
    <testcase time="0.00300000000000011" classname="table_args" name="resolve_basic_table_args_need_a_basic_table_args_class_or_NULL_for_each_of_its_arguments"/>
    <testcase time="0.00199999999999534" classname="table_args" name="resolve_basic_table_args_need_a_basic_table_args_class_or_NULL_for_each_of_its_arguments"/>
    <testcase time="0.00400000000000489" classname="table_args" name="resolve_basic_table_args_returns_empty_basic_table_args_with_any_list_input_in_basic_table_args"/>
    <testcase time="0.00100000000000477" classname="table_args" name="resolve_basic_table_args_returns_empty_basic_table_args_with_any_list_input_in_basic_table_args"/>
    <testcase time="0.00900000000000034" classname="table_args" name="resolve_basic_table_args_error_with_any_list_or_NULL_input_in_its_arguments_when_it_is_not_only_one"/>
    <testcase time="0.00600000000000023" classname="table_args" name="resolve_basic_table_args_error_with_any_list_or_NULL_input_in_its_arguments_when_it_is_not_only_one"/>
    <testcase time="0.00600000000000023" classname="table_args" name="resolve_basic_table_args_error_with_any_list_or_NULL_input_in_its_arguments_when_it_is_not_only_one"/>
    <testcase time="0.00399999999999068" classname="table_args" name="resolve_basic_table_args_support_NULL_inputs"/>
    <testcase time="0.00500000000000966" classname="table_args" name="resolve_basic_table_args_returns_object_of_basic_table_args_and_list_classes"/>
    <testcase time="0.00300000000000011" classname="table_args" name="resolve_basic_table_args_returns_object_of_basic_table_args_and_list_classes"/>
    <testcase time="0.00699999999999079" classname="table_args" name="parse_basic_table_args_throws_error_with_empty_list"/>
    <testcase time="0.00300000000000011" classname="table_args" name="parse_basic_table_args_returns_language_object_of_empty_rtables_basic_table_call"/>
    <testcase time="0.00200000000000955" classname="table_args" name="parse_basic_table_args_returns_language_object_of_empty_rtables_basic_table_call"/>
    <testcase time="0.000999999999990564" classname="table_args" name="parse_basic_table_args_returns_language_object_of_empty_rtables_basic_table_call"/>
    <testcase time="0.00400000000000489" classname="table_args" name="resolve_basic_table_args_uses_input_from_only_end_user_provided_basic_table_args_source"/>
    <testcase time="0.00199999999999534" classname="table_args" name="resolve_basic_table_args_uses_input_from_only_end_user_provided_basic_table_args_source"/>
    <testcase time="0.00100000000000477" classname="table_args" name="resolve_basic_table_args_uses_input_from_only_end_user_provided_basic_table_args_source"/>
    <testcase time="0.00400000000000489" classname="table_args" name="parse_basic_table_args_when_resolve_basic_table_args_uses_inputfrom_only_end_user_provided_basic_table_args_source"/>
    <testcase time="0.00199999999999534" classname="table_args" name="parse_basic_table_args_when_resolve_basic_table_args_uses_inputfrom_only_end_user_provided_basic_table_args_source"/>
    <testcase time="0.00300000000000011" classname="table_args" name="resolve_basic_table_args_refers_to_global_teal.basic_table_args_options_with_empty_input"/>
    <testcase time="0.00400000000000489" classname="table_args" name="parse_basic_table_args_when_resolve_basic_table_args_refers_to_global_teal.basic_table_argsoptions_with_empty_input"/>
    <testcase time="0.00399999999999068" classname="table_args" name="resolve_basic_table_args_prioritizes_input_in_the_order_user_table_user_default_teal.basic_table_args_and_module_plot"/>
    <testcase time="0.00400000000000489" classname="table_args" name="parse_basic_table_args_when_resolve_basic_table_args_prioritizes_input_in_the_order_user_table_user_default_teal.basic_table_args_and_module_plot"/>
  </testsuite>
  <testsuite name="table_with_settings" timestamp="2025-09-30T17:05:28Z" hostname="03bf43357425" tests="28" skipped="0" failures="0" errors="0" time="2.592">
    <testcase time="0.019999999999996" classname="table_with_settings" name="table_with_settings_srv_assertions"/>
    <testcase time="0.0130000000000052" classname="table_with_settings" name="table_with_settings_srv_assertions"/>
    <testcase time="0.268999999999991" classname="table_with_settings" name="table_with_settings_srv_hiding_works"/>
    <testcase time="0.109000000000009" classname="table_with_settings" name="table_with_settings_srv_return_html_table"/>
    <testcase time="0.00499999999999545" classname="table_with_settings" name="table_with_settings_srv_return_html_table"/>
    <testcase time="0.109999999999999" classname="table_with_settings" name="table_with_settings_srv_expand_works"/>
    <testcase time="0.0820000000000078" classname="table_with_settings" name="type_download_srv_table_downloading_different_output_types_custom_name"/>
    <testcase time="0.109999999999999" classname="table_with_settings" name="type_download_srv_table_downloading_different_output_types_custom_name"/>
    <testcase time="0.0489999999999924" classname="table_with_settings" name="type_download_srv_table_downloading_different_output_types_custom_name"/>
    <testcase time="0.0280000000000058" classname="table_with_settings" name="type_download_srv_table_downloading_different_output_types_custom_name"/>
    <testcase time="0.0519999999999925" classname="table_with_settings" name="type_download_srv_table_downloading_different_output_types_custom_name"/>
    <testcase time="0.0370000000000061" classname="table_with_settings" name="type_download_srv_table_downloading_different_output_types_custom_name"/>
    <testcase time="0.0739999999999981" classname="table_with_settings" name="type_download_srv_table_downloading_different_output_types_no_name"/>
    <testcase time="0.0360000000000014" classname="table_with_settings" name="type_download_srv_table_downloading_different_output_types_no_name"/>
    <testcase time="0.046999999999997" classname="table_with_settings" name="type_download_srv_table_downloading_different_output_types_no_name"/>
    <testcase time="0.0279999999999916" classname="table_with_settings" name="type_download_srv_table_downloading_different_output_types_no_name"/>
    <testcase time="0.0500000000000114" classname="table_with_settings" name="type_download_srv_table_downloading_different_output_types_no_name"/>
    <testcase time="0.0369999999999919" classname="table_with_settings" name="type_download_srv_table_downloading_different_output_types_no_name"/>
    <testcase time="0.198999999999998" classname="table_with_settings" name="type_download_srv_table_downloading_different_output_types_pagination"/>
    <testcase time="0.0870000000000033" classname="table_with_settings" name="type_download_srv_table_downloading_different_output_types_pagination"/>
    <testcase time="0.165999999999997" classname="table_with_settings" name="type_download_srv_table_downloading_different_output_types_pagination"/>
    <testcase time="0.027000000000001" classname="table_with_settings" name="type_download_srv_table_downloading_different_output_types_pagination"/>
    <testcase time="0.167000000000002" classname="table_with_settings" name="type_download_srv_table_downloading_different_output_types_pagination"/>
    <testcase time="0.0910000000000082" classname="table_with_settings" name="type_download_srv_table_downloading_different_output_types_pagination"/>
    <testcase time="0.172999999999988" classname="table_with_settings" name="type_download_srv_table_pagination_lpp_to_small"/>
    <testcase time="0.27600000000001" classname="table_with_settings" name="type_download_srv_table_pagination_lpp_to_small"/>
    <testcase time="0.0669999999999931" classname="table_with_settings" name="type_download_srv_table_content_of_the_table_csv"/>
    <testcase time="0.183000000000007" classname="table_with_settings" name="type_download_srv_table_content_of_the_table_txt"/>
  </testsuite>
  <testsuite name="table_with_settings_ui" timestamp="2025-09-30T17:05:30Z" hostname="03bf43357425" tests="56" skipped="0" failures="0" errors="0" time="33.836">
    <testcase time="0.019999999999996" classname="table_with_settings_ui" name="table_with_settings_ui_returns_shiny.tag_"/>
    <testcase time="3.185" classname="table_with_settings_ui" name="e2e_teal.widgets_table_with_settings_is_initialized_with_2_buttons_and_a_table"/>
    <testcase time="0.00600000000000023" classname="table_with_settings_ui" name="e2e_teal.widgets_table_with_settings_is_initialized_with_2_buttons_and_a_table"/>
    <testcase time="3.235" classname="table_with_settings_ui" name="e2e_teal.widgets_table_with_settings_the_click_on_the_download_button_opens_a_download_menu_with_file_type_file_name_and_download_button"/>
    <testcase time="0.007000000000005" classname="table_with_settings_ui" name="e2e_teal.widgets_table_with_settings_the_click_on_the_download_button_opens_a_download_menu_with_file_type_file_name_and_download_button"/>
    <testcase time="0.00599999999998602" classname="table_with_settings_ui" name="e2e_teal.widgets_table_with_settings_the_click_on_the_download_button_opens_a_download_menu_with_file_type_file_name_and_download_button"/>
    <testcase time="0.680000000000007" classname="table_with_settings_ui" name="e2e_teal.widgets_table_with_settings_the_click_on_the_download_button_opens_a_download_menu_with_file_type_file_name_and_download_button"/>
    <testcase time="0.0100000000000051" classname="table_with_settings_ui" name="e2e_teal.widgets_table_with_settings_the_click_on_the_download_button_opens_a_download_menu_with_file_type_file_name_and_download_button"/>
    <testcase time="0.00600000000000023" classname="table_with_settings_ui" name="e2e_teal.widgets_table_with_settings_the_click_on_the_download_button_opens_a_download_menu_with_file_type_file_name_and_download_button"/>
    <testcase time="0.000999999999990564" classname="table_with_settings_ui" name="e2e_teal.widgets_table_with_settings_the_click_on_the_download_button_opens_a_download_menu_with_file_type_file_name_and_download_button"/>
    <testcase time="0.00100000000000477" classname="table_with_settings_ui" name="e2e_teal.widgets_table_with_settings_the_click_on_the_download_button_opens_a_download_menu_with_file_type_file_name_and_download_button"/>
    <testcase time="0.00499999999999545" classname="table_with_settings_ui" name="e2e_teal.widgets_table_with_settings_the_click_on_the_download_button_opens_a_download_menu_with_file_type_file_name_and_download_button"/>
    <testcase time="0.191000000000003" classname="table_with_settings_ui" name="e2e_teal.widgets_table_with_settings_the_click_on_the_download_button_opens_a_download_menu_with_file_type_file_name_and_download_button"/>
    <testcase time="0.007000000000005" classname="table_with_settings_ui" name="e2e_teal.widgets_table_with_settings_the_click_on_the_download_button_opens_a_download_menu_with_file_type_file_name_and_download_button"/>
    <testcase time="0.00199999999999534" classname="table_with_settings_ui" name="e2e_teal.widgets_table_with_settings_the_click_on_the_download_button_opens_a_download_menu_with_file_type_file_name_and_download_button"/>
    <testcase time="3.88500000000001" classname="table_with_settings_ui" name="e2e_teal.widgets_table_with_settings_check_pagination_appearance_for_.txt_and_disappearance_for_.csv_for_the_first_button"/>
    <testcase time="0.00199999999999534" classname="table_with_settings_ui" name="e2e_teal.widgets_table_with_settings_check_pagination_appearance_for_.txt_and_disappearance_for_.csv_for_the_first_button"/>
    <testcase time="0.597999999999999" classname="table_with_settings_ui" name="e2e_teal.widgets_table_with_settings_check_pagination_appearance_for_.txt_and_disappearance_for_.csv_for_the_first_button"/>
    <testcase time="3.276" classname="table_with_settings_ui" name="e2e_teal.widgets_table_with_settings_the_click_on_expand_button_opens_a_modal_with_a_table"/>
    <testcase time="0.007000000000005" classname="table_with_settings_ui" name="e2e_teal.widgets_table_with_settings_the_click_on_expand_button_opens_a_modal_with_a_table"/>
    <testcase time="0.518000000000001" classname="table_with_settings_ui" name="e2e_teal.widgets_table_with_settings_the_click_on_expand_button_opens_a_modal_with_a_table"/>
    <testcase time="0.000999999999990564" classname="table_with_settings_ui" name="e2e_teal.widgets_table_with_settings_the_click_on_expand_button_opens_a_modal_with_a_table"/>
    <testcase time="0.00100000000000477" classname="table_with_settings_ui" name="e2e_teal.widgets_table_with_settings_the_click_on_expand_button_opens_a_modal_with_a_table"/>
    <testcase time="0.00199999999999534" classname="table_with_settings_ui" name="e2e_teal.widgets_table_with_settings_the_click_on_expand_button_opens_a_modal_with_a_table"/>
    <testcase time="0.00100000000000477" classname="table_with_settings_ui" name="e2e_teal.widgets_table_with_settings_the_click_on_expand_button_opens_a_modal_with_a_table"/>
    <testcase time="0.00600000000000023" classname="table_with_settings_ui" name="e2e_teal.widgets_table_with_settings_the_click_on_expand_button_opens_a_modal_with_a_table"/>
    <testcase time="0.519000000000005" classname="table_with_settings_ui" name="e2e_teal.widgets_table_with_settings_the_click_on_expand_button_opens_a_modal_with_a_table"/>
    <testcase time="0.00499999999999545" classname="table_with_settings_ui" name="e2e_teal.widgets_table_with_settings_the_click_on_expand_button_opens_a_modal_with_a_table"/>
    <testcase time="0.00100000000000477" classname="table_with_settings_ui" name="e2e_teal.widgets_table_with_settings_the_click_on_expand_button_opens_a_modal_with_a_table"/>
    <testcase time="0.000999999999990564" classname="table_with_settings_ui" name="e2e_teal.widgets_table_with_settings_the_click_on_expand_button_opens_a_modal_with_a_table"/>
    <testcase time="0.00200000000000955" classname="table_with_settings_ui" name="e2e_teal.widgets_table_with_settings_the_click_on_expand_button_opens_a_modal_with_a_table"/>
    <testcase time="0.000999999999990564" classname="table_with_settings_ui" name="e2e_teal.widgets_table_with_settings_the_click_on_expand_button_opens_a_modal_with_a_table"/>
    <testcase time="4.434" classname="table_with_settings_ui" name="e2e_teal.widgets_table_with_settings_clicking_download_in_an_expand_modal_opens_dropdown_menu_with_dwnl_settings_such_as_file_type_file_name_pagination"/>
    <testcase time="0.0120000000000005" classname="table_with_settings_ui" name="e2e_teal.widgets_table_with_settings_clicking_download_in_an_expand_modal_opens_dropdown_menu_with_dwnl_settings_such_as_file_type_file_name_pagination"/>
    <testcase time="0.00500000000000966" classname="table_with_settings_ui" name="e2e_teal.widgets_table_with_settings_clicking_download_in_an_expand_modal_opens_dropdown_menu_with_dwnl_settings_such_as_file_type_file_name_pagination"/>
    <testcase time="0.00199999999999534" classname="table_with_settings_ui" name="e2e_teal.widgets_table_with_settings_clicking_download_in_an_expand_modal_opens_dropdown_menu_with_dwnl_settings_such_as_file_type_file_name_pagination"/>
    <testcase time="0.00100000000000477" classname="table_with_settings_ui" name="e2e_teal.widgets_table_with_settings_clicking_download_in_an_expand_modal_opens_dropdown_menu_with_dwnl_settings_such_as_file_type_file_name_pagination"/>
    <testcase time="0.00499999999999545" classname="table_with_settings_ui" name="e2e_teal.widgets_table_with_settings_clicking_download_in_an_expand_modal_opens_dropdown_menu_with_dwnl_settings_such_as_file_type_file_name_pagination"/>
    <testcase time="0.188999999999993" classname="table_with_settings_ui" name="e2e_teal.widgets_table_with_settings_clicking_download_in_an_expand_modal_opens_dropdown_menu_with_dwnl_settings_such_as_file_type_file_name_pagination"/>
    <testcase time="0.00600000000000023" classname="table_with_settings_ui" name="e2e_teal.widgets_table_with_settings_clicking_download_in_an_expand_modal_opens_dropdown_menu_with_dwnl_settings_such_as_file_type_file_name_pagination"/>
    <testcase time="0.00600000000000023" classname="table_with_settings_ui" name="e2e_teal.widgets_table_with_settings_clicking_download_in_an_expand_modal_opens_dropdown_menu_with_dwnl_settings_such_as_file_type_file_name_pagination"/>
    <testcase time="0.00199999999999534" classname="table_with_settings_ui" name="e2e_teal.widgets_table_with_settings_clicking_download_in_an_expand_modal_opens_dropdown_menu_with_dwnl_settings_such_as_file_type_file_name_pagination"/>
    <testcase time="4.46400000000001" classname="table_with_settings_ui" name="e2e_teal.widgets_table_with_settings_check_pagination_appearance_for_.txt_and_disappearance_for_.csv_for_the_modal_on_the_second_button"/>
    <testcase time="0.00199999999999534" classname="table_with_settings_ui" name="e2e_teal.widgets_table_with_settings_check_pagination_appearance_for_.txt_and_disappearance_for_.csv_for_the_modal_on_the_second_button"/>
    <testcase time="3.98" classname="table_with_settings_ui" name="e2e_teal.widgets_table_with_settings_clicking_download_download_button_downloads_table_in_a_specified_format"/>
    <testcase time="0.00199999999999534" classname="table_with_settings_ui" name="e2e_teal.widgets_table_with_settings_clicking_download_download_button_downloads_table_in_a_specified_format"/>
    <testcase time="0.00100000000000477" classname="table_with_settings_ui" name="e2e_teal.widgets_table_with_settings_clicking_download_download_button_downloads_table_in_a_specified_format"/>
    <testcase time="0.00199999999999534" classname="table_with_settings_ui" name="e2e_teal.widgets_table_with_settings_clicking_download_download_button_downloads_table_in_a_specified_format"/>
    <testcase time="0.00100000000000477" classname="table_with_settings_ui" name="e2e_teal.widgets_table_with_settings_clicking_download_download_button_downloads_table_in_a_specified_format"/>
    <testcase time="0.000999999999990564" classname="table_with_settings_ui" name="e2e_teal.widgets_table_with_settings_clicking_download_download_button_downloads_table_in_a_specified_format"/>
    <testcase time="4.52600000000001" classname="table_with_settings_ui" name="e2e_teal.widgets_table_with_settings_expanded_table_can_be_downloaded"/>
    <testcase time="0.000999999999990564" classname="table_with_settings_ui" name="e2e_teal.widgets_table_with_settings_expanded_table_can_be_downloaded"/>
    <testcase time="0.00200000000000955" classname="table_with_settings_ui" name="e2e_teal.widgets_table_with_settings_expanded_table_can_be_downloaded"/>
    <testcase time="0.000999999999990564" classname="table_with_settings_ui" name="e2e_teal.widgets_table_with_settings_expanded_table_can_be_downloaded"/>
    <testcase time="0.00200000000000955" classname="table_with_settings_ui" name="e2e_teal.widgets_table_with_settings_expanded_table_can_be_downloaded"/>
    <testcase time="0.000999999999990564" classname="table_with_settings_ui" name="e2e_teal.widgets_table_with_settings_expanded_table_can_be_downloaded"/>
  </testsuite>
  <testsuite name="utils" timestamp="2025-09-30T17:06:04Z" hostname="03bf43357425" tests="4" skipped="0" failures="0" errors="0" time="0.102">
    <testcase time="0.085000000000008" classname="utils" name="apply_plot_modifications_Modify_ggplot_object_with_dblclicking_enabled"/>
    <testcase time="0.00600000000000023" classname="utils" name="apply_plot_modifications_Modify_ggplot_object_with_dblclicking_disabled"/>
    <testcase time="0.00600000000000023" classname="utils" name="apply_plot_modifications_Modify_grob_object"/>
    <testcase time="0.00499999999999545" classname="utils" name="apply_plot_modifications_Do_not_modify_plot_object"/>
  </testsuite>
  <testsuite name="verbatim_popup" timestamp="2025-09-30T17:06:04Z" hostname="03bf43357425" tests="16" skipped="0" failures="0" errors="0" time="0.316">
    <testcase time="0.0100000000000051" classname="verbatim_popup" name="format_content_returns_a_shiny_reactive_when_passed_a_string"/>
    <testcase time="0.00499999999999545" classname="verbatim_popup" name="format_content_returns_a_shiny_reactive_when_passed_an_expression"/>
    <testcase time="0.00799999999999557" classname="verbatim_popup" name="format_content_returns_a_shiny_reactive_when_passed_a_reactive"/>
    <testcase time="0.00500000000000966" classname="verbatim_popup" name="format_content_returns_a_reactive_when_passed_a_condition"/>
    <testcase time="0.00599999999998602" classname="verbatim_popup" name="format_content_returns_a_reactive_when_passed_a_reactive_holding_a_condition"/>
    <testcase time="0.00500000000000966" classname="verbatim_popup" name="format_content_concatenates_the_passed_array_of_strings"/>
    <testcase time="0.00399999999999068" classname="verbatim_popup" name="format_content_concatenates_the_passed_array_of_expressions"/>
    <testcase time="0.00600000000000023" classname="verbatim_popup" name="format_content_concatenates_the_passed_array_of_string_inside_a_reactive"/>
    <testcase time="0.181000000000012" classname="verbatim_popup" name="format_content_returns_a_reactive_storing_a_styled_string_when_passed_an_expression_character_or_reactive_when_style_TRUE"/>
    <testcase time="0.0349999999999966" classname="verbatim_popup" name="format_content_returns_a_reactive_storing_a_styled_string_when_passed_an_expression_character_or_reactive_when_style_TRUE"/>
    <testcase time="0.00799999999999557" classname="verbatim_popup" name="format_content_returns_a_reactive_storing_a_styled_string_when_passed_an_expression_character_or_reactive_when_style_TRUE"/>
    <testcase time="0.007000000000005" classname="verbatim_popup" name="button_click_observer_returns_an_observer"/>
    <testcase time="0.00699999999999079" classname="verbatim_popup" name="verbatim_popup_ui_returns_a_tag_list"/>
    <testcase time="0.00900000000000034" classname="verbatim_popup" name="verbatim_popup_ui_with_type_not_equal_to_button_or_link_throws_error"/>
    <testcase time="0.0100000000000051" classname="verbatim_popup" name="verbatim_popup_ui_with_type_button_produces_a_button"/>
    <testcase time="0.0100000000000051" classname="verbatim_popup" name="verbatim_popup_ui_with_type_link_produces_a_button_with_a_class_link"/>
  </testsuite>
  <testsuite name="verbatim_popup_ui" timestamp="2025-09-30T17:06:05Z" hostname="03bf43357425" tests="7" skipped="0" failures="0" errors="0" time="3.555">
    <testcase time="0.00799999999999557" classname="verbatim_popup_ui" name="verbatim_popup_ui_returns_shiny.tag.list_"/>
    <testcase time="2.414" classname="verbatim_popup_ui" name="e2e_teal.widgets_verbatim_popup_is_initialized_with_a_button_that_opens_a_modal_with_a_verbatim_text"/>
    <testcase time="0.563000000000002" classname="verbatim_popup_ui" name="e2e_teal.widgets_verbatim_popup_is_initialized_with_a_button_that_opens_a_modal_with_a_verbatim_text"/>
    <testcase time="0.00499999999999545" classname="verbatim_popup_ui" name="e2e_teal.widgets_verbatim_popup_is_initialized_with_a_button_that_opens_a_modal_with_a_verbatim_text"/>
    <testcase time="0.00499999999999545" classname="verbatim_popup_ui" name="e2e_teal.widgets_verbatim_popup_is_initialized_with_a_button_that_opens_a_modal_with_a_verbatim_text"/>
    <testcase time="0.00400000000000489" classname="verbatim_popup_ui" name="e2e_teal.widgets_verbatim_popup_is_initialized_with_a_button_that_opens_a_modal_with_a_verbatim_text"/>
    <testcase time="0.555999999999997" classname="verbatim_popup_ui" name="e2e_teal.widgets_verbatim_popup_is_initialized_with_a_button_that_opens_a_modal_with_a_verbatim_text"/>
  </testsuite>
</testsuites>
