<?xml version="1.0" encoding="UTF-8"?>
<testsuites>
  <testsuite name="draggable_buckets" timestamp="2025-09-04T10:49:36Z" hostname="365ad469d462" tests="3" skipped="3" failures="0" errors="0" time="0.283">
    <testcase time="0.116" classname="draggable_buckets" name="e2e_teal.widgets_draggable_buckets_initializes_without_input">
      <skipped message="Reason: On CRAN ('test-draggable_buckets.R:20:5')"/>
    </testcase>
    <testcase time="0.103" classname="draggable_buckets" name="e2e_teal.widgets_draggable_buckets_initializes_with_default_inputs">
      <skipped message="Reason: On CRAN ('test-draggable_buckets.R:43:5')"/>
    </testcase>
    <testcase time="0.0640000000000001" classname="draggable_buckets" name="e2e_teal.widgets_draggable_buckets_moving_elements_between_buckets_updates_input">
      <skipped message="Reason: On CRAN ('test-draggable_buckets.R:69:5')"/>
    </testcase>
  </testsuite>
  <testsuite name="get_dt_rows_ui" timestamp="2025-09-04T10:49:36Z" hostname="365ad469d462" tests="1" skipped="1" failures="0" errors="0" time="0.024">
    <testcase time="0.024" classname="get_dt_rows_ui" name="e2e_teal.widgets_get_dt_rows_rows_are_settable_and_visible">
      <skipped message="Reason: On CRAN ('test-get_dt_rows_ui.R:49:5')"/>
    </testcase>
  </testsuite>
  <testsuite name="ggplot2_args" timestamp="2025-09-04T10:49:36Z" hostname="365ad469d462" tests="33" skipped="0" failures="0" errors="0" time="0.553">
    <testcase time="0.434" classname="ggplot2_args" name="ggplot2_args_no_error_with_empty_inputs"/>
    <testcase time="0.002" classname="ggplot2_args" name="ggplot2_args_no_error_with_empty_inputs"/>
    <testcase time="0.002" classname="ggplot2_args" name="ggplot2_args_no_error_with_empty_inputs"/>
    <testcase time="0.00100000000000011" classname="ggplot2_args" name="ggplot2_args_no_error_with_empty_inputs"/>
    <testcase time="0.002" classname="ggplot2_args" name="ggplot2_args_no_error_with_empty_inputs"/>
    <testcase time="0.00099999999999989" classname="ggplot2_args" name="ggplot2_args_no_error_with_empty_inputs"/>
    <testcase time="0.0110000000000001" classname="ggplot2_args" name="ggplot2_args_function_returns_object_of_ggplot2_args_and_list_classes"/>
    <testcase time="0.00299999999999989" classname="ggplot2_args" name="ggplot2_args_accepts_named_lists_for_arguments_labs_and_theme"/>
    <testcase time="0.00800000000000001" classname="ggplot2_args" name="ggplot2_args_throws_error_when_argument_name_is_not_valid."/>
    <testcase time="0.004" classname="ggplot2_args" name="ggplot2_args_throws_error_when_argument_name_is_not_valid."/>
    <testcase time="0.00500000000000012" classname="ggplot2_args" name="resolve_ggplot2_args_accepts_empty_inputs"/>
    <testcase time="0.004" classname="ggplot2_args" name="resolve_ggplot2_args_support_NULL_inputs"/>
    <testcase time="0.00599999999999978" classname="ggplot2_args" name="resolve_ggplot2_args_throws_error_with_empty_list"/>
    <testcase time="0.00600000000000001" classname="ggplot2_args" name="resolve_ggplot2_args_function_returns_object_of_ggplot2_args_and_list_classes"/>
    <testcase time="0.004" classname="ggplot2_args" name="parse_ggplot2_args_accepts_empty_inputs"/>
    <testcase time="0.00100000000000011" classname="ggplot2_args" name="parse_ggplot2_args_accepts_empty_inputs"/>
    <testcase time="0.0069999999999999" classname="ggplot2_args" name="parse_ggplot2_args_throws_error_with_empty_list"/>
    <testcase time="0.00300000000000011" classname="ggplot2_args" name="parse_ggplot2_args_accepts_an_empty_ggplot2_args_as_minimum_requirement."/>
    <testcase time="0.004" classname="ggplot2_args" name="resolve_ggplot2_args_uses_input_from_only_end_user_provided_ggplot2_args_source"/>
    <testcase time="0.002" classname="ggplot2_args" name="resolve_ggplot2_args_uses_input_from_only_end_user_provided_ggplot2_args_source"/>
    <testcase time="0.002" classname="ggplot2_args" name="resolve_ggplot2_args_uses_input_from_only_end_user_provided_ggplot2_args_source"/>
    <testcase time="0.004" classname="ggplot2_args" name="parse_ggplot2_args_when_resolve_ggplot2_args_uses_input_from_only_end_user_provided_ggplot2_args_source"/>
    <testcase time="0.00099999999999989" classname="ggplot2_args" name="parse_ggplot2_args_when_resolve_ggplot2_args_uses_input_from_only_end_user_provided_ggplot2_args_source"/>
    <testcase time="0.004" classname="ggplot2_args" name="resolve_ggplot2_args_prioritizes_user_plot_input_over_user_default_input."/>
    <testcase time="0.004" classname="ggplot2_args" name="parse_ggplot2_args_when_resolve_ggplot2_args_prioritizes_user_plot_input_over_user_default_input."/>
    <testcase time="0.004" classname="ggplot2_args" name="resolve_ggplot2_args_refers_to_global_teal.ggplot2_args_options_with_empty_input"/>
    <testcase time="0.004" classname="ggplot2_args" name="parse_ggplot2_args_when_resolve_ggplot2_args_refers_to_global_teal.ggplot2_args_options_with_empty_input"/>
    <testcase time="0.00600000000000001" classname="ggplot2_args" name="parse_ggplot2_args_deparse_needed_to_expand_ggplot2_objects_like_element_blank"/>
    <testcase time="0.00300000000000011" classname="ggplot2_args" name="parse_ggplot2_args_deparse_needed_to_expand_ggplot2_objects_like_element_blank"/>
    <testcase time="0.004" classname="ggplot2_args" name="resolve_ggplot2_args_priorotizes_input_in_the_order_user_plot_user_default_teal.ggplot2_args_and_module_plot"/>
    <testcase time="0.004" classname="ggplot2_args" name="parse_ggplot2_args_when_resolve_ggplot2_args_priorotizes_input_in_the_order_user_plot_user_default_teal.ggplot2_args_and_module_plot"/>
    <testcase time="0.00100000000000011" classname="ggplot2_args" name="parse_ggplot2_args_when_resolve_ggplot2_args_priorotizes_input_in_the_order_user_plot_user_default_teal.ggplot2_args_and_module_plot"/>
    <testcase time="0.002" classname="ggplot2_args" name="parse_ggplot2_args_when_resolve_ggplot2_args_priorotizes_input_in_the_order_user_plot_user_default_teal.ggplot2_args_and_module_plot"/>
  </testsuite>
  <testsuite name="optionalInput" timestamp="2025-09-04T10:49:37Z" hostname="365ad469d462" tests="7" skipped="0" failures="0" errors="0" time="0.039">
    <testcase time="0.00800000000000001" classname="optionalInput" name="optionalSliderInput_single_value"/>
    <testcase time="0.01" classname="optionalInput" name="optionalSliderInput_single_value_out_of_range"/>
    <testcase time="0.004" classname="optionalInput" name="optionalSliderInput_double_value"/>
    <testcase time="0.0069999999999999" classname="optionalInput" name="optionalSliderInput_double_value_out_of_range"/>
    <testcase time="0.00600000000000001" classname="optionalInput" name="optionalSliderInput_min_max_NA"/>
    <testcase time="0.002" classname="optionalInput" name="optionalSliderInput_min_max_NA"/>
    <testcase time="0.002" classname="optionalInput" name="optionalSliderInput_min_max_NA"/>
  </testsuite>
  <testsuite name="optionalSelectInput_ui" timestamp="2025-09-04T10:49:37Z" hostname="365ad469d462" tests="1" skipped="1" failures="0" errors="0" time="0.006">
    <testcase time="0.00600000000000001" classname="optionalSelectInput_ui" name="e2e_teal.widgets_optionalSelectInput_initializes">
      <skipped message="Reason: On CRAN ('test-optionalSelectInput_ui.R:96:5')"/>
    </testcase>
  </testsuite>
  <testsuite name="optionalSliderInputValMinMax_ui" timestamp="2025-09-04T10:49:37Z" hostname="365ad469d462" tests="1" skipped="1" failures="0" errors="0" time="0.015">
    <testcase time="0.0149999999999999" classname="optionalSliderInputValMinMax_ui" name="e2e_teal.widgets_optionalSliderInputValMinMax_initializes">
      <skipped message="Reason: On CRAN ('test-optionalSliderInputValMinMax_ui.R:17:5')"/>
    </testcase>
  </testsuite>
  <testsuite name="plot_with_settings" timestamp="2025-09-04T10:49:37Z" hostname="365ad469d462" tests="64" skipped="0" failures="0" errors="0" time="2.651">
    <testcase time="0.016" classname="plot_with_settings" name="if_teal.plot_dpi_is_not_set_then_get_plot_dpi_returns_72_"/>
    <testcase time="0.004" classname="plot_with_settings" name="if_teal.plot_dpi_is_an_integer_value_at_least_24_then_get_plot_dpi_returns_its_value"/>
    <testcase time="0.00100000000000011" classname="plot_with_settings" name="if_teal.plot_dpi_is_an_integer_value_at_least_24_then_get_plot_dpi_returns_its_value"/>
    <testcase time="0.002" classname="plot_with_settings" name="if_teal.plot_dpi_is_an_integer_value_at_least_24_then_get_plot_dpi_returns_its_value"/>
    <testcase time="0.00099999999999989" classname="plot_with_settings" name="if_teal.plot_dpi_is_an_integer_value_at_least_24_then_get_plot_dpi_returns_its_value"/>
    <testcase time="0.004" classname="plot_with_settings" name="if_teal.plot_dpi_is_an_integer_value_less_24_then_get_plot_dpi_returns_72"/>
    <testcase time="0.00100000000000011" classname="plot_with_settings" name="if_teal.plot_dpi_is_an_integer_value_less_24_then_get_plot_dpi_returns_72"/>
    <testcase time="0.002" classname="plot_with_settings" name="if_teal.plot_dpi_is_an_integer_value_less_24_then_get_plot_dpi_returns_72"/>
    <testcase time="0.00099999999999989" classname="plot_with_settings" name="if_teal.plot_dpi_is_an_integer_value_less_24_then_get_plot_dpi_returns_72"/>
    <testcase time="0.004" classname="plot_with_settings" name="if_teal.plot_dpi_is_not_an_integer_value_then_get_plot_dpi_returns_72"/>
    <testcase time="0.00100000000000011" classname="plot_with_settings" name="if_teal.plot_dpi_is_not_an_integer_value_then_get_plot_dpi_returns_72"/>
    <testcase time="0.002" classname="plot_with_settings" name="if_teal.plot_dpi_is_not_an_integer_value_then_get_plot_dpi_returns_72"/>
    <testcase time="0.00099999999999989" classname="plot_with_settings" name="if_teal.plot_dpi_is_not_an_integer_value_then_get_plot_dpi_returns_72"/>
    <testcase time="0.193" classname="plot_with_settings" name="print_plot_is_able_to_plot_different_types_of_graphics"/>
    <testcase time="0.0409999999999999" classname="plot_with_settings" name="print_plot_is_able_to_plot_different_types_of_graphics"/>
    <testcase time="0.0700000000000001" classname="plot_with_settings" name="print_plot_is_able_to_plot_different_types_of_graphics"/>
    <testcase time="0.004" classname="plot_with_settings" name="print_plot_is_able_to_plot_different_types_of_graphics"/>
    <testcase time="0.00600000000000001" classname="plot_with_settings" name="print_plot_is_able_to_plot_different_types_of_graphics"/>
    <testcase time="0.004" classname="plot_with_settings" name="print_plot_is_able_to_plot_different_types_of_graphics"/>
    <testcase time="0.00700000000000012" classname="plot_with_settings" name="clean_brushedPoints_returns_error_with_wrong_input"/>
    <testcase time="0.004" classname="plot_with_settings" name="clean_brushedPoints_returns_error_with_wrong_input"/>
    <testcase time="0.00499999999999989" classname="plot_with_settings" name="clean_brushedPoints_returns_error_with_wrong_input"/>
    <testcase time="0.004" classname="plot_with_settings" name="clean_brushedPoints_returns_a_data_frame_with_minimal_correct_input"/>
    <testcase time="0.004" classname="plot_with_settings" name="clean_brushedPoints_removal_of_NA_points"/>
    <testcase time="0.002" classname="plot_with_settings" name="clean_brushedPoints_removal_of_NA_points"/>
    <testcase time="0.002" classname="plot_with_settings" name="clean_brushedPoints_removal_of_NA_points"/>
    <testcase time="0.162" classname="plot_with_settings" name="type_download_srv_download_all_types_of_files_with_default_name"/>
    <testcase time="0.00600000000000001" classname="plot_with_settings" name="type_download_srv_download_all_types_of_files_with_default_name"/>
    <testcase time="0.00900000000000012" classname="plot_with_settings" name="type_download_srv_download_all_types_of_files_with_default_name"/>
    <testcase time="0.004" classname="plot_with_settings" name="type_download_srv_download_all_types_of_files_with_default_name"/>
    <testcase time="0.01" classname="plot_with_settings" name="type_download_srv_download_all_types_of_files_with_default_name"/>
    <testcase time="0.004" classname="plot_with_settings" name="type_download_srv_download_all_types_of_files_with_default_name"/>
    <testcase time="0.0269999999999999" classname="plot_with_settings" name="type_download_srv_download_all_types_of_files_and_change_the_name"/>
    <testcase time="0.00700000000000012" classname="plot_with_settings" name="type_download_srv_download_all_types_of_files_and_change_the_name"/>
    <testcase time="0.0129999999999999" classname="plot_with_settings" name="type_download_srv_download_all_types_of_files_and_change_the_name"/>
    <testcase time="0.004" classname="plot_with_settings" name="type_download_srv_download_all_types_of_files_and_change_the_name"/>
    <testcase time="0.00999999999999979" classname="plot_with_settings" name="type_download_srv_download_all_types_of_files_and_change_the_name"/>
    <testcase time="0.004" classname="plot_with_settings" name="type_download_srv_download_all_types_of_files_and_change_the_name"/>
    <testcase time="0.0300000000000002" classname="plot_with_settings" name="type_download_srv_downloads_a_png_file_with_different_dimensions"/>
    <testcase time="0.028" classname="plot_with_settings" name="type_download_srv_downloads_a_png_file_using_default_dimensions_input_dimensions_are_NULL"/>
    <testcase time="0.0209999999999999" classname="plot_with_settings" name="plot_with_settings_srv_assert_error"/>
    <testcase time="0.0140000000000002" classname="plot_with_settings" name="plot_with_settings_srv_assert_error"/>
    <testcase time="0.012" classname="plot_with_settings" name="plot_with_settings_srv_assert_error"/>
    <testcase time="0.0149999999999997" classname="plot_with_settings" name="plot_with_settings_srv_assert_error"/>
    <testcase time="0.0169999999999999" classname="plot_with_settings" name="plot_with_settings_srv_assert_error"/>
    <testcase time="0.0130000000000003" classname="plot_with_settings" name="plot_with_settings_srv_assert_error"/>
    <testcase time="0.0139999999999998" classname="plot_with_settings" name="plot_with_settings_srv_assert_error"/>
    <testcase time="0.012" classname="plot_with_settings" name="plot_with_settings_srv_assert_error"/>
    <testcase time="0.0169999999999999" classname="plot_with_settings" name="plot_with_settings_srv_assert_error"/>
    <testcase time="0.211" classname="plot_with_settings" name="plot_with_settings_srv_set_dimensions_and_download_a_png_file_base"/>
    <testcase time="0.0129999999999999" classname="plot_with_settings" name="plot_with_settings_srv_set_dimensions_and_download_a_png_file_base"/>
    <testcase time="0.274" classname="plot_with_settings" name="plot_with_settings_srv_set_dimensions_and_download_a_png_file_ggplot2"/>
    <testcase time="0.22" classname="plot_with_settings" name="plot_with_settings_srv_set_dimensions_and_download_a_png_file_ggplot2"/>
    <testcase time="0.416" classname="plot_with_settings" name="plot_with_settings_srv_set_dimensions_and_download_a_png_file_grob"/>
    <testcase time="0.0739999999999998" classname="plot_with_settings" name="plot_with_settings_srv_set_dimensions_and_download_a_png_file_grob"/>
    <testcase time="0.153" classname="plot_with_settings" name="plot_with_settings_srv_set_dimensions_and_download_a_png_file_trellis"/>
    <testcase time="0.0299999999999998" classname="plot_with_settings" name="plot_with_settings_srv_set_dimensions_and_download_a_png_file_trellis"/>
    <testcase time="0.11" classname="plot_with_settings" name="plot_with_settings_srv_set_dimensions_and_download_a_png_file_WRONG_type"/>
    <testcase time="0.012" classname="plot_with_settings" name="plot_with_settings_srv_set_dimensions_and_download_a_png_file_WRONG_type"/>
    <testcase time="0.141" classname="plot_with_settings" name="plot_with_settings_srv_expand_no_error"/>
    <testcase time="0.149999999999999" classname="plot_with_settings" name="plot_with_settings_srv_returns_the_click_ggplot2_functionalities_metadata"/>
    <testcase time="0.00300000000000011" classname="plot_with_settings" name="plot_with_settings_srv_returns_the_click_ggplot2_functionalities_metadata"/>
    <testcase time="0.00200000000000067" classname="plot_with_settings" name="plot_with_settings_srv_returns_the_click_ggplot2_functionalities_metadata"/>
    <testcase time="0.00299999999999923" classname="plot_with_settings" name="plot_with_settings_srv_returns_the_click_ggplot2_functionalities_metadata"/>
  </testsuite>
  <testsuite name="plot_with_settings_ui" timestamp="2025-09-04T10:49:39Z" hostname="365ad469d462" tests="13" skipped="11" failures="0" errors="0" time="0.187">
    <testcase time="0.0140000000000002" classname="plot_with_settings_ui" name="type_download_ui_returns_shiny.tag_"/>
    <testcase time="0.0150000000000006" classname="plot_with_settings_ui" name="plot_with_settings_ui_returns_shiny.tag_"/>
    <testcase time="0.00299999999999923" classname="plot_with_settings_ui" name="e2e_teal.widgets_plot_with_settings_initializes_with_a_plot_and_the_settings_buttons">
      <skipped message="Reason: On CRAN ('test-plot_with_settings_ui.R:110:5')"/>
    </testcase>
    <testcase time="0.0350000000000001" classname="plot_with_settings_ui" name="e2e_teal.widgets_plot_with_settings_buttons_have_proper_FA_icons_and_two_of_them_are_dropdowns">
      <skipped message="Reason: On CRAN ('test-plot_with_settings_ui.R:132:5')"/>
    </testcase>
    <testcase time="0.0190000000000001" classname="plot_with_settings_ui" name="e2e_teal.widgets_plot_with_settings_the_click_on_the_expand_button_opens_an_overlay_plot_height_plot_width_plot_download_dropdown_and_dismiss_button">
      <skipped message="Reason: On CRAN ('test-plot_with_settings_ui.R:192:5')"/>
    </testcase>
    <testcase time="0.0129999999999999" classname="plot_with_settings_ui" name="e2e_teal.widgets_plot_with_settings_the_click_on_the_download_button_in_expand_modal_opens_a_download_dropdown">
      <skipped message="Reason: On CRAN ('test-plot_with_settings_ui.R:232:5')"/>
    </testcase>
    <testcase time="0.0129999999999999" classname="plot_with_settings_ui" name="e2e_teal.widgets_plot_with_settings_the_click_on_the_resize_button_opens_a_dropdown_menu_plot_height_plot_width_plot_download_dropdown_and_dismiss_button">
      <skipped message="Reason: On CRAN ('test-plot_with_settings_ui.R:270:5')"/>
    </testcase>
    <testcase time="0.0120000000000005" classname="plot_with_settings_ui" name="e2e_teal.widgets_plot_with_settings_it_is_possible_to_set_height_and_width_for_the_plot_on_the_third_button_dropdown_menu_without_errors">
      <skipped message="Reason: On CRAN ('test-plot_with_settings_ui.R:315:5')"/>
    </testcase>
    <testcase time="0.0129999999999999" classname="plot_with_settings_ui" name="e2e_teal.widgets_plot_with_settings_clicking_download_download_button_downloads_image_in_a_specified_format">
      <skipped message="Reason: On CRAN ('test-plot_with_settings_ui.R:337:5')"/>
    </testcase>
    <testcase time="0.0119999999999996" classname="plot_with_settings_ui" name="e2e_teal.widgets_plot_with_settings_expanded_image_can_be_resized">
      <skipped message="Reason: On CRAN ('test-plot_with_settings_ui.R:356:3')"/>
    </testcase>
    <testcase time="0.0129999999999999" classname="plot_with_settings_ui" name="e2e_teal.widgets_plot_with_settings_expanded_image_can_be_downloaded">
      <skipped message="Reason: On CRAN ('test-plot_with_settings_ui.R:409:3')"/>
    </testcase>
    <testcase time="0.0120000000000005" classname="plot_with_settings_ui" name="e2e_teal.widgets_plot_with_settings_main_image_can_be_resized">
      <skipped message="Reason: On CRAN ('test-plot_with_settings_ui.R:430:3')"/>
    </testcase>
    <testcase time="0.0129999999999999" classname="plot_with_settings_ui" name="e2e_teal.widgets_plot_with_settings_scrollbar_appears_when_image_is_resized">
      <skipped message="Reason: On CRAN ('test-plot_with_settings_ui.R:474:3')"/>
    </testcase>
  </testsuite>
  <testsuite name="standard_layout" timestamp="2025-09-04T10:49:39Z" hostname="365ad469d462" tests="6" skipped="0" failures="0" errors="0" time="0.074">
    <testcase time="0.0499999999999998" classname="standard_layout" name="Input_validation"/>
    <testcase time="0.00499999999999989" classname="standard_layout" name="Input_validation"/>
    <testcase time="0.00500000000000078" classname="standard_layout" name="Input_validation"/>
    <testcase time="0.00499999999999989" classname="standard_layout" name="Input_validation"/>
    <testcase time="0.00399999999999956" classname="standard_layout" name="Input_validation"/>
    <testcase time="0.00499999999999989" classname="standard_layout" name="Input_validation"/>
  </testsuite>
  <testsuite name="table_args" timestamp="2025-09-04T10:49:40Z" hostname="365ad469d462" tests="30" skipped="0" failures="0" errors="0" time="0.416">
    <testcase time="0.265000000000001" classname="table_args" name="basic_table_args_returns_empty_basic_table_args_with_empty_inputs"/>
    <testcase time="0.00199999999999978" classname="table_args" name="basic_table_args_returns_empty_basic_table_args_with_empty_inputs"/>
    <testcase time="0.00600000000000023" classname="table_args" name="basic_table_args_function_returns_list_of_the_basic_table_args_class"/>
    <testcase time="0.00300000000000011" classname="table_args" name="basic_table_args_rtables_arguments_validation_correct_input"/>
    <testcase time="0.00699999999999967" classname="table_args" name="basic_table_args_rtables_arguments_validation_incorrect_input"/>
    <testcase time="0.00399999999999956" classname="table_args" name="resolve_basic_table_args_returns_empty_basic_table_args_with_empty_input"/>
    <testcase time="0.00700000000000056" classname="table_args" name="resolve_basic_table_args_error_with_empty_list_as_need_a_basic_table_args_class"/>
    <testcase time="0.00399999999999956" classname="table_args" name="resolve_basic_table_args_need_a_basic_table_args_class_or_NULL_for_each_of_its_arguments"/>
    <testcase time="0.00199999999999978" classname="table_args" name="resolve_basic_table_args_need_a_basic_table_args_class_or_NULL_for_each_of_its_arguments"/>
    <testcase time="0.00300000000000011" classname="table_args" name="resolve_basic_table_args_returns_empty_basic_table_args_with_any_list_input_in_basic_table_args"/>
    <testcase time="0.00200000000000067" classname="table_args" name="resolve_basic_table_args_returns_empty_basic_table_args_with_any_list_input_in_basic_table_args"/>
    <testcase time="0.00800000000000001" classname="table_args" name="resolve_basic_table_args_error_with_any_list_or_NULL_input_in_its_arguments_when_it_is_not_only_one"/>
    <testcase time="0.00699999999999967" classname="table_args" name="resolve_basic_table_args_error_with_any_list_or_NULL_input_in_its_arguments_when_it_is_not_only_one"/>
    <testcase time="0.00499999999999989" classname="table_args" name="resolve_basic_table_args_error_with_any_list_or_NULL_input_in_its_arguments_when_it_is_not_only_one"/>
    <testcase time="0.00400000000000045" classname="table_args" name="resolve_basic_table_args_support_NULL_inputs"/>
    <testcase time="0.00499999999999989" classname="table_args" name="resolve_basic_table_args_returns_object_of_basic_table_args_and_list_classes"/>
    <testcase time="0.00300000000000011" classname="table_args" name="resolve_basic_table_args_returns_object_of_basic_table_args_and_list_classes"/>
    <testcase time="0.00699999999999967" classname="table_args" name="parse_basic_table_args_throws_error_with_empty_list"/>
    <testcase time="0.00399999999999956" classname="table_args" name="parse_basic_table_args_returns_language_object_of_empty_rtables_basic_table_call"/>
    <testcase time="0.00100000000000033" classname="table_args" name="parse_basic_table_args_returns_language_object_of_empty_rtables_basic_table_call"/>
    <testcase time="0.00199999999999978" classname="table_args" name="parse_basic_table_args_returns_language_object_of_empty_rtables_basic_table_call"/>
    <testcase time="0.00400000000000045" classname="table_args" name="resolve_basic_table_args_uses_input_from_only_end_user_provided_basic_table_args_source"/>
    <testcase time="0.000999999999999446" classname="table_args" name="resolve_basic_table_args_uses_input_from_only_end_user_provided_basic_table_args_source"/>
    <testcase time="0.00200000000000067" classname="table_args" name="resolve_basic_table_args_uses_input_from_only_end_user_provided_basic_table_args_source"/>
    <testcase time="0.00399999999999956" classname="table_args" name="parse_basic_table_args_when_resolve_basic_table_args_uses_inputfrom_only_end_user_provided_basic_table_args_source"/>
    <testcase time="0.00100000000000033" classname="table_args" name="parse_basic_table_args_when_resolve_basic_table_args_uses_inputfrom_only_end_user_provided_basic_table_args_source"/>
    <testcase time="0.00399999999999956" classname="table_args" name="resolve_basic_table_args_refers_to_global_teal.basic_table_args_options_with_empty_input"/>
    <testcase time="0.0390000000000006" classname="table_args" name="parse_basic_table_args_when_resolve_basic_table_args_refers_to_global_teal.basic_table_argsoptions_with_empty_input"/>
    <testcase time="0.00499999999999989" classname="table_args" name="resolve_basic_table_args_prioritizes_input_in_the_order_user_table_user_default_teal.basic_table_args_and_module_plot"/>
    <testcase time="0.00499999999999989" classname="table_args" name="parse_basic_table_args_when_resolve_basic_table_args_prioritizes_input_in_the_order_user_table_user_default_teal.basic_table_args_and_module_plot"/>
  </testsuite>
  <testsuite name="table_with_settings" timestamp="2025-09-04T10:49:40Z" hostname="365ad469d462" tests="27" skipped="0" failures="0" errors="3" time="3.145">
    <testcase time="0.0190000000000001" classname="table_with_settings" name="table_with_settings_srv_assertions"/>
    <testcase time="0.0119999999999996" classname="table_with_settings" name="table_with_settings_srv_assertions"/>
    <testcase time="0.29" classname="table_with_settings" name="table_with_settings_srv_hiding_works">
      <error type="error" message="&lt;check_class/standalone-checks/rlang_error/error/condition&gt; ('test-table_with_settings.R:29:7')">&lt;check_class/standalone-checks/rlang_error/error/condition&gt;
Error in `gtsummary::as_gt(table_r())`: The `x` argument must be class &lt;gtsummary&gt;, not an &lt;ElementaryTable&gt;
object.
Backtrace:
      ▆
   1. ├─shiny::testServer(...) at test-table_with_settings.R:25:3
   2. │ ├─shiny:::withMockContext(...)
   3. │ │ ├─shiny::isolate(...)
   4. │ │ │ ├─shiny::..stacktraceoff..(...)
   5. │ │ │ └─ctx$run(...)
   6. │ │ │   ├─promises::with_promise_domain(...)
   7. │ │ │   │ └─domain$wrapSync(expr)
   8. │ │ │   ├─shiny::withReactiveDomain(...)
   9. │ │ │   │ └─promises::with_promise_domain(...)
  10. │ │ │   │   └─domain$wrapSync(expr)
  11. │ │ │   │     └─base::force(expr)
  12. │ │ │   ├─shiny::captureStackTraces(...)
  13. │ │ │   │ └─promises::with_promise_domain(...)
  14. │ │ │   │   └─domain$wrapSync(expr)
  15. │ │ │   │     └─base::withCallingHandlers(expr, error = doCaptureStack)
  16. │ │ │   └─env$runWith(self, func)
  17. │ │ │     └─shiny (local) contextFunc()
  18. │ │ │       └─shiny::..stacktraceon..(expr)
  19. │ │ ├─shiny::withReactiveDomain(...)
  20. │ │ │ └─promises::with_promise_domain(...)
  21. │ │ │   └─domain$wrapSync(expr)
  22. │ │ │     └─base::force(expr)
  23. │ │ └─withr::with_options(...)
  24. │ │   └─base::force(code)
  25. │ └─rlang::eval_tidy(quosure, mask, rlang::caller_env())
  26. ├─testthat::expect_silent(output$table_out_modal$html) at test-table_with_settings.R:29:7
  27. │ └─testthat:::quasi_capture(enquo(object), NULL, evaluate_promise)
  28. │   ├─testthat (local) .capture(...)
  29. │   │ ├─withr::with_output_sink(...)
  30. │   │ │ └─base::force(code)
  31. │   │ ├─base::withCallingHandlers(...)
  32. │   │ └─base::withVisible(code)
  33. │   └─rlang::eval_bare(quo_get_expr(.quo), quo_get_env(.quo))
  34. ├─output$table_out_modal
  35. └─shiny:::`$.shinyoutput`(output, table_out_modal)
  36.   └─.subset2(x, "impl")$getOutput(name)
  37.     └─shiny:::flushReact()
  38.       └─private$flush()
  39.         └─shiny:::flushReact()
  40.           └─.getReactiveEnvironment()$flush()
  41.             └─ctx$executeFlushCallbacks()
  42.               └─base::lapply(...)
  43.                 └─shiny (local) FUN(X[[i]], ...)
  44.                   └─shiny (local) flushCallback()
  45.                     ├─shiny:::hybrid_chain(...)
  46.                     │ └─shiny (local) do()
  47.                     │   ├─base::tryCatch(...)
  48.                     │   │ └─base (local) tryCatchList(expr, classes, parentenv, handlers)
  49.                     │   │   └─base (local) tryCatchOne(expr, names, parentenv, handlers[[1L]])
  50.                     │   │     └─base (local) doTryCatch(return(expr), name, parentenv, handler)
  51.                     │   ├─shiny::captureStackTraces(...)
  52.                     │   │ └─promises::with_promise_domain(...)
  53.                     │   │   └─domain$wrapSync(expr)
  54.                     │   │     └─base::withCallingHandlers(expr, error = doCaptureStack)
  55.                     │   ├─base::withVisible(force(expr))
  56.                     │   └─base::force(expr)
  57.                     ├─shiny:::shinyCallingHandlers(run())
  58.                     │ ├─base::withCallingHandlers(...)
  59.                     │ └─shiny::captureStackTraces(expr)
  60.                     │   └─promises::with_promise_domain(...)
  61.                     │     └─domain$wrapSync(expr)
  62.                     │       └─base::withCallingHandlers(expr, error = doCaptureStack)
  63.                     └─shiny (local) run()
  64.                       └─ctx$run(.func)
  65.                         ├─promises::with_promise_domain(...)
  66.                         │ └─domain$wrapSync(expr)
  67.                         ├─shiny::withReactiveDomain(...)
  68.                         │ └─promises::with_promise_domain(...)
  69.                         │   └─domain$wrapSync(expr)
  70.                         │     └─base::force(expr)
  71.                         ├─shiny::captureStackTraces(...)
  72.                         │ └─promises::with_promise_domain(...)
  73.                         │   └─domain$wrapSync(expr)
  74.                         │     └─base::withCallingHandlers(expr, error = doCaptureStack)
  75.                         └─env$runWith(self, func)
  76.                           └─shiny (local) contextFunc()
  77.                             ├─shiny::..stacktraceon..(`&lt;observer&gt;`(...))
  78.                             └─shiny (local) `&lt;observer&gt;`(...)
  79.                               └─shiny::observe()
  80.                                 ├─base::tryCatch(...)
  81.                                 │ └─base (local) tryCatchList(expr, classes, parentenv, handlers)
  82.                                 │   └─base (local) tryCatchOne(expr, names, parentenv, handlers[[1L]])
  83.                                 │     └─base (local) doTryCatch(return(expr), name, parentenv, handler)
  84.                                 ├─private$withCurrentOutput(name, func(self, name))
  85.                                 │ └─promises::with_promise_domain(...)
  86.                                 │   └─domain$wrapSync(expr)
  87.                                 │     └─base::force(expr)
  88.                                 └─shiny (local) func(self, name)
  89.                                   └─shiny (local) renderFunc(...)
  90.                                     ├─shiny:::hybrid_chain(...)
  91.                                     │ └─shiny (local) do()
  92.                                     │   ├─base::tryCatch(...)
  93.                                     │   │ └─base (local) tryCatchList(expr, classes, parentenv, handlers)
  94.                                     │   │   └─base (local) tryCatchOne(expr, names, parentenv, handlers[[1L]])
  95.                                     │   │     └─base (local) doTryCatch(return(expr), name, parentenv, handler)
  96.                                     │   ├─shiny::captureStackTraces(...)
  97.                                     │   │ └─promises::with_promise_domain(...)
  98.                                     │   │   └─domain$wrapSync(expr)
  99.                                     │   │     └─base::withCallingHandlers(expr, error = doCaptureStack)
 100.                                     │   ├─base::withVisible(force(expr))
 101.                                     │   └─base::force(expr)
 102.                                     └─shiny (local) func()
 103.                                       └─teal.widgets (local) `::\ngt\nrender_gt`()
 104.                                         └─gtsummary::as_gt(table_r())
 105.                                           └─gtsummary:::check_class(x, "gtsummary")
 106.                                             └─cli::cli_abort(...)
 107.                                               └─rlang::abort(...)</error>
    </testcase>
    <testcase time="0.243" classname="table_with_settings" name="table_with_settings_srv_return_html_table">
      <error type="error" message="&lt;check_class/standalone-checks/rlang_error/error/condition&gt; ('test-table_with_settings.R:39:7')">&lt;check_class/standalone-checks/rlang_error/error/condition&gt;
Error in `gtsummary::as_gt(table_r())`: The `x` argument must be class &lt;gtsummary&gt;, not an &lt;ElementaryTable&gt;
object.
Backtrace:
      ▆
   1. ├─shiny::testServer(...) at test-table_with_settings.R:35:3
   2. │ ├─shiny:::withMockContext(...)
   3. │ │ ├─shiny::isolate(...)
   4. │ │ │ ├─shiny::..stacktraceoff..(...)
   5. │ │ │ └─ctx$run(...)
   6. │ │ │   ├─promises::with_promise_domain(...)
   7. │ │ │   │ └─domain$wrapSync(expr)
   8. │ │ │   ├─shiny::withReactiveDomain(...)
   9. │ │ │   │ └─promises::with_promise_domain(...)
  10. │ │ │   │   └─domain$wrapSync(expr)
  11. │ │ │   │     └─base::force(expr)
  12. │ │ │   ├─shiny::captureStackTraces(...)
  13. │ │ │   │ └─promises::with_promise_domain(...)
  14. │ │ │   │   └─domain$wrapSync(expr)
  15. │ │ │   │     └─base::withCallingHandlers(expr, error = doCaptureStack)
  16. │ │ │   └─env$runWith(self, func)
  17. │ │ │     └─shiny (local) contextFunc()
  18. │ │ │       └─shiny::..stacktraceon..(expr)
  19. │ │ ├─shiny::withReactiveDomain(...)
  20. │ │ │ └─promises::with_promise_domain(...)
  21. │ │ │   └─domain$wrapSync(expr)
  22. │ │ │     └─base::force(expr)
  23. │ │ └─withr::with_options(...)
  24. │ │   └─base::force(code)
  25. │ └─rlang::eval_tidy(quosure, mask, rlang::caller_env())
  26. ├─testthat::expect_s3_class(output$table_out_modal$html, "html") at test-table_with_settings.R:39:7
  27. │ └─testthat::quasi_label(enquo(object), arg = "object")
  28. │   └─rlang::eval_bare(expr, quo_get_env(quo))
  29. ├─output$table_out_modal
  30. └─shiny:::`$.shinyoutput`(output, table_out_modal)
  31.   └─.subset2(x, "impl")$getOutput(name)
  32.     └─shiny:::flushReact()
  33.       └─private$flush()
  34.         └─shiny:::flushReact()
  35.           └─.getReactiveEnvironment()$flush()
  36.             └─ctx$executeFlushCallbacks()
  37.               └─base::lapply(...)
  38.                 └─shiny (local) FUN(X[[i]], ...)
  39.                   └─shiny (local) flushCallback()
  40.                     ├─shiny:::hybrid_chain(...)
  41.                     │ └─shiny (local) do()
  42.                     │   ├─base::tryCatch(...)
  43.                     │   │ └─base (local) tryCatchList(expr, classes, parentenv, handlers)
  44.                     │   │   └─base (local) tryCatchOne(expr, names, parentenv, handlers[[1L]])
  45.                     │   │     └─base (local) doTryCatch(return(expr), name, parentenv, handler)
  46.                     │   ├─shiny::captureStackTraces(...)
  47.                     │   │ └─promises::with_promise_domain(...)
  48.                     │   │   └─domain$wrapSync(expr)
  49.                     │   │     └─base::withCallingHandlers(expr, error = doCaptureStack)
  50.                     │   ├─base::withVisible(force(expr))
  51.                     │   └─base::force(expr)
  52.                     ├─shiny:::shinyCallingHandlers(run())
  53.                     │ ├─base::withCallingHandlers(...)
  54.                     │ └─shiny::captureStackTraces(expr)
  55.                     │   └─promises::with_promise_domain(...)
  56.                     │     └─domain$wrapSync(expr)
  57.                     │       └─base::withCallingHandlers(expr, error = doCaptureStack)
  58.                     └─shiny (local) run()
  59.                       └─ctx$run(.func)
  60.                         ├─promises::with_promise_domain(...)
  61.                         │ └─domain$wrapSync(expr)
  62.                         ├─shiny::withReactiveDomain(...)
  63.                         │ └─promises::with_promise_domain(...)
  64.                         │   └─domain$wrapSync(expr)
  65.                         │     └─base::force(expr)
  66.                         ├─shiny::captureStackTraces(...)
  67.                         │ └─promises::with_promise_domain(...)
  68.                         │   └─domain$wrapSync(expr)
  69.                         │     └─base::withCallingHandlers(expr, error = doCaptureStack)
  70.                         └─env$runWith(self, func)
  71.                           └─shiny (local) contextFunc()
  72.                             ├─shiny::..stacktraceon..(`&lt;observer&gt;`(...))
  73.                             └─shiny (local) `&lt;observer&gt;`(...)
  74.                               └─shiny::observe()
  75.                                 ├─base::tryCatch(...)
  76.                                 │ └─base (local) tryCatchList(expr, classes, parentenv, handlers)
  77.                                 │   └─base (local) tryCatchOne(expr, names, parentenv, handlers[[1L]])
  78.                                 │     └─base (local) doTryCatch(return(expr), name, parentenv, handler)
  79.                                 ├─private$withCurrentOutput(name, func(self, name))
  80.                                 │ └─promises::with_promise_domain(...)
  81.                                 │   └─domain$wrapSync(expr)
  82.                                 │     └─base::force(expr)
  83.                                 └─shiny (local) func(self, name)
  84.                                   └─shiny (local) renderFunc(...)
  85.                                     ├─shiny:::hybrid_chain(...)
  86.                                     │ └─shiny (local) do()
  87.                                     │   ├─base::tryCatch(...)
  88.                                     │   │ └─base (local) tryCatchList(expr, classes, parentenv, handlers)
  89.                                     │   │   └─base (local) tryCatchOne(expr, names, parentenv, handlers[[1L]])
  90.                                     │   │     └─base (local) doTryCatch(return(expr), name, parentenv, handler)
  91.                                     │   ├─shiny::captureStackTraces(...)
  92.                                     │   │ └─promises::with_promise_domain(...)
  93.                                     │   │   └─domain$wrapSync(expr)
  94.                                     │   │     └─base::withCallingHandlers(expr, error = doCaptureStack)
  95.                                     │   ├─base::withVisible(force(expr))
  96.                                     │   └─base::force(expr)
  97.                                     └─shiny (local) func()
  98.                                       └─teal.widgets (local) `::\ngt\nrender_gt`()
  99.                                         └─gtsummary::as_gt(table_r())
 100.                                           └─gtsummary:::check_class(x, "gtsummary")
 101.                                             └─cli::cli_abort(...)
 102.                                               └─rlang::abort(...)</error>
    </testcase>
    <testcase time="0.226999999999999" classname="table_with_settings" name="table_with_settings_srv_expand_works">
      <error type="error" message="&lt;check_class/standalone-checks/rlang_error/error/condition&gt; ('test-table_with_settings.R:51:7')">&lt;check_class/standalone-checks/rlang_error/error/condition&gt;
Error in `gtsummary::as_gt(table_r())`: The `x` argument must be class &lt;gtsummary&gt;, not an &lt;ElementaryTable&gt;
object.
Backtrace:
     ▆
  1. ├─shiny::testServer(...) at test-table_with_settings.R:46:3
  2. │ ├─shiny:::withMockContext(...)
  3. │ │ ├─shiny::isolate(...)
  4. │ │ │ ├─shiny::..stacktraceoff..(...)
  5. │ │ │ └─ctx$run(...)
  6. │ │ │   ├─promises::with_promise_domain(...)
  7. │ │ │   │ └─domain$wrapSync(expr)
  8. │ │ │   ├─shiny::withReactiveDomain(...)
  9. │ │ │   │ └─promises::with_promise_domain(...)
 10. │ │ │   │   └─domain$wrapSync(expr)
 11. │ │ │   │     └─base::force(expr)
 12. │ │ │   ├─shiny::captureStackTraces(...)
 13. │ │ │   │ └─promises::with_promise_domain(...)
 14. │ │ │   │   └─domain$wrapSync(expr)
 15. │ │ │   │     └─base::withCallingHandlers(expr, error = doCaptureStack)
 16. │ │ │   └─env$runWith(self, func)
 17. │ │ │     └─shiny (local) contextFunc()
 18. │ │ │       └─shiny::..stacktraceon..(expr)
 19. │ │ ├─shiny::withReactiveDomain(...)
 20. │ │ │ └─promises::with_promise_domain(...)
 21. │ │ │   └─domain$wrapSync(expr)
 22. │ │ │     └─base::force(expr)
 23. │ │ └─withr::with_options(...)
 24. │ │   └─base::force(code)
 25. │ └─rlang::eval_tidy(quosure, mask, rlang::caller_env())
 26. └─session$setInputs(expand = TRUE) at test-table_with_settings.R:50:7
 27.   └─self$setInputs(!!!mapNames(ns, rlang::dots_list(..., .homonyms = "error")))
 28.     └─private$flush()
 29.       └─shiny:::flushReact()
 30.         └─.getReactiveEnvironment()$flush()
 31.           └─ctx$executeFlushCallbacks()
 32.             └─base::lapply(...)
 33.               └─shiny (local) FUN(X[[i]], ...)
 34.                 └─shiny (local) flushCallback()
 35.                   ├─shiny:::hybrid_chain(...)
 36.                   │ └─shiny (local) do()
 37.                   │   ├─base::tryCatch(...)
 38.                   │   │ └─base (local) tryCatchList(expr, classes, parentenv, handlers)
 39.                   │   │   └─base (local) tryCatchOne(expr, names, parentenv, handlers[[1L]])
 40.                   │   │     └─base (local) doTryCatch(return(expr), name, parentenv, handler)
 41.                   │   ├─shiny::captureStackTraces(...)
 42.                   │   │ └─promises::with_promise_domain(...)
 43.                   │   │   └─domain$wrapSync(expr)
 44.                   │   │     └─base::withCallingHandlers(expr, error = doCaptureStack)
 45.                   │   ├─base::withVisible(force(expr))
 46.                   │   └─base::force(expr)
 47.                   ├─shiny:::shinyCallingHandlers(run())
 48.                   │ ├─base::withCallingHandlers(...)
 49.                   │ └─shiny::captureStackTraces(expr)
 50.                   │   └─promises::with_promise_domain(...)
 51.                   │     └─domain$wrapSync(expr)
 52.                   │       └─base::withCallingHandlers(expr, error = doCaptureStack)
 53.                   └─shiny (local) run()
 54.                     └─ctx$run(.func)
 55.                       ├─promises::with_promise_domain(...)
 56.                       │ └─domain$wrapSync(expr)
 57.                       ├─shiny::withReactiveDomain(...)
 58.                       │ └─promises::with_promise_domain(...)
 59.                       │   └─domain$wrapSync(expr)
 60.                       │     └─base::force(expr)
 61.                       ├─shiny::captureStackTraces(...)
 62.                       │ └─promises::with_promise_domain(...)
 63.                       │   └─domain$wrapSync(expr)
 64.                       │     └─base::withCallingHandlers(expr, error = doCaptureStack)
 65.                       └─env$runWith(self, func)
 66.                         └─shiny (local) contextFunc()
 67.                           ├─shiny::..stacktraceon..(`&lt;observer&gt;`(...))
 68.                           └─shiny (local) `&lt;observer&gt;`(...)
 69.                             └─shiny::observe()
 70.                               ├─base::tryCatch(...)
 71.                               │ └─base (local) tryCatchList(expr, classes, parentenv, handlers)
 72.                               │   └─base (local) tryCatchOne(expr, names, parentenv, handlers[[1L]])
 73.                               │     └─base (local) doTryCatch(return(expr), name, parentenv, handler)
 74.                               ├─private$withCurrentOutput(name, func(self, name))
 75.                               │ └─promises::with_promise_domain(...)
 76.                               │   └─domain$wrapSync(expr)
 77.                               │     └─base::force(expr)
 78.                               └─shiny (local) func(self, name)
 79.                                 └─shiny (local) renderFunc(...)
 80.                                   ├─shiny:::hybrid_chain(...)
 81.                                   │ └─shiny (local) do()
 82.                                   │   ├─base::tryCatch(...)
 83.                                   │   │ └─base (local) tryCatchList(expr, classes, parentenv, handlers)
 84.                                   │   │   └─base (local) tryCatchOne(expr, names, parentenv, handlers[[1L]])
 85.                                   │   │     └─base (local) doTryCatch(return(expr), name, parentenv, handler)
 86.                                   │   ├─shiny::captureStackTraces(...)
 87.                                   │   │ └─promises::with_promise_domain(...)
 88.                                   │   │   └─domain$wrapSync(expr)
 89.                                   │   │     └─base::withCallingHandlers(expr, error = doCaptureStack)
 90.                                   │   ├─base::withVisible(force(expr))
 91.                                   │   └─base::force(expr)
 92.                                   └─shiny (local) func()
 93.                                     └─teal.widgets (local) `::\ngt\nrender_gt`()
 94.                                       └─gtsummary::as_gt(table_r())
 95.                                         └─gtsummary:::check_class(x, "gtsummary")
 96.                                           └─cli::cli_abort(...)
 97.                                             └─rlang::abort(...)</error>
    </testcase>
    <testcase time="0.210000000000001" classname="table_with_settings" name="type_download_srv_table_downloading_different_output_types_custom_name"/>
    <testcase time="0.113" classname="table_with_settings" name="type_download_srv_table_downloading_different_output_types_custom_name"/>
    <testcase time="0.0519999999999996" classname="table_with_settings" name="type_download_srv_table_downloading_different_output_types_custom_name"/>
    <testcase time="0.0330000000000004" classname="table_with_settings" name="type_download_srv_table_downloading_different_output_types_custom_name"/>
    <testcase time="0.0529999999999999" classname="table_with_settings" name="type_download_srv_table_downloading_different_output_types_custom_name"/>
    <testcase time="0.0430000000000001" classname="table_with_settings" name="type_download_srv_table_downloading_different_output_types_custom_name"/>
    <testcase time="0.0759999999999996" classname="table_with_settings" name="type_download_srv_table_downloading_different_output_types_no_name"/>
    <testcase time="0.0420000000000007" classname="table_with_settings" name="type_download_srv_table_downloading_different_output_types_no_name"/>
    <testcase time="0.0499999999999998" classname="table_with_settings" name="type_download_srv_table_downloading_different_output_types_no_name"/>
    <testcase time="0.0329999999999995" classname="table_with_settings" name="type_download_srv_table_downloading_different_output_types_no_name"/>
    <testcase time="0.0520000000000005" classname="table_with_settings" name="type_download_srv_table_downloading_different_output_types_no_name"/>
    <testcase time="0.0419999999999998" classname="table_with_settings" name="type_download_srv_table_downloading_different_output_types_no_name"/>
    <testcase time="0.2" classname="table_with_settings" name="type_download_srv_table_downloading_different_output_types_pagination"/>
    <testcase time="0.093" classname="table_with_settings" name="type_download_srv_table_downloading_different_output_types_pagination"/>
    <testcase time="0.192" classname="table_with_settings" name="type_download_srv_table_downloading_different_output_types_pagination"/>
    <testcase time="0.0259999999999998" classname="table_with_settings" name="type_download_srv_table_downloading_different_output_types_pagination"/>
    <testcase time="0.174" classname="table_with_settings" name="type_download_srv_table_downloading_different_output_types_pagination"/>
    <testcase time="0.0989999999999993" classname="table_with_settings" name="type_download_srv_table_downloading_different_output_types_pagination"/>
    <testcase time="0.191" classname="table_with_settings" name="type_download_srv_table_pagination_lpp_to_small"/>
    <testcase time="0.302" classname="table_with_settings" name="type_download_srv_table_pagination_lpp_to_small"/>
    <testcase time="0.0759999999999996" classname="table_with_settings" name="type_download_srv_table_content_of_the_table_csv"/>
    <testcase time="0.202" classname="table_with_settings" name="type_download_srv_table_content_of_the_table_txt"/>
  </testsuite>
  <testsuite name="table_with_settings_ui" timestamp="2025-09-04T10:49:43Z" hostname="365ad469d462" tests="9" skipped="8" failures="0" errors="0" time="0.14">
    <testcase time="0.0330000000000004" classname="table_with_settings_ui" name="table_with_settings_ui_returns_shiny.tag_"/>
    <testcase time="0.00400000000000045" classname="table_with_settings_ui" name="e2e_teal.widgets_table_with_settings_is_initialized_with_2_buttons_and_a_table">
      <skipped message="Reason: On CRAN ('test-table_with_settings_ui.R:72:5')"/>
    </testcase>
    <testcase time="0.0139999999999993" classname="table_with_settings_ui" name="e2e_teal.widgets_table_with_settings_the_click_on_the_download_button_opens_a_download_menu_with_file_type_file_name_and_download_button">
      <skipped message="Reason: On CRAN ('test-table_with_settings_ui.R:94:5')"/>
    </testcase>
    <testcase time="0.0209999999999999" classname="table_with_settings_ui" name="e2e_teal.widgets_table_with_settings_check_pagination_appearance_for_.txt_and_disappearance_for_.csv_for_the_first_button">
      <skipped message="Reason: On CRAN ('test-table_with_settings_ui.R:158:5')"/>
    </testcase>
    <testcase time="0.0150000000000006" classname="table_with_settings_ui" name="e2e_teal.widgets_table_with_settings_the_click_on_expand_button_opens_a_modal_with_a_table">
      <skipped message="Reason: On CRAN ('test-table_with_settings_ui.R:185:5')"/>
    </testcase>
    <testcase time="0.0129999999999999" classname="table_with_settings_ui" name="e2e_teal.widgets_table_with_settings_clicking_download_in_an_expand_modal_opens_dropdown_menu_with_dwnl_settings_such_as_file_type_file_name_pagination">
      <skipped message="Reason: On CRAN ('test-table_with_settings_ui.R:221:5')"/>
    </testcase>
    <testcase time="0.0140000000000002" classname="table_with_settings_ui" name="e2e_teal.widgets_table_with_settings_check_pagination_appearance_for_.txt_and_disappearance_for_.csv_for_the_modal_on_the_second_button">
      <skipped message="Reason: On CRAN ('test-table_with_settings_ui.R:287:5')"/>
    </testcase>
    <testcase time="0.0129999999999999" classname="table_with_settings_ui" name="e2e_teal.widgets_table_with_settings_clicking_download_download_button_downloads_table_in_a_specified_format">
      <skipped message="Reason: On CRAN ('test-table_with_settings_ui.R:311:5')"/>
    </testcase>
    <testcase time="0.0129999999999999" classname="table_with_settings_ui" name="e2e_teal.widgets_table_with_settings_expanded_table_can_be_downloaded">
      <skipped message="Reason: On CRAN ('test-table_with_settings_ui.R:334:3')"/>
    </testcase>
  </testsuite>
  <testsuite name="utils" timestamp="2025-09-04T10:49:43Z" hostname="365ad469d462" tests="4" skipped="0" failures="0" errors="0" time="0.045">
    <testcase time="0.0269999999999992" classname="utils" name="apply_plot_modifications_Modify_ggplot_object_with_dblclicking_enabled"/>
    <testcase time="0.00600000000000023" classname="utils" name="apply_plot_modifications_Modify_ggplot_object_with_dblclicking_disabled"/>
    <testcase time="0.00600000000000023" classname="utils" name="apply_plot_modifications_Modify_grob_object"/>
    <testcase time="0.00600000000000023" classname="utils" name="apply_plot_modifications_Do_not_modify_plot_object"/>
  </testsuite>
  <testsuite name="verbatim_popup" timestamp="2025-09-04T10:49:43Z" hostname="365ad469d462" tests="16" skipped="0" failures="0" errors="0" time="0.336">
    <testcase time="0.00900000000000034" classname="verbatim_popup" name="format_content_returns_a_shiny_reactive_when_passed_a_string"/>
    <testcase time="0.00600000000000023" classname="verbatim_popup" name="format_content_returns_a_shiny_reactive_when_passed_an_expression"/>
    <testcase time="0.00599999999999845" classname="verbatim_popup" name="format_content_returns_a_shiny_reactive_when_passed_a_reactive"/>
    <testcase time="0.00600000000000023" classname="verbatim_popup" name="format_content_returns_a_reactive_when_passed_a_condition"/>
    <testcase time="0.00600000000000023" classname="verbatim_popup" name="format_content_returns_a_reactive_when_passed_a_reactive_holding_a_condition"/>
    <testcase time="0.00500000000000078" classname="verbatim_popup" name="format_content_concatenates_the_passed_array_of_strings"/>
    <testcase time="0.00499999999999901" classname="verbatim_popup" name="format_content_concatenates_the_passed_array_of_expressions"/>
    <testcase time="0.00600000000000023" classname="verbatim_popup" name="format_content_concatenates_the_passed_array_of_string_inside_a_reactive"/>
    <testcase time="0.189" classname="verbatim_popup" name="format_content_returns_a_reactive_storing_a_styled_string_when_passed_an_expression_character_or_reactive_when_style_TRUE"/>
    <testcase time="0.0410000000000004" classname="verbatim_popup" name="format_content_returns_a_reactive_storing_a_styled_string_when_passed_an_expression_character_or_reactive_when_style_TRUE"/>
    <testcase time="0.00799999999999912" classname="verbatim_popup" name="format_content_returns_a_reactive_storing_a_styled_string_when_passed_an_expression_character_or_reactive_when_style_TRUE"/>
    <testcase time="0.0080000000000009" classname="verbatim_popup" name="button_click_observer_returns_an_observer"/>
    <testcase time="0.00699999999999967" classname="verbatim_popup" name="verbatim_popup_ui_returns_a_tag_list"/>
    <testcase time="0.00900000000000034" classname="verbatim_popup" name="verbatim_popup_ui_with_type_not_equal_to_button_or_link_throws_error"/>
    <testcase time="0.00999999999999979" classname="verbatim_popup" name="verbatim_popup_ui_with_type_button_produces_a_button"/>
    <testcase time="0.0150000000000006" classname="verbatim_popup" name="verbatim_popup_ui_with_type_link_produces_a_button_with_a_class_link"/>
  </testsuite>
  <testsuite name="verbatim_popup_ui" timestamp="2025-09-04T10:49:44Z" hostname="365ad469d462" tests="2" skipped="1" failures="0" errors="0" time="0.013">
    <testcase time="0.00900000000000034" classname="verbatim_popup_ui" name="verbatim_popup_ui_returns_shiny.tag.list_"/>
    <testcase time="0.00399999999999956" classname="verbatim_popup_ui" name="e2e_teal.widgets_verbatim_popup_is_initialized_with_a_button_that_opens_a_modal_with_a_verbatim_text">
      <skipped message="Reason: On CRAN ('test-verbatim_popup_ui.R:38:5')"/>
    </testcase>
  </testsuite>
</testsuites>
