<?xml version="1.0" encoding="UTF-8"?>
<!DOCTYPE coverage SYSTEM "https://raw.githubusercontent.com/cobertura/cobertura/master/cobertura/src/site/htdocs/xml/coverage-04.dtd">
<coverage line-rate="0.59967585089141" branch-rate="0" lines-covered="740" lines-valid="1234" branches-covered="0" branches-valid="0" complexity="0" version="3.6.4" timestamp="2024-09-13 16:10:51.861885">
  <sources>
    <source>/__w/teal.widgets/teal.widgets/teal.widgets</source>
  </sources>
  <packages>
    <package name="teal.widgets" line-rate="0.59967585089141" branch-rate="0" complexity="0">
      <classes>
        <class name="basic_table_args.R" filename="R/basic_table_args.R" line-rate="1" branch-rate="0" complexity="0">
          <methods>
            <method name="basic_table_args" signature="" line-rate="1" branch-rate="0" complexity="0">
              <lines>
                <line number="21" hits="118" branch="false"/>
                <line number="22" hits="118" branch="false"/>
                <line number="24" hits="118" branch="false"/>
                <line number="25" hits="118" branch="false"/>
                <line number="27" hits="114" branch="false"/>
              </lines>
            </method>
            <method name="resolve_basic_table_args" signature="" line-rate="1" branch-rate="0" complexity="0">
              <lines>
                <line number="68" hits="24" branch="false"/>
                <line number="69" hits="23" branch="false"/>
                <line number="70" hits="23" branch="false"/>
                <line number="71" hits="23" branch="false"/>
                <line number="73" hits="23" branch="false"/>
                <line number="74" hits="23" branch="false"/>
                <line number="75" hits="23" branch="false"/>
                <line number="76" hits="23" branch="false"/>
                <line number="77" hits="23" branch="false"/>
                <line number="78" hits="23" branch="false"/>
                <line number="80" hits="23" branch="false"/>
                <line number="82" hits="23" branch="false"/>
                <line number="83" hits="9" branch="false"/>
                <line number="85" hits="14" branch="false"/>
              </lines>
            </method>
            <method name="parse_basic_table_args" signature="" line-rate="1" branch-rate="0" complexity="0">
              <lines>
                <line number="106" hits="8" branch="false"/>
                <line number="108" hits="7" branch="false"/>
                <line number="109" hits="3" branch="false"/>
                <line number="111" hits="4" branch="false"/>
              </lines>
            </method>
          </methods>
          <lines>
            <line number="21" hits="118" branch="false"/>
            <line number="22" hits="118" branch="false"/>
            <line number="24" hits="118" branch="false"/>
            <line number="25" hits="118" branch="false"/>
            <line number="27" hits="114" branch="false"/>
            <line number="68" hits="24" branch="false"/>
            <line number="69" hits="23" branch="false"/>
            <line number="70" hits="23" branch="false"/>
            <line number="71" hits="23" branch="false"/>
            <line number="73" hits="23" branch="false"/>
            <line number="74" hits="23" branch="false"/>
            <line number="75" hits="23" branch="false"/>
            <line number="76" hits="23" branch="false"/>
            <line number="77" hits="23" branch="false"/>
            <line number="78" hits="23" branch="false"/>
            <line number="80" hits="23" branch="false"/>
            <line number="82" hits="23" branch="false"/>
            <line number="83" hits="9" branch="false"/>
            <line number="85" hits="14" branch="false"/>
            <line number="106" hits="8" branch="false"/>
            <line number="108" hits="7" branch="false"/>
            <line number="109" hits="3" branch="false"/>
            <line number="111" hits="4" branch="false"/>
          </lines>
        </class>
        <class name="draggable_buckets.R" filename="R/draggable_buckets.R" line-rate="0" branch-rate="0" complexity="0">
          <methods>
            <method name="draggable_buckets" signature="" line-rate="0" branch-rate="0" complexity="0">
              <lines>
                <line number="58" hits="0" branch="false"/>
                <line number="59" hits="0" branch="false"/>
                <line number="60" hits="0" branch="false"/>
                <line number="61" hits="0" branch="false"/>
                <line number="62" hits="0" branch="false"/>
                <line number="63" hits="0" branch="false"/>
                <line number="64" hits="0" branch="false"/>
                <line number="66" hits="0" branch="false"/>
                <line number="67" hits="0" branch="false"/>
                <line number="69" hits="0" branch="false"/>
                <line number="70" hits="0" branch="false"/>
                <line number="71" hits="0" branch="false"/>
                <line number="72" hits="0" branch="false"/>
                <line number="73" hits="0" branch="false"/>
                <line number="74" hits="0" branch="false"/>
                <line number="75" hits="0" branch="false"/>
                <line number="76" hits="0" branch="false"/>
                <line number="77" hits="0" branch="false"/>
                <line number="78" hits="0" branch="false"/>
                <line number="79" hits="0" branch="false"/>
                <line number="80" hits="0" branch="false"/>
                <line number="81" hits="0" branch="false"/>
              </lines>
            </method>
            <method name="render_unbucketed_elements" signature="" line-rate="0" branch-rate="0" complexity="0">
              <lines>
                <line number="85" hits="0" branch="false"/>
                <line number="86" hits="0" branch="false"/>
                <line number="87" hits="0" branch="false"/>
                <line number="88" hits="0" branch="false"/>
                <line number="89" hits="0" branch="false"/>
                <line number="90" hits="0" branch="false"/>
                <line number="91" hits="0" branch="false"/>
                <line number="92" hits="0" branch="false"/>
                <line number="93" hits="0" branch="false"/>
                <line number="94" hits="0" branch="false"/>
                <line number="95" hits="0" branch="false"/>
                <line number="96" hits="0" branch="false"/>
                <line number="97" hits="0" branch="false"/>
                <line number="98" hits="0" branch="false"/>
                <line number="99" hits="0" branch="false"/>
              </lines>
            </method>
            <method name="render_buckets" signature="" line-rate="0" branch-rate="0" complexity="0">
              <lines>
                <line number="103" hits="0" branch="false"/>
                <line number="104" hits="0" branch="false"/>
                <line number="105" hits="0" branch="false"/>
                <line number="106" hits="0" branch="false"/>
                <line number="107" hits="0" branch="false"/>
                <line number="108" hits="0" branch="false"/>
                <line number="109" hits="0" branch="false"/>
                <line number="110" hits="0" branch="false"/>
                <line number="111" hits="0" branch="false"/>
                <line number="112" hits="0" branch="false"/>
                <line number="113" hits="0" branch="false"/>
                <line number="114" hits="0" branch="false"/>
                <line number="115" hits="0" branch="false"/>
              </lines>
            </method>
            <method name="render_draggable_element" signature="" line-rate="0" branch-rate="0" complexity="0">
              <lines>
                <line number="119" hits="0" branch="false"/>
                <line number="120" hits="0" branch="false"/>
                <line number="121" hits="0" branch="false"/>
                <line number="122" hits="0" branch="false"/>
                <line number="123" hits="0" branch="false"/>
                <line number="124" hits="0" branch="false"/>
                <line number="125" hits="0" branch="false"/>
                <line number="126" hits="0" branch="false"/>
                <line number="127" hits="0" branch="false"/>
                <line number="128" hits="0" branch="false"/>
              </lines>
            </method>
            <method name="render_bucket" signature="" line-rate="0" branch-rate="0" complexity="0">
              <lines>
                <line number="132" hits="0" branch="false"/>
                <line number="133" hits="0" branch="false"/>
                <line number="134" hits="0" branch="false"/>
                <line number="135" hits="0" branch="false"/>
                <line number="136" hits="0" branch="false"/>
                <line number="137" hits="0" branch="false"/>
                <line number="138" hits="0" branch="false"/>
                <line number="139" hits="0" branch="false"/>
                <line number="140" hits="0" branch="false"/>
                <line number="141" hits="0" branch="false"/>
                <line number="142" hits="0" branch="false"/>
                <line number="143" hits="0" branch="false"/>
                <line number="144" hits="0" branch="false"/>
                <line number="145" hits="0" branch="false"/>
                <line number="146" hits="0" branch="false"/>
                <line number="147" hits="0" branch="false"/>
                <line number="148" hits="0" branch="false"/>
                <line number="149" hits="0" branch="false"/>
                <line number="150" hits="0" branch="false"/>
                <line number="151" hits="0" branch="false"/>
                <line number="152" hits="0" branch="false"/>
                <line number="153" hits="0" branch="false"/>
              </lines>
            </method>
          </methods>
          <lines>
            <line number="58" hits="0" branch="false"/>
            <line number="59" hits="0" branch="false"/>
            <line number="60" hits="0" branch="false"/>
            <line number="61" hits="0" branch="false"/>
            <line number="62" hits="0" branch="false"/>
            <line number="63" hits="0" branch="false"/>
            <line number="64" hits="0" branch="false"/>
            <line number="66" hits="0" branch="false"/>
            <line number="67" hits="0" branch="false"/>
            <line number="69" hits="0" branch="false"/>
            <line number="70" hits="0" branch="false"/>
            <line number="71" hits="0" branch="false"/>
            <line number="72" hits="0" branch="false"/>
            <line number="73" hits="0" branch="false"/>
            <line number="74" hits="0" branch="false"/>
            <line number="75" hits="0" branch="false"/>
            <line number="76" hits="0" branch="false"/>
            <line number="77" hits="0" branch="false"/>
            <line number="78" hits="0" branch="false"/>
            <line number="79" hits="0" branch="false"/>
            <line number="80" hits="0" branch="false"/>
            <line number="81" hits="0" branch="false"/>
            <line number="85" hits="0" branch="false"/>
            <line number="86" hits="0" branch="false"/>
            <line number="87" hits="0" branch="false"/>
            <line number="88" hits="0" branch="false"/>
            <line number="89" hits="0" branch="false"/>
            <line number="90" hits="0" branch="false"/>
            <line number="91" hits="0" branch="false"/>
            <line number="92" hits="0" branch="false"/>
            <line number="93" hits="0" branch="false"/>
            <line number="94" hits="0" branch="false"/>
            <line number="95" hits="0" branch="false"/>
            <line number="96" hits="0" branch="false"/>
            <line number="97" hits="0" branch="false"/>
            <line number="98" hits="0" branch="false"/>
            <line number="99" hits="0" branch="false"/>
            <line number="103" hits="0" branch="false"/>
            <line number="104" hits="0" branch="false"/>
            <line number="105" hits="0" branch="false"/>
            <line number="106" hits="0" branch="false"/>
            <line number="107" hits="0" branch="false"/>
            <line number="108" hits="0" branch="false"/>
            <line number="109" hits="0" branch="false"/>
            <line number="110" hits="0" branch="false"/>
            <line number="111" hits="0" branch="false"/>
            <line number="112" hits="0" branch="false"/>
            <line number="113" hits="0" branch="false"/>
            <line number="114" hits="0" branch="false"/>
            <line number="115" hits="0" branch="false"/>
            <line number="119" hits="0" branch="false"/>
            <line number="120" hits="0" branch="false"/>
            <line number="121" hits="0" branch="false"/>
            <line number="122" hits="0" branch="false"/>
            <line number="123" hits="0" branch="false"/>
            <line number="124" hits="0" branch="false"/>
            <line number="125" hits="0" branch="false"/>
            <line number="126" hits="0" branch="false"/>
            <line number="127" hits="0" branch="false"/>
            <line number="128" hits="0" branch="false"/>
            <line number="132" hits="0" branch="false"/>
            <line number="133" hits="0" branch="false"/>
            <line number="134" hits="0" branch="false"/>
            <line number="135" hits="0" branch="false"/>
            <line number="136" hits="0" branch="false"/>
            <line number="137" hits="0" branch="false"/>
            <line number="138" hits="0" branch="false"/>
            <line number="139" hits="0" branch="false"/>
            <line number="140" hits="0" branch="false"/>
            <line number="141" hits="0" branch="false"/>
            <line number="142" hits="0" branch="false"/>
            <line number="143" hits="0" branch="false"/>
            <line number="144" hits="0" branch="false"/>
            <line number="145" hits="0" branch="false"/>
            <line number="146" hits="0" branch="false"/>
            <line number="147" hits="0" branch="false"/>
            <line number="148" hits="0" branch="false"/>
            <line number="149" hits="0" branch="false"/>
            <line number="150" hits="0" branch="false"/>
            <line number="151" hits="0" branch="false"/>
            <line number="152" hits="0" branch="false"/>
            <line number="153" hits="0" branch="false"/>
          </lines>
        </class>
        <class name="get_dt_rows.R" filename="R/get_dt_rows.R" line-rate="0" branch-rate="0" complexity="0">
          <methods>
            <method name="get_dt_rows" signature="" line-rate="0" branch-rate="0" complexity="0">
              <lines>
                <line number="44" hits="0" branch="false"/>
                <line number="45" hits="0" branch="false"/>
                <line number="46" hits="0" branch="false"/>
                <line number="47" hits="0" branch="false"/>
                <line number="48" hits="0" branch="false"/>
                <line number="49" hits="0" branch="false"/>
                <line number="50" hits="0" branch="false"/>
                <line number="51" hits="0" branch="false"/>
                <line number="52" hits="0" branch="false"/>
                <line number="53" hits="0" branch="false"/>
                <line number="54" hits="0" branch="false"/>
                <line number="55" hits="0" branch="false"/>
                <line number="56" hits="0" branch="false"/>
              </lines>
            </method>
          </methods>
          <lines>
            <line number="44" hits="0" branch="false"/>
            <line number="45" hits="0" branch="false"/>
            <line number="46" hits="0" branch="false"/>
            <line number="47" hits="0" branch="false"/>
            <line number="48" hits="0" branch="false"/>
            <line number="49" hits="0" branch="false"/>
            <line number="50" hits="0" branch="false"/>
            <line number="51" hits="0" branch="false"/>
            <line number="52" hits="0" branch="false"/>
            <line number="53" hits="0" branch="false"/>
            <line number="54" hits="0" branch="false"/>
            <line number="55" hits="0" branch="false"/>
            <line number="56" hits="0" branch="false"/>
          </lines>
        </class>
        <class name="ggplot2_args.R" filename="R/ggplot2_args.R" line-rate="1" branch-rate="0" complexity="0">
          <methods>
            <method name="ggplot2_args" signature="" line-rate="1" branch-rate="0" complexity="0">
              <lines>
                <line number="27" hits="92" branch="false"/>
                <line number="28" hits="92" branch="false"/>
                <line number="29" hits="92" branch="false"/>
                <line number="30" hits="92" branch="false"/>
                <line number="32" hits="92" branch="false"/>
                <line number="35" hits="92" branch="false"/>
                <line number="36" hits="92" branch="false"/>
                <line number="37" hits="92" branch="false"/>
                <line number="38" hits="92" branch="false"/>
                <line number="39" hits="92" branch="false"/>
                <line number="40" hits="91" branch="false"/>
                <line number="42" hits="90" branch="false"/>
              </lines>
            </method>
            <method name="resolve_ggplot2_args" signature="" line-rate="1" branch-rate="0" complexity="0">
              <lines>
                <line number="89" hits="18" branch="false"/>
                <line number="90" hits="17" branch="false"/>
                <line number="91" hits="17" branch="false"/>
                <line number="92" hits="17" branch="false"/>
                <line number="94" hits="17" branch="false"/>
                <line number="95" hits="17" branch="false"/>
                <line number="96" hits="17" branch="false"/>
                <line number="97" hits="17" branch="false"/>
                <line number="98" hits="17" branch="false"/>
                <line number="99" hits="17" branch="false"/>
                <line number="101" hits="17" branch="false"/>
                <line number="102" hits="17" branch="false"/>
                <line number="104" hits="17" branch="false"/>
                <line number="105" hits="17" branch="false"/>
                <line number="107" hits="17" branch="false"/>
              </lines>
            </method>
            <method name="parse_ggplot2_args" signature="" line-rate="1" branch-rate="0" complexity="0">
              <lines>
                <line number="151" hits="10" branch="false"/>
                <line number="152" hits="9" branch="false"/>
                <line number="154" hits="9" branch="false"/>
                <line number="156" hits="9" branch="false"/>
                <line number="158" hits="9" branch="false"/>
                <line number="159" hits="5" branch="false"/>
                <line number="160" hits="9" branch="false"/>
                <line number="161" hits="4" branch="false"/>
                <line number="162" hits="9" branch="false"/>
                <line number="164" hits="9" branch="false"/>
                <line number="165" hits="1" branch="false"/>
                <line number="166" hits="9" branch="false"/>
                <line number="167" hits="8" branch="false"/>
                <line number="168" hits="9" branch="false"/>
                <line number="170" hits="9" branch="false"/>
                <line number="172" hits="9" branch="false"/>
                <line number="173" hits="2" branch="false"/>
                <line number="174" hits="9" branch="false"/>
                <line number="175" hits="7" branch="false"/>
                <line number="176" hits="9" branch="false"/>
                <line number="178" hits="9" branch="false"/>
                <line number="180" hits="3" branch="false"/>
              </lines>
            </method>
          </methods>
          <lines>
            <line number="27" hits="92" branch="false"/>
            <line number="28" hits="92" branch="false"/>
            <line number="29" hits="92" branch="false"/>
            <line number="30" hits="92" branch="false"/>
            <line number="32" hits="92" branch="false"/>
            <line number="35" hits="92" branch="false"/>
            <line number="36" hits="92" branch="false"/>
            <line number="37" hits="92" branch="false"/>
            <line number="38" hits="92" branch="false"/>
            <line number="39" hits="92" branch="false"/>
            <line number="40" hits="91" branch="false"/>
            <line number="42" hits="90" branch="false"/>
            <line number="89" hits="18" branch="false"/>
            <line number="90" hits="17" branch="false"/>
            <line number="91" hits="17" branch="false"/>
            <line number="92" hits="17" branch="false"/>
            <line number="94" hits="17" branch="false"/>
            <line number="95" hits="17" branch="false"/>
            <line number="96" hits="17" branch="false"/>
            <line number="97" hits="17" branch="false"/>
            <line number="98" hits="17" branch="false"/>
            <line number="99" hits="17" branch="false"/>
            <line number="101" hits="17" branch="false"/>
            <line number="102" hits="17" branch="false"/>
            <line number="104" hits="17" branch="false"/>
            <line number="105" hits="17" branch="false"/>
            <line number="107" hits="17" branch="false"/>
            <line number="151" hits="10" branch="false"/>
            <line number="152" hits="9" branch="false"/>
            <line number="154" hits="9" branch="false"/>
            <line number="156" hits="9" branch="false"/>
            <line number="158" hits="9" branch="false"/>
            <line number="159" hits="5" branch="false"/>
            <line number="160" hits="9" branch="false"/>
            <line number="161" hits="4" branch="false"/>
            <line number="162" hits="9" branch="false"/>
            <line number="164" hits="9" branch="false"/>
            <line number="165" hits="1" branch="false"/>
            <line number="166" hits="9" branch="false"/>
            <line number="167" hits="8" branch="false"/>
            <line number="168" hits="9" branch="false"/>
            <line number="170" hits="9" branch="false"/>
            <line number="172" hits="9" branch="false"/>
            <line number="173" hits="2" branch="false"/>
            <line number="174" hits="9" branch="false"/>
            <line number="175" hits="7" branch="false"/>
            <line number="176" hits="9" branch="false"/>
            <line number="178" hits="9" branch="false"/>
            <line number="180" hits="3" branch="false"/>
          </lines>
        </class>
        <class name="include_css_js.R" filename="R/include_css_js.R" line-rate="0.857142857142857" branch-rate="0" complexity="0">
          <methods>
            <method name="include_css_files" signature="" line-rate="0.857142857142857" branch-rate="0" complexity="0">
              <lines>
                <line number="12" hits="2" branch="false"/>
                <line number="13" hits="2" branch="false"/>
                <line number="14" hits="2" branch="false"/>
                <line number="15" hits="2" branch="false"/>
                <line number="16" hits="2" branch="false"/>
                <line number="17" hits="0" branch="false"/>
                <line number="19" hits="2" branch="false"/>
              </lines>
            </method>
          </methods>
          <lines>
            <line number="12" hits="2" branch="false"/>
            <line number="13" hits="2" branch="false"/>
            <line number="14" hits="2" branch="false"/>
            <line number="15" hits="2" branch="false"/>
            <line number="16" hits="2" branch="false"/>
            <line number="17" hits="0" branch="false"/>
            <line number="19" hits="2" branch="false"/>
          </lines>
        </class>
        <class name="nested_closeable_modal.R" filename="R/nested_closeable_modal.R" line-rate="0" branch-rate="0" complexity="0">
          <methods>
            <method name="nested_closeable_modal" signature="" line-rate="0" branch-rate="0" complexity="0">
              <lines>
                <line number="83" hits="0" branch="false"/>
                <line number="84" hits="0" branch="false"/>
                <line number="85" hits="0" branch="false"/>
                <line number="86" hits="0" branch="false"/>
                <line number="87" hits="0" branch="false"/>
                <line number="88" hits="0" branch="false"/>
                <line number="89" hits="0" branch="false"/>
                <line number="90" hits="0" branch="false"/>
                <line number="91" hits="0" branch="false"/>
                <line number="92" hits="0" branch="false"/>
                <line number="93" hits="0" branch="false"/>
                <line number="94" hits="0" branch="false"/>
                <line number="95" hits="0" branch="false"/>
                <line number="96" hits="0" branch="false"/>
                <line number="97" hits="0" branch="false"/>
                <line number="98" hits="0" branch="false"/>
              </lines>
            </method>
          </methods>
          <lines>
            <line number="83" hits="0" branch="false"/>
            <line number="84" hits="0" branch="false"/>
            <line number="85" hits="0" branch="false"/>
            <line number="86" hits="0" branch="false"/>
            <line number="87" hits="0" branch="false"/>
            <line number="88" hits="0" branch="false"/>
            <line number="89" hits="0" branch="false"/>
            <line number="90" hits="0" branch="false"/>
            <line number="91" hits="0" branch="false"/>
            <line number="92" hits="0" branch="false"/>
            <line number="93" hits="0" branch="false"/>
            <line number="94" hits="0" branch="false"/>
            <line number="95" hits="0" branch="false"/>
            <line number="96" hits="0" branch="false"/>
            <line number="97" hits="0" branch="false"/>
            <line number="98" hits="0" branch="false"/>
          </lines>
        </class>
        <class name="optionalInput.R" filename="R/optionalInput.R" line-rate="0.168627450980392" branch-rate="0" complexity="0">
          <methods>
            <method name="optionalSelectInput" signature="" line-rate="0" branch-rate="0" complexity="0">
              <lines>
                <line number="149" hits="0" branch="false"/>
                <line number="150" hits="0" branch="false"/>
                <line number="151" hits="0" branch="false"/>
                <line number="152" hits="0" branch="false"/>
                <line number="153" hits="0" branch="false"/>
                <line number="154" hits="0" branch="false"/>
                <line number="155" hits="0" branch="false"/>
                <line number="156" hits="0" branch="false"/>
                <line number="157" hits="0" branch="false"/>
                <line number="158" hits="0" branch="false"/>
                <line number="159" hits="0" branch="false"/>
                <line number="160" hits="0" branch="false"/>
                <line number="161" hits="0" branch="false"/>
                <line number="162" hits="0" branch="false"/>
                <line number="163" hits="0" branch="false"/>
                <line number="164" hits="0" branch="false"/>
                <line number="165" hits="0" branch="false"/>
                <line number="166" hits="0" branch="false"/>
                <line number="167" hits="0" branch="false"/>
                <line number="168" hits="0" branch="false"/>
                <line number="169" hits="0" branch="false"/>
                <line number="170" hits="0" branch="false"/>
                <line number="171" hits="0" branch="false"/>
                <line number="172" hits="0" branch="false"/>
                <line number="173" hits="0" branch="false"/>
                <line number="175" hits="0" branch="false"/>
                <line number="176" hits="0" branch="false"/>
                <line number="179" hits="0" branch="false"/>
                <line number="180" hits="0" branch="false"/>
                <line number="181" hits="0" branch="false"/>
                <line number="182" hits="0" branch="false"/>
                <line number="183" hits="0" branch="false"/>
                <line number="184" hits="0" branch="false"/>
                <line number="185" hits="0" branch="false"/>
                <line number="188" hits="0" branch="false"/>
                <line number="189" hits="0" branch="false"/>
                <line number="191" hits="0" branch="false"/>
                <line number="192" hits="0" branch="false"/>
                <line number="193" hits="0" branch="false"/>
                <line number="194" hits="0" branch="false"/>
                <line number="195" hits="0" branch="false"/>
                <line number="197" hits="0" branch="false"/>
                <line number="198" hits="0" branch="false"/>
                <line number="199" hits="0" branch="false"/>
                <line number="202" hits="0" branch="false"/>
                <line number="204" hits="0" branch="false"/>
                <line number="205" hits="0" branch="false"/>
                <line number="207" hits="0" branch="false"/>
                <line number="208" hits="0" branch="false"/>
                <line number="211" hits="0" branch="false"/>
                <line number="212" hits="0" branch="false"/>
                <line number="213" hits="0" branch="false"/>
                <line number="214" hits="0" branch="false"/>
                <line number="215" hits="0" branch="false"/>
                <line number="216" hits="0" branch="false"/>
                <line number="217" hits="0" branch="false"/>
                <line number="218" hits="0" branch="false"/>
                <line number="219" hits="0" branch="false"/>
                <line number="220" hits="0" branch="false"/>
                <line number="221" hits="0" branch="false"/>
                <line number="222" hits="0" branch="false"/>
                <line number="224" hits="0" branch="false"/>
                <line number="225" hits="0" branch="false"/>
                <line number="228" hits="0" branch="false"/>
                <line number="229" hits="0" branch="false"/>
                <line number="232" hits="0" branch="false"/>
                <line number="233" hits="0" branch="false"/>
                <line number="235" hits="0" branch="false"/>
                <line number="236" hits="0" branch="false"/>
                <line number="237" hits="0" branch="false"/>
                <line number="238" hits="0" branch="false"/>
                <line number="239" hits="0" branch="false"/>
                <line number="240" hits="0" branch="false"/>
                <line number="241" hits="0" branch="false"/>
                <line number="242" hits="0" branch="false"/>
                <line number="243" hits="0" branch="false"/>
                <line number="244" hits="0" branch="false"/>
                <line number="246" hits="0" branch="false"/>
                <line number="247" hits="0" branch="false"/>
                <line number="251" hits="0" branch="false"/>
                <line number="252" hits="0" branch="false"/>
                <line number="253" hits="0" branch="false"/>
                <line number="254" hits="0" branch="false"/>
                <line number="255" hits="0" branch="false"/>
                <line number="256" hits="0" branch="false"/>
                <line number="257" hits="0" branch="false"/>
                <line number="258" hits="0" branch="false"/>
                <line number="259" hits="0" branch="false"/>
                <line number="260" hits="0" branch="false"/>
                <line number="261" hits="0" branch="false"/>
                <line number="262" hits="0" branch="false"/>
                <line number="265" hits="0" branch="false"/>
                <line number="266" hits="0" branch="false"/>
                <line number="267" hits="0" branch="false"/>
                <line number="268" hits="0" branch="false"/>
                <line number="269" hits="0" branch="false"/>
                <line number="270" hits="0" branch="false"/>
                <line number="271" hits="0" branch="false"/>
                <line number="272" hits="0" branch="false"/>
                <line number="273" hits="0" branch="false"/>
                <line number="274" hits="0" branch="false"/>
                <line number="275" hits="0" branch="false"/>
                <line number="276" hits="0" branch="false"/>
                <line number="277" hits="0" branch="false"/>
                <line number="278" hits="0" branch="false"/>
                <line number="279" hits="0" branch="false"/>
                <line number="280" hits="0" branch="false"/>
                <line number="281" hits="0" branch="false"/>
                <line number="282" hits="0" branch="false"/>
                <line number="283" hits="0" branch="false"/>
                <line number="284" hits="0" branch="false"/>
              </lines>
            </method>
            <method name="updateOptionalSelectInput" signature="" line-rate="0" branch-rate="0" complexity="0">
              <lines>
                <line number="295" hits="0" branch="false"/>
                <line number="296" hits="0" branch="false"/>
                <line number="299" hits="0" branch="false"/>
                <line number="300" hits="0" branch="false"/>
                <line number="301" hits="0" branch="false"/>
                <line number="302" hits="0" branch="false"/>
                <line number="303" hits="0" branch="false"/>
                <line number="304" hits="0" branch="false"/>
                <line number="305" hits="0" branch="false"/>
                <line number="306" hits="0" branch="false"/>
                <line number="308" hits="0" branch="false"/>
              </lines>
            </method>
            <method name="variable_type_icons" signature="" line-rate="0" branch-rate="0" complexity="0">
              <lines>
                <line number="321" hits="0" branch="false"/>
                <line number="323" hits="0" branch="false"/>
                <line number="324" hits="0" branch="false"/>
                <line number="325" hits="0" branch="false"/>
                <line number="326" hits="0" branch="false"/>
                <line number="327" hits="0" branch="false"/>
                <line number="328" hits="0" branch="false"/>
                <line number="329" hits="0" branch="false"/>
                <line number="330" hits="0" branch="false"/>
                <line number="331" hits="0" branch="false"/>
                <line number="332" hits="0" branch="false"/>
                <line number="333" hits="0" branch="false"/>
                <line number="334" hits="0" branch="false"/>
                <line number="335" hits="0" branch="false"/>
                <line number="337" hits="0" branch="false"/>
                <line number="338" hits="0" branch="false"/>
                <line number="339" hits="0" branch="false"/>
                <line number="340" hits="0" branch="false"/>
                <line number="341" hits="0" branch="false"/>
                <line number="342" hits="0" branch="false"/>
                <line number="343" hits="0" branch="false"/>
                <line number="344" hits="0" branch="false"/>
                <line number="345" hits="0" branch="false"/>
                <line number="346" hits="0" branch="false"/>
                <line number="347" hits="0" branch="false"/>
                <line number="348" hits="0" branch="false"/>
                <line number="349" hits="0" branch="false"/>
                <line number="351" hits="0" branch="false"/>
              </lines>
            </method>
            <method name="picker_options_content" signature="" line-rate="0" branch-rate="0" complexity="0">
              <lines>
                <line number="369" hits="0" branch="false"/>
                <line number="370" hits="0" branch="false"/>
                <line number="372" hits="0" branch="false"/>
                <line number="373" hits="0" branch="false"/>
                <line number="375" hits="0" branch="false"/>
                <line number="376" hits="0" branch="false"/>
                <line number="377" hits="0" branch="false"/>
                <line number="378" hits="0" branch="false"/>
                <line number="379" hits="0" branch="false"/>
                <line number="381" hits="0" branch="false"/>
                <line number="383" hits="0" branch="false"/>
                <line number="384" hits="0" branch="false"/>
                <line number="385" hits="0" branch="false"/>
                <line number="386" hits="0" branch="false"/>
                <line number="387" hits="0" branch="false"/>
                <line number="388" hits="0" branch="false"/>
                <line number="389" hits="0" branch="false"/>
                <line number="390" hits="0" branch="false"/>
                <line number="391" hits="0" branch="false"/>
                <line number="392" hits="0" branch="false"/>
                <line number="393" hits="0" branch="false"/>
                <line number="395" hits="0" branch="false"/>
              </lines>
            </method>
            <method name="picker_options" signature="" line-rate="0" branch-rate="0" complexity="0">
              <lines>
                <line number="407" hits="0" branch="false"/>
                <line number="408" hits="0" branch="false"/>
                <line number="409" hits="0" branch="false"/>
                <line number="410" hits="0" branch="false"/>
                <line number="411" hits="0" branch="false"/>
                <line number="412" hits="0" branch="false"/>
                <line number="413" hits="0" branch="false"/>
                <line number="414" hits="0" branch="false"/>
                <line number="415" hits="0" branch="false"/>
                <line number="416" hits="0" branch="false"/>
                <line number="417" hits="0" branch="false"/>
                <line number="418" hits="0" branch="false"/>
                <line number="419" hits="0" branch="false"/>
                <line number="420" hits="0" branch="false"/>
                <line number="421" hits="0" branch="false"/>
                <line number="422" hits="0" branch="false"/>
                <line number="423" hits="0" branch="false"/>
                <line number="424" hits="0" branch="false"/>
                <line number="425" hits="0" branch="false"/>
                <line number="426" hits="0" branch="false"/>
                <line number="428" hits="0" branch="false"/>
              </lines>
            </method>
            <method name="extract_raw_choices" signature="" line-rate="0" branch-rate="0" complexity="0">
              <lines>
                <line number="442" hits="0" branch="false"/>
                <line number="443" hits="0" branch="false"/>
                <line number="444" hits="0" branch="false"/>
                <line number="445" hits="0" branch="false"/>
                <line number="447" hits="0" branch="false"/>
              </lines>
            </method>
            <method name="optionalSliderInput" signature="" line-rate="0.956521739130435" branch-rate="0" complexity="0">
              <lines>
                <line number="470" hits="25" branch="false"/>
                <line number="471" hits="25" branch="false"/>
                <line number="472" hits="25" branch="false"/>
                <line number="474" hits="25" branch="false"/>
                <line number="475" hits="25" branch="false"/>
                <line number="477" hits="25" branch="false"/>
                <line number="479" hits="25" branch="false"/>
                <line number="480" hits="2" branch="false"/>
                <line number="481" hits="2" branch="false"/>
                <line number="483" hits="23" branch="false"/>
                <line number="484" hits="23" branch="false"/>
                <line number="487" hits="25" branch="false"/>
                <line number="488" hits="2" branch="false"/>
                <line number="490" hits="25" branch="false"/>
                <line number="491" hits="1" branch="false"/>
                <line number="494" hits="25" branch="false"/>
                <line number="495" hits="2" branch="false"/>
                <line number="498" hits="23" branch="false"/>
                <line number="500" hits="23" branch="false"/>
                <line number="501" hits="0" branch="false"/>
                <line number="504" hits="23" branch="false"/>
                <line number="505" hits="2" branch="false"/>
                <line number="507" hits="21" branch="false"/>
              </lines>
            </method>
            <method name="optionalSliderInputValMinMax" signature="" line-rate="0.91304347826087" branch-rate="0" complexity="0">
              <lines>
                <line number="535" hits="18" branch="false"/>
                <line number="536" hits="18" branch="false"/>
                <line number="537" hits="18" branch="false"/>
                <line number="538" hits="18" branch="false"/>
                <line number="539" hits="18" branch="false"/>
                <line number="540" hits="18" branch="false"/>
                <line number="541" hits="18" branch="false"/>
                <line number="542" hits="18" branch="false"/>
                <line number="543" hits="18" branch="false"/>
                <line number="544" hits="18" branch="false"/>
                <line number="545" hits="18" branch="false"/>
                <line number="546" hits="18" branch="false"/>
                <line number="548" hits="18" branch="false"/>
                <line number="550" hits="18" branch="false"/>
                <line number="551" hits="18" branch="false"/>
                <line number="552" hits="18" branch="false"/>
                <line number="553" hits="18" branch="false"/>
                <line number="554" hits="0" branch="false"/>
                <line number="555" hits="18" branch="false"/>
                <line number="557" hits="18" branch="false"/>
                <line number="559" hits="18" branch="false"/>
                <line number="560" hits="0" branch="false"/>
                <line number="562" hits="18" branch="false"/>
              </lines>
            </method>
            <method name="extract_choices_labels" signature="" line-rate="0" branch-rate="0" complexity="0">
              <lines>
                <line number="575" hits="0" branch="false"/>
                <line number="576" hits="0" branch="false"/>
                <line number="577" hits="0" branch="false"/>
                <line number="578" hits="0" branch="false"/>
                <line number="579" hits="0" branch="false"/>
                <line number="580" hits="0" branch="false"/>
                <line number="581" hits="0" branch="false"/>
                <line number="583" hits="0" branch="false"/>
                <line number="584" hits="0" branch="false"/>
                <line number="585" hits="0" branch="false"/>
                <line number="588" hits="0" branch="false"/>
              </lines>
            </method>
          </methods>
          <lines>
            <line number="149" hits="0" branch="false"/>
            <line number="150" hits="0" branch="false"/>
            <line number="151" hits="0" branch="false"/>
            <line number="152" hits="0" branch="false"/>
            <line number="153" hits="0" branch="false"/>
            <line number="154" hits="0" branch="false"/>
            <line number="155" hits="0" branch="false"/>
            <line number="156" hits="0" branch="false"/>
            <line number="157" hits="0" branch="false"/>
            <line number="158" hits="0" branch="false"/>
            <line number="159" hits="0" branch="false"/>
            <line number="160" hits="0" branch="false"/>
            <line number="161" hits="0" branch="false"/>
            <line number="162" hits="0" branch="false"/>
            <line number="163" hits="0" branch="false"/>
            <line number="164" hits="0" branch="false"/>
            <line number="165" hits="0" branch="false"/>
            <line number="166" hits="0" branch="false"/>
            <line number="167" hits="0" branch="false"/>
            <line number="168" hits="0" branch="false"/>
            <line number="169" hits="0" branch="false"/>
            <line number="170" hits="0" branch="false"/>
            <line number="171" hits="0" branch="false"/>
            <line number="172" hits="0" branch="false"/>
            <line number="173" hits="0" branch="false"/>
            <line number="175" hits="0" branch="false"/>
            <line number="176" hits="0" branch="false"/>
            <line number="179" hits="0" branch="false"/>
            <line number="180" hits="0" branch="false"/>
            <line number="181" hits="0" branch="false"/>
            <line number="182" hits="0" branch="false"/>
            <line number="183" hits="0" branch="false"/>
            <line number="184" hits="0" branch="false"/>
            <line number="185" hits="0" branch="false"/>
            <line number="188" hits="0" branch="false"/>
            <line number="189" hits="0" branch="false"/>
            <line number="191" hits="0" branch="false"/>
            <line number="192" hits="0" branch="false"/>
            <line number="193" hits="0" branch="false"/>
            <line number="194" hits="0" branch="false"/>
            <line number="195" hits="0" branch="false"/>
            <line number="197" hits="0" branch="false"/>
            <line number="198" hits="0" branch="false"/>
            <line number="199" hits="0" branch="false"/>
            <line number="202" hits="0" branch="false"/>
            <line number="204" hits="0" branch="false"/>
            <line number="205" hits="0" branch="false"/>
            <line number="207" hits="0" branch="false"/>
            <line number="208" hits="0" branch="false"/>
            <line number="211" hits="0" branch="false"/>
            <line number="212" hits="0" branch="false"/>
            <line number="213" hits="0" branch="false"/>
            <line number="214" hits="0" branch="false"/>
            <line number="215" hits="0" branch="false"/>
            <line number="216" hits="0" branch="false"/>
            <line number="217" hits="0" branch="false"/>
            <line number="218" hits="0" branch="false"/>
            <line number="219" hits="0" branch="false"/>
            <line number="220" hits="0" branch="false"/>
            <line number="221" hits="0" branch="false"/>
            <line number="222" hits="0" branch="false"/>
            <line number="224" hits="0" branch="false"/>
            <line number="225" hits="0" branch="false"/>
            <line number="228" hits="0" branch="false"/>
            <line number="229" hits="0" branch="false"/>
            <line number="232" hits="0" branch="false"/>
            <line number="233" hits="0" branch="false"/>
            <line number="235" hits="0" branch="false"/>
            <line number="236" hits="0" branch="false"/>
            <line number="237" hits="0" branch="false"/>
            <line number="238" hits="0" branch="false"/>
            <line number="239" hits="0" branch="false"/>
            <line number="240" hits="0" branch="false"/>
            <line number="241" hits="0" branch="false"/>
            <line number="242" hits="0" branch="false"/>
            <line number="243" hits="0" branch="false"/>
            <line number="244" hits="0" branch="false"/>
            <line number="246" hits="0" branch="false"/>
            <line number="247" hits="0" branch="false"/>
            <line number="251" hits="0" branch="false"/>
            <line number="252" hits="0" branch="false"/>
            <line number="253" hits="0" branch="false"/>
            <line number="254" hits="0" branch="false"/>
            <line number="255" hits="0" branch="false"/>
            <line number="256" hits="0" branch="false"/>
            <line number="257" hits="0" branch="false"/>
            <line number="258" hits="0" branch="false"/>
            <line number="259" hits="0" branch="false"/>
            <line number="260" hits="0" branch="false"/>
            <line number="261" hits="0" branch="false"/>
            <line number="262" hits="0" branch="false"/>
            <line number="265" hits="0" branch="false"/>
            <line number="266" hits="0" branch="false"/>
            <line number="267" hits="0" branch="false"/>
            <line number="268" hits="0" branch="false"/>
            <line number="269" hits="0" branch="false"/>
            <line number="270" hits="0" branch="false"/>
            <line number="271" hits="0" branch="false"/>
            <line number="272" hits="0" branch="false"/>
            <line number="273" hits="0" branch="false"/>
            <line number="274" hits="0" branch="false"/>
            <line number="275" hits="0" branch="false"/>
            <line number="276" hits="0" branch="false"/>
            <line number="277" hits="0" branch="false"/>
            <line number="278" hits="0" branch="false"/>
            <line number="279" hits="0" branch="false"/>
            <line number="280" hits="0" branch="false"/>
            <line number="281" hits="0" branch="false"/>
            <line number="282" hits="0" branch="false"/>
            <line number="283" hits="0" branch="false"/>
            <line number="284" hits="0" branch="false"/>
            <line number="295" hits="0" branch="false"/>
            <line number="296" hits="0" branch="false"/>
            <line number="299" hits="0" branch="false"/>
            <line number="300" hits="0" branch="false"/>
            <line number="301" hits="0" branch="false"/>
            <line number="302" hits="0" branch="false"/>
            <line number="303" hits="0" branch="false"/>
            <line number="304" hits="0" branch="false"/>
            <line number="305" hits="0" branch="false"/>
            <line number="306" hits="0" branch="false"/>
            <line number="308" hits="0" branch="false"/>
            <line number="321" hits="0" branch="false"/>
            <line number="323" hits="0" branch="false"/>
            <line number="324" hits="0" branch="false"/>
            <line number="325" hits="0" branch="false"/>
            <line number="326" hits="0" branch="false"/>
            <line number="327" hits="0" branch="false"/>
            <line number="328" hits="0" branch="false"/>
            <line number="329" hits="0" branch="false"/>
            <line number="330" hits="0" branch="false"/>
            <line number="331" hits="0" branch="false"/>
            <line number="332" hits="0" branch="false"/>
            <line number="333" hits="0" branch="false"/>
            <line number="334" hits="0" branch="false"/>
            <line number="335" hits="0" branch="false"/>
            <line number="337" hits="0" branch="false"/>
            <line number="338" hits="0" branch="false"/>
            <line number="339" hits="0" branch="false"/>
            <line number="340" hits="0" branch="false"/>
            <line number="341" hits="0" branch="false"/>
            <line number="342" hits="0" branch="false"/>
            <line number="343" hits="0" branch="false"/>
            <line number="344" hits="0" branch="false"/>
            <line number="345" hits="0" branch="false"/>
            <line number="346" hits="0" branch="false"/>
            <line number="347" hits="0" branch="false"/>
            <line number="348" hits="0" branch="false"/>
            <line number="349" hits="0" branch="false"/>
            <line number="351" hits="0" branch="false"/>
            <line number="369" hits="0" branch="false"/>
            <line number="370" hits="0" branch="false"/>
            <line number="372" hits="0" branch="false"/>
            <line number="373" hits="0" branch="false"/>
            <line number="375" hits="0" branch="false"/>
            <line number="376" hits="0" branch="false"/>
            <line number="377" hits="0" branch="false"/>
            <line number="378" hits="0" branch="false"/>
            <line number="379" hits="0" branch="false"/>
            <line number="381" hits="0" branch="false"/>
            <line number="383" hits="0" branch="false"/>
            <line number="384" hits="0" branch="false"/>
            <line number="385" hits="0" branch="false"/>
            <line number="386" hits="0" branch="false"/>
            <line number="387" hits="0" branch="false"/>
            <line number="388" hits="0" branch="false"/>
            <line number="389" hits="0" branch="false"/>
            <line number="390" hits="0" branch="false"/>
            <line number="391" hits="0" branch="false"/>
            <line number="392" hits="0" branch="false"/>
            <line number="393" hits="0" branch="false"/>
            <line number="395" hits="0" branch="false"/>
            <line number="407" hits="0" branch="false"/>
            <line number="408" hits="0" branch="false"/>
            <line number="409" hits="0" branch="false"/>
            <line number="410" hits="0" branch="false"/>
            <line number="411" hits="0" branch="false"/>
            <line number="412" hits="0" branch="false"/>
            <line number="413" hits="0" branch="false"/>
            <line number="414" hits="0" branch="false"/>
            <line number="415" hits="0" branch="false"/>
            <line number="416" hits="0" branch="false"/>
            <line number="417" hits="0" branch="false"/>
            <line number="418" hits="0" branch="false"/>
            <line number="419" hits="0" branch="false"/>
            <line number="420" hits="0" branch="false"/>
            <line number="421" hits="0" branch="false"/>
            <line number="422" hits="0" branch="false"/>
            <line number="423" hits="0" branch="false"/>
            <line number="424" hits="0" branch="false"/>
            <line number="425" hits="0" branch="false"/>
            <line number="426" hits="0" branch="false"/>
            <line number="428" hits="0" branch="false"/>
            <line number="442" hits="0" branch="false"/>
            <line number="443" hits="0" branch="false"/>
            <line number="444" hits="0" branch="false"/>
            <line number="445" hits="0" branch="false"/>
            <line number="447" hits="0" branch="false"/>
            <line number="470" hits="25" branch="false"/>
            <line number="471" hits="25" branch="false"/>
            <line number="472" hits="25" branch="false"/>
            <line number="474" hits="25" branch="false"/>
            <line number="475" hits="25" branch="false"/>
            <line number="477" hits="25" branch="false"/>
            <line number="479" hits="25" branch="false"/>
            <line number="480" hits="2" branch="false"/>
            <line number="481" hits="2" branch="false"/>
            <line number="483" hits="23" branch="false"/>
            <line number="484" hits="23" branch="false"/>
            <line number="487" hits="25" branch="false"/>
            <line number="488" hits="2" branch="false"/>
            <line number="490" hits="25" branch="false"/>
            <line number="491" hits="1" branch="false"/>
            <line number="494" hits="25" branch="false"/>
            <line number="495" hits="2" branch="false"/>
            <line number="498" hits="23" branch="false"/>
            <line number="500" hits="23" branch="false"/>
            <line number="501" hits="0" branch="false"/>
            <line number="504" hits="23" branch="false"/>
            <line number="505" hits="2" branch="false"/>
            <line number="507" hits="21" branch="false"/>
            <line number="535" hits="18" branch="false"/>
            <line number="536" hits="18" branch="false"/>
            <line number="537" hits="18" branch="false"/>
            <line number="538" hits="18" branch="false"/>
            <line number="539" hits="18" branch="false"/>
            <line number="540" hits="18" branch="false"/>
            <line number="541" hits="18" branch="false"/>
            <line number="542" hits="18" branch="false"/>
            <line number="543" hits="18" branch="false"/>
            <line number="544" hits="18" branch="false"/>
            <line number="545" hits="18" branch="false"/>
            <line number="546" hits="18" branch="false"/>
            <line number="548" hits="18" branch="false"/>
            <line number="550" hits="18" branch="false"/>
            <line number="551" hits="18" branch="false"/>
            <line number="552" hits="18" branch="false"/>
            <line number="553" hits="18" branch="false"/>
            <line number="554" hits="0" branch="false"/>
            <line number="555" hits="18" branch="false"/>
            <line number="557" hits="18" branch="false"/>
            <line number="559" hits="18" branch="false"/>
            <line number="560" hits="0" branch="false"/>
            <line number="562" hits="18" branch="false"/>
            <line number="575" hits="0" branch="false"/>
            <line number="576" hits="0" branch="false"/>
            <line number="577" hits="0" branch="false"/>
            <line number="578" hits="0" branch="false"/>
            <line number="579" hits="0" branch="false"/>
            <line number="580" hits="0" branch="false"/>
            <line number="581" hits="0" branch="false"/>
            <line number="583" hits="0" branch="false"/>
            <line number="584" hits="0" branch="false"/>
            <line number="585" hits="0" branch="false"/>
            <line number="588" hits="0" branch="false"/>
          </lines>
        </class>
        <class name="panel_group.R" filename="R/panel_group.R" line-rate="0" branch-rate="0" complexity="0">
          <methods>
            <method name="panel_group" signature="" line-rate="0" branch-rate="0" complexity="0">
              <lines>
                <line number="50" hits="0" branch="false"/>
                <line number="55" hits="0" branch="false"/>
                <line number="56" hits="0" branch="false"/>
                <line number="57" hits="0" branch="false"/>
                <line number="58" hits="0" branch="false"/>
                <line number="59" hits="0" branch="false"/>
                <line number="60" hits="0" branch="false"/>
                <line number="61" hits="0" branch="false"/>
                <line number="62" hits="0" branch="false"/>
                <line number="63" hits="0" branch="false"/>
                <line number="64" hits="0" branch="false"/>
                <line number="65" hits="0" branch="false"/>
                <line number="66" hits="0" branch="false"/>
                <line number="67" hits="0" branch="false"/>
                <line number="68" hits="0" branch="false"/>
                <line number="69" hits="0" branch="false"/>
                <line number="70" hits="0" branch="false"/>
                <line number="71" hits="0" branch="false"/>
                <line number="72" hits="0" branch="false"/>
              </lines>
            </method>
            <method name="panel_item" signature="" line-rate="0" branch-rate="0" complexity="0">
              <lines>
                <line number="111" hits="0" branch="false"/>
                <line number="112" hits="0" branch="false"/>
                <line number="113" hits="0" branch="false"/>
                <line number="115" hits="0" branch="false"/>
                <line number="116" hits="0" branch="false"/>
                <line number="119" hits="0" branch="false"/>
                <line number="120" hits="0" branch="false"/>
                <line number="123" hits="0" branch="false"/>
                <line number="124" hits="0" branch="false"/>
                <line number="125" hits="0" branch="false"/>
                <line number="126" hits="0" branch="false"/>
                <line number="127" hits="0" branch="false"/>
                <line number="128" hits="0" branch="false"/>
                <line number="129" hits="0" branch="false"/>
                <line number="130" hits="0" branch="false"/>
                <line number="131" hits="0" branch="false"/>
                <line number="132" hits="0" branch="false"/>
                <line number="133" hits="0" branch="false"/>
                <line number="134" hits="0" branch="false"/>
                <line number="135" hits="0" branch="false"/>
                <line number="136" hits="0" branch="false"/>
                <line number="137" hits="0" branch="false"/>
                <line number="138" hits="0" branch="false"/>
                <line number="139" hits="0" branch="false"/>
                <line number="140" hits="0" branch="false"/>
                <line number="141" hits="0" branch="false"/>
                <line number="142" hits="0" branch="false"/>
                <line number="143" hits="0" branch="false"/>
                <line number="144" hits="0" branch="false"/>
                <line number="145" hits="0" branch="false"/>
                <line number="146" hits="0" branch="false"/>
                <line number="147" hits="0" branch="false"/>
                <line number="148" hits="0" branch="false"/>
                <line number="149" hits="0" branch="false"/>
                <line number="150" hits="0" branch="false"/>
                <line number="151" hits="0" branch="false"/>
                <line number="152" hits="0" branch="false"/>
                <line number="153" hits="0" branch="false"/>
                <line number="154" hits="0" branch="false"/>
                <line number="155" hits="0" branch="false"/>
                <line number="156" hits="0" branch="false"/>
                <line number="158" hits="0" branch="false"/>
                <line number="160" hits="0" branch="false"/>
                <line number="161" hits="0" branch="false"/>
                <line number="162" hits="0" branch="false"/>
                <line number="163" hits="0" branch="false"/>
                <line number="164" hits="0" branch="false"/>
                <line number="165" hits="0" branch="false"/>
                <line number="166" hits="0" branch="false"/>
                <line number="167" hits="0" branch="false"/>
                <line number="168" hits="0" branch="false"/>
                <line number="169" hits="0" branch="false"/>
                <line number="170" hits="0" branch="false"/>
                <line number="171" hits="0" branch="false"/>
                <line number="172" hits="0" branch="false"/>
                <line number="173" hits="0" branch="false"/>
                <line number="174" hits="0" branch="false"/>
                <line number="175" hits="0" branch="false"/>
                <line number="176" hits="0" branch="false"/>
                <line number="177" hits="0" branch="false"/>
                <line number="178" hits="0" branch="false"/>
                <line number="179" hits="0" branch="false"/>
                <line number="180" hits="0" branch="false"/>
                <line number="181" hits="0" branch="false"/>
                <line number="182" hits="0" branch="false"/>
                <line number="185" hits="0" branch="false"/>
                <line number="186" hits="0" branch="false"/>
                <line number="187" hits="0" branch="false"/>
                <line number="188" hits="0" branch="false"/>
                <line number="189" hits="0" branch="false"/>
                <line number="190" hits="0" branch="false"/>
              </lines>
            </method>
          </methods>
          <lines>
            <line number="50" hits="0" branch="false"/>
            <line number="55" hits="0" branch="false"/>
            <line number="56" hits="0" branch="false"/>
            <line number="57" hits="0" branch="false"/>
            <line number="58" hits="0" branch="false"/>
            <line number="59" hits="0" branch="false"/>
            <line number="60" hits="0" branch="false"/>
            <line number="61" hits="0" branch="false"/>
            <line number="62" hits="0" branch="false"/>
            <line number="63" hits="0" branch="false"/>
            <line number="64" hits="0" branch="false"/>
            <line number="65" hits="0" branch="false"/>
            <line number="66" hits="0" branch="false"/>
            <line number="67" hits="0" branch="false"/>
            <line number="68" hits="0" branch="false"/>
            <line number="69" hits="0" branch="false"/>
            <line number="70" hits="0" branch="false"/>
            <line number="71" hits="0" branch="false"/>
            <line number="72" hits="0" branch="false"/>
            <line number="111" hits="0" branch="false"/>
            <line number="112" hits="0" branch="false"/>
            <line number="113" hits="0" branch="false"/>
            <line number="115" hits="0" branch="false"/>
            <line number="116" hits="0" branch="false"/>
            <line number="119" hits="0" branch="false"/>
            <line number="120" hits="0" branch="false"/>
            <line number="123" hits="0" branch="false"/>
            <line number="124" hits="0" branch="false"/>
            <line number="125" hits="0" branch="false"/>
            <line number="126" hits="0" branch="false"/>
            <line number="127" hits="0" branch="false"/>
            <line number="128" hits="0" branch="false"/>
            <line number="129" hits="0" branch="false"/>
            <line number="130" hits="0" branch="false"/>
            <line number="131" hits="0" branch="false"/>
            <line number="132" hits="0" branch="false"/>
            <line number="133" hits="0" branch="false"/>
            <line number="134" hits="0" branch="false"/>
            <line number="135" hits="0" branch="false"/>
            <line number="136" hits="0" branch="false"/>
            <line number="137" hits="0" branch="false"/>
            <line number="138" hits="0" branch="false"/>
            <line number="139" hits="0" branch="false"/>
            <line number="140" hits="0" branch="false"/>
            <line number="141" hits="0" branch="false"/>
            <line number="142" hits="0" branch="false"/>
            <line number="143" hits="0" branch="false"/>
            <line number="144" hits="0" branch="false"/>
            <line number="145" hits="0" branch="false"/>
            <line number="146" hits="0" branch="false"/>
            <line number="147" hits="0" branch="false"/>
            <line number="148" hits="0" branch="false"/>
            <line number="149" hits="0" branch="false"/>
            <line number="150" hits="0" branch="false"/>
            <line number="151" hits="0" branch="false"/>
            <line number="152" hits="0" branch="false"/>
            <line number="153" hits="0" branch="false"/>
            <line number="154" hits="0" branch="false"/>
            <line number="155" hits="0" branch="false"/>
            <line number="156" hits="0" branch="false"/>
            <line number="158" hits="0" branch="false"/>
            <line number="160" hits="0" branch="false"/>
            <line number="161" hits="0" branch="false"/>
            <line number="162" hits="0" branch="false"/>
            <line number="163" hits="0" branch="false"/>
            <line number="164" hits="0" branch="false"/>
            <line number="165" hits="0" branch="false"/>
            <line number="166" hits="0" branch="false"/>
            <line number="167" hits="0" branch="false"/>
            <line number="168" hits="0" branch="false"/>
            <line number="169" hits="0" branch="false"/>
            <line number="170" hits="0" branch="false"/>
            <line number="171" hits="0" branch="false"/>
            <line number="172" hits="0" branch="false"/>
            <line number="173" hits="0" branch="false"/>
            <line number="174" hits="0" branch="false"/>
            <line number="175" hits="0" branch="false"/>
            <line number="176" hits="0" branch="false"/>
            <line number="177" hits="0" branch="false"/>
            <line number="178" hits="0" branch="false"/>
            <line number="179" hits="0" branch="false"/>
            <line number="180" hits="0" branch="false"/>
            <line number="181" hits="0" branch="false"/>
            <line number="182" hits="0" branch="false"/>
            <line number="185" hits="0" branch="false"/>
            <line number="186" hits="0" branch="false"/>
            <line number="187" hits="0" branch="false"/>
            <line number="188" hits="0" branch="false"/>
            <line number="189" hits="0" branch="false"/>
            <line number="190" hits="0" branch="false"/>
          </lines>
        </class>
        <class name="plot_with_settings.R" filename="R/plot_with_settings.R" line-rate="0.940700808625337" branch-rate="0" complexity="0">
          <methods>
            <method name="plot_with_settings_ui" signature="" line-rate="1" branch-rate="0" complexity="0">
              <lines>
                <line number="5" hits="1" branch="false"/>
                <line number="7" hits="1" branch="false"/>
                <line number="9" hits="1" branch="false"/>
                <line number="10" hits="1" branch="false"/>
                <line number="11" hits="1" branch="false"/>
                <line number="12" hits="1" branch="false"/>
                <line number="13" hits="1" branch="false"/>
                <line number="14" hits="1" branch="false"/>
                <line number="15" hits="1" branch="false"/>
                <line number="16" hits="1" branch="false"/>
                <line number="17" hits="1" branch="false"/>
                <line number="18" hits="1" branch="false"/>
                <line number="19" hits="1" branch="false"/>
                <line number="20" hits="1" branch="false"/>
                <line number="21" hits="1" branch="false"/>
                <line number="22" hits="1" branch="false"/>
                <line number="23" hits="1" branch="false"/>
                <line number="24" hits="1" branch="false"/>
                <line number="25" hits="1" branch="false"/>
                <line number="26" hits="1" branch="false"/>
                <line number="27" hits="1" branch="false"/>
                <line number="28" hits="1" branch="false"/>
                <line number="29" hits="1" branch="false"/>
                <line number="30" hits="1" branch="false"/>
                <line number="31" hits="1" branch="false"/>
                <line number="32" hits="1" branch="false"/>
                <line number="33" hits="1" branch="false"/>
                <line number="34" hits="1" branch="false"/>
                <line number="35" hits="1" branch="false"/>
                <line number="36" hits="1" branch="false"/>
                <line number="37" hits="1" branch="false"/>
                <line number="38" hits="1" branch="false"/>
                <line number="39" hits="1" branch="false"/>
                <line number="40" hits="1" branch="false"/>
                <line number="41" hits="1" branch="false"/>
                <line number="42" hits="1" branch="false"/>
                <line number="43" hits="1" branch="false"/>
                <line number="44" hits="1" branch="false"/>
                <line number="45" hits="1" branch="false"/>
                <line number="46" hits="1" branch="false"/>
              </lines>
            </method>
            <method name="plot_with_settings_srv" signature="" line-rate="0.928286852589641" branch-rate="0" complexity="0">
              <lines>
                <line number="253" hits="23" branch="false"/>
                <line number="254" hits="23" branch="false"/>
                <line number="255" hits="23" branch="false"/>
                <line number="256" hits="23" branch="false"/>
                <line number="257" hits="23" branch="false"/>
                <line number="258" hits="22" branch="false"/>
                <line number="259" hits="21" branch="false"/>
                <line number="260" hits="21" branch="false"/>
                <line number="261" hits="21" branch="false"/>
                <line number="262" hits="21" branch="false"/>
                <line number="264" hits="20" branch="false"/>
                <line number="265" hits="19" branch="false"/>
                <line number="266" hits="18" branch="false"/>
                <line number="267" hits="17" branch="false"/>
                <line number="268" hits="16" branch="false"/>
                <line number="269" hits="15" branch="false"/>
                <line number="270" hits="15" branch="false"/>
                <line number="272" hits="14" branch="false"/>
                <line number="273" hits="14" branch="false"/>
                <line number="274" hits="14" branch="false"/>
                <line number="275" hits="14" branch="false"/>
                <line number="277" hits="14" branch="false"/>
                <line number="278" hits="14" branch="false"/>
                <line number="280" hits="14" branch="false"/>
                <line number="282" hits="0" branch="false"/>
                <line number="283" hits="0" branch="false"/>
                <line number="284" hits="0" branch="false"/>
                <line number="285" hits="0" branch="false"/>
                <line number="286" hits="0" branch="false"/>
                <line number="287" hits="0" branch="false"/>
                <line number="288" hits="0" branch="false"/>
                <line number="290" hits="0" branch="false"/>
                <line number="291" hits="0" branch="false"/>
                <line number="292" hits="0" branch="false"/>
                <line number="293" hits="0" branch="false"/>
                <line number="294" hits="0" branch="false"/>
                <line number="295" hits="0" branch="false"/>
                <line number="296" hits="14" branch="false"/>
                <line number="298" hits="14" branch="false"/>
                <line number="299" hits="14" branch="false"/>
                <line number="300" hits="2" branch="false"/>
                <line number="301" hits="12" branch="false"/>
                <line number="302" hits="2" branch="false"/>
                <line number="303" hits="10" branch="false"/>
                <line number="304" hits="2" branch="false"/>
                <line number="305" hits="8" branch="false"/>
                <line number="306" hits="6" branch="false"/>
                <line number="307" hits="14" branch="false"/>
                <line number="308" hits="2" branch="false"/>
                <line number="309" hits="14" branch="false"/>
                <line number="310" hits="14" branch="false"/>
                <line number="313" hits="14" branch="false"/>
                <line number="314" hits="8" branch="false"/>
                <line number="315" hits="8" branch="false"/>
                <line number="316" hits="14" branch="false"/>
                <line number="317" hits="0" branch="false"/>
                <line number="318" hits="14" branch="false"/>
                <line number="319" hits="14" branch="false"/>
                <line number="321" hits="14" branch="false"/>
                <line number="322" hits="8" branch="false"/>
                <line number="323" hits="8" branch="false"/>
                <line number="324" hits="8" branch="false"/>
                <line number="325" hits="8" branch="false"/>
                <line number="326" hits="8" branch="false"/>
                <line number="327" hits="8" branch="false"/>
                <line number="328" hits="8" branch="false"/>
                <line number="329" hits="8" branch="false"/>
                <line number="330" hits="8" branch="false"/>
                <line number="331" hits="8" branch="false"/>
                <line number="332" hits="8" branch="false"/>
                <line number="333" hits="8" branch="false"/>
                <line number="334" hits="8" branch="false"/>
                <line number="335" hits="8" branch="false"/>
                <line number="336" hits="8" branch="false"/>
                <line number="337" hits="8" branch="false"/>
                <line number="338" hits="8" branch="false"/>
                <line number="339" hits="8" branch="false"/>
                <line number="340" hits="8" branch="false"/>
                <line number="341" hits="8" branch="false"/>
                <line number="342" hits="8" branch="false"/>
                <line number="343" hits="8" branch="false"/>
                <line number="344" hits="8" branch="false"/>
                <line number="345" hits="8" branch="false"/>
                <line number="346" hits="8" branch="false"/>
                <line number="347" hits="8" branch="false"/>
                <line number="348" hits="8" branch="false"/>
                <line number="349" hits="8" branch="false"/>
                <line number="350" hits="14" branch="false"/>
                <line number="352" hits="14" branch="false"/>
                <line number="353" hits="8" branch="false"/>
                <line number="354" hits="0" branch="false"/>
                <line number="355" hits="0" branch="false"/>
                <line number="356" hits="14" branch="false"/>
                <line number="357" hits="8" branch="false"/>
                <line number="358" hits="14" branch="false"/>
                <line number="359" hits="14" branch="false"/>
                <line number="361" hits="14" branch="false"/>
                <line number="363" hits="14" branch="false"/>
                <line number="364" hits="1" branch="false"/>
                <line number="365" hits="1" branch="false"/>
                <line number="366" hits="0" branch="false"/>
                <line number="367" hits="0" branch="false"/>
                <line number="368" hits="14" branch="false"/>
                <line number="369" hits="1" branch="false"/>
                <line number="370" hits="1" branch="false"/>
                <line number="371" hits="14" branch="false"/>
                <line number="372" hits="14" branch="false"/>
                <line number="374" hits="14" branch="false"/>
                <line number="375" hits="14" branch="false"/>
                <line number="376" hits="14" branch="false"/>
                <line number="377" hits="14" branch="false"/>
                <line number="378" hits="14" branch="false"/>
                <line number="379" hits="14" branch="false"/>
                <line number="380" hits="14" branch="false"/>
                <line number="381" hits="14" branch="false"/>
                <line number="382" hits="14" branch="false"/>
                <line number="383" hits="14" branch="false"/>
                <line number="384" hits="14" branch="false"/>
                <line number="385" hits="14" branch="false"/>
                <line number="386" hits="14" branch="false"/>
[...]
            <line number="179" hits="2" branch="false"/>
            <line number="180" hits="2" branch="false"/>
            <line number="181" hits="2" branch="false"/>
            <line number="182" hits="2" branch="false"/>
            <line number="183" hits="2" branch="false"/>
            <line number="184" hits="2" branch="false"/>
            <line number="185" hits="2" branch="false"/>
            <line number="189" hits="12" branch="false"/>
            <line number="190" hits="12" branch="false"/>
            <line number="191" hits="12" branch="false"/>
            <line number="192" hits="12" branch="false"/>
            <line number="193" hits="12" branch="false"/>
            <line number="194" hits="7" branch="false"/>
            <line number="195" hits="12" branch="false"/>
            <line number="196" hits="6" branch="false"/>
            <line number="197" hits="12" branch="false"/>
            <line number="198" hits="12" branch="false"/>
            <line number="200" hits="12" branch="false"/>
            <line number="201" hits="12" branch="false"/>
            <line number="202" hits="9" branch="false"/>
            <line number="203" hits="9" branch="false"/>
            <line number="204" hits="9" branch="false"/>
            <line number="205" hits="9" branch="false"/>
            <line number="206" hits="12" branch="false"/>
            <line number="208" hits="12" branch="false"/>
            <line number="209" hits="4" branch="false"/>
            <line number="210" hits="4" branch="false"/>
            <line number="211" hits="4" branch="false"/>
            <line number="212" hits="4" branch="false"/>
            <line number="213" hits="4" branch="false"/>
            <line number="214" hits="12" branch="false"/>
            <line number="215" hits="12" branch="false"/>
            <line number="217" hits="12" branch="false"/>
            <line number="218" hits="12" branch="false"/>
            <line number="219" hits="12" branch="false"/>
            <line number="220" hits="12" branch="false"/>
            <line number="221" hits="12" branch="false"/>
            <line number="222" hits="12" branch="false"/>
            <line number="223" hits="8" branch="false"/>
            <line number="224" hits="8" branch="false"/>
            <line number="225" hits="8" branch="false"/>
            <line number="226" hits="8" branch="false"/>
            <line number="227" hits="8" branch="false"/>
            <line number="228" hits="8" branch="false"/>
            <line number="229" hits="12" branch="false"/>
            <line number="230" hits="7" branch="false"/>
            <line number="231" hits="7" branch="false"/>
            <line number="232" hits="7" branch="false"/>
            <line number="233" hits="7" branch="false"/>
            <line number="234" hits="7" branch="false"/>
            <line number="235" hits="7" branch="false"/>
            <line number="236" hits="7" branch="false"/>
            <line number="237" hits="7" branch="false"/>
            <line number="238" hits="7" branch="false"/>
            <line number="239" hits="12" branch="false"/>
            <line number="240" hits="7" branch="false"/>
            <line number="241" hits="7" branch="false"/>
            <line number="242" hits="7" branch="false"/>
            <line number="243" hits="7" branch="false"/>
            <line number="244" hits="7" branch="false"/>
            <line number="245" hits="7" branch="false"/>
            <line number="246" hits="12" branch="false"/>
            <line number="247" hits="12" branch="false"/>
            <line number="248" hits="12" branch="false"/>
            <line number="249" hits="12" branch="false"/>
            <line number="250" hits="12" branch="false"/>
          </lines>
        </class>
        <class name="utils.R" filename="R/utils.R" line-rate="0.928571428571429" branch-rate="0" complexity="0">
          <methods>
            <method name="get_bs_version" signature="" line-rate="0.75" branch-rate="0" complexity="0">
              <lines>
                <line number="5" hits="1" branch="false"/>
                <line number="6" hits="1" branch="false"/>
                <line number="7" hits="0" branch="false"/>
                <line number="9" hits="1" branch="false"/>
              </lines>
            </method>
            <method name="apply_plot_modifications" signature="" line-rate="1" branch-rate="0" complexity="0">
              <lines>
                <line number="24" hits="13" branch="false"/>
                <line number="25" hits="1" branch="false"/>
                <line number="26" hits="1" branch="false"/>
                <line number="27" hits="12" branch="false"/>
                <line number="28" hits="2" branch="false"/>
                <line number="29" hits="2" branch="false"/>
                <line number="31" hits="10" branch="false"/>
              </lines>
            </method>
            <method name="plot_suppress" signature="" line-rate="1" branch-rate="0" complexity="0">
              <lines>
                <line number="43" hits="32" branch="false"/>
                <line number="44" hits="32" branch="false"/>
                <line number="45" hits="32" branch="false"/>
              </lines>
            </method>
          </methods>
          <lines>
            <line number="5" hits="1" branch="false"/>
            <line number="6" hits="1" branch="false"/>
            <line number="7" hits="0" branch="false"/>
            <line number="9" hits="1" branch="false"/>
            <line number="24" hits="13" branch="false"/>
            <line number="25" hits="1" branch="false"/>
            <line number="26" hits="1" branch="false"/>
            <line number="27" hits="12" branch="false"/>
            <line number="28" hits="2" branch="false"/>
            <line number="29" hits="2" branch="false"/>
            <line number="31" hits="10" branch="false"/>
            <line number="43" hits="32" branch="false"/>
            <line number="44" hits="32" branch="false"/>
            <line number="45" hits="32" branch="false"/>
          </lines>
        </class>
        <class name="verbatim_popup.R" filename="R/verbatim_popup.R" line-rate="0.505050505050505" branch-rate="0" complexity="0">
          <methods>
            <method name="verbatim_popup_ui" signature="" line-rate="1" branch-rate="0" complexity="0">
              <lines>
                <line number="30" hits="5" branch="false"/>
                <line number="31" hits="5" branch="false"/>
                <line number="33" hits="5" branch="false"/>
                <line number="34" hits="5" branch="false"/>
                <line number="35" hits="5" branch="false"/>
                <line number="36" hits="5" branch="false"/>
                <line number="38" hits="4" branch="false"/>
                <line number="39" hits="4" branch="false"/>
                <line number="40" hits="4" branch="false"/>
                <line number="41" hits="4" branch="false"/>
                <line number="42" hits="4" branch="false"/>
                <line number="44" hits="4" branch="false"/>
                <line number="45" hits="4" branch="false"/>
                <line number="46" hits="4" branch="false"/>
                <line number="47" hits="4" branch="false"/>
                <line number="48" hits="4" branch="false"/>
                <line number="49" hits="4" branch="false"/>
                <line number="50" hits="4" branch="false"/>
              </lines>
            </method>
            <method name="verbatim_popup_srv" signature="" line-rate="0" branch-rate="0" complexity="0">
              <lines>
                <line number="65" hits="0" branch="false"/>
                <line number="66" hits="0" branch="false"/>
                <line number="67" hits="0" branch="false"/>
                <line number="68" hits="0" branch="false"/>
                <line number="69" hits="0" branch="false"/>
                <line number="70" hits="0" branch="false"/>
                <line number="71" hits="0" branch="false"/>
                <line number="72" hits="0" branch="false"/>
                <line number="73" hits="0" branch="false"/>
                <line number="74" hits="0" branch="false"/>
                <line number="75" hits="0" branch="false"/>
                <line number="76" hits="0" branch="false"/>
                <line number="77" hits="0" branch="false"/>
                <line number="78" hits="0" branch="false"/>
                <line number="79" hits="0" branch="false"/>
                <line number="80" hits="0" branch="false"/>
              </lines>
            </method>
            <method name="button_click_observer" signature="" line-rate="0.272727272727273" branch-rate="0" complexity="0">
              <lines>
                <line number="103" hits="1" branch="false"/>
                <line number="104" hits="1" branch="false"/>
                <line number="105" hits="1" branch="false"/>
                <line number="106" hits="0" branch="false"/>
                <line number="107" hits="0" branch="false"/>
                <line number="108" hits="1" branch="false"/>
                <line number="109" hits="0" branch="false"/>
                <line number="110" hits="1" branch="false"/>
                <line number="111" hits="1" branch="false"/>
                <line number="112" hits="1" branch="false"/>
                <line number="114" hits="1" branch="false"/>
                <line number="115" hits="1" branch="false"/>
                <line number="116" hits="1" branch="false"/>
                <line number="117" hits="0" branch="false"/>
                <line number="118" hits="0" branch="false"/>
                <line number="119" hits="0" branch="false"/>
                <line number="120" hits="0" branch="false"/>
                <line number="121" hits="0" branch="false"/>
                <line number="122" hits="0" branch="false"/>
                <line number="123" hits="0" branch="false"/>
                <line number="124" hits="0" branch="false"/>
                <line number="125" hits="0" branch="false"/>
                <line number="126" hits="0" branch="false"/>
                <line number="127" hits="0" branch="false"/>
                <line number="128" hits="0" branch="false"/>
                <line number="129" hits="0" branch="false"/>
                <line number="130" hits="0" branch="false"/>
                <line number="131" hits="0" branch="false"/>
                <line number="132" hits="0" branch="false"/>
                <line number="133" hits="0" branch="false"/>
                <line number="134" hits="0" branch="false"/>
                <line number="135" hits="0" branch="false"/>
                <line number="136" hits="0" branch="false"/>
                <line number="137" hits="0" branch="false"/>
                <line number="138" hits="0" branch="false"/>
                <line number="139" hits="0" branch="false"/>
                <line number="140" hits="0" branch="false"/>
                <line number="141" hits="0" branch="false"/>
                <line number="142" hits="0" branch="false"/>
                <line number="143" hits="0" branch="false"/>
                <line number="144" hits="0" branch="false"/>
                <line number="145" hits="0" branch="false"/>
                <line number="146" hits="1" branch="false"/>
                <line number="147" hits="1" branch="false"/>
              </lines>
            </method>
            <method name="format_content" signature="" line-rate="0.952380952380952" branch-rate="0" complexity="0">
              <lines>
                <line number="161" hits="11" branch="false"/>
                <line number="162" hits="4" branch="false"/>
                <line number="163" hits="2" branch="false"/>
                <line number="164" hits="2" branch="false"/>
                <line number="165" hits="2" branch="false"/>
                <line number="166" hits="0" branch="false"/>
                <line number="167" hits="2" branch="false"/>
                <line number="168" hits="2" branch="false"/>
                <line number="169" hits="4" branch="false"/>
                <line number="170" hits="2" branch="false"/>
                <line number="171" hits="4" branch="false"/>
                <line number="172" hits="4" branch="false"/>
                <line number="173" hits="4" branch="false"/>
                <line number="174" hits="4" branch="false"/>
                <line number="175" hits="4" branch="false"/>
                <line number="177" hits="4" branch="false"/>
                <line number="179" hits="4" branch="false"/>
                <line number="180" hits="3" branch="false"/>
                <line number="181" hits="11" branch="false"/>
                <line number="182" hits="4" branch="false"/>
                <line number="183" hits="11" branch="false"/>
              </lines>
            </method>
          </methods>
          <lines>
            <line number="30" hits="5" branch="false"/>
            <line number="31" hits="5" branch="false"/>
            <line number="33" hits="5" branch="false"/>
            <line number="34" hits="5" branch="false"/>
            <line number="35" hits="5" branch="false"/>
            <line number="36" hits="5" branch="false"/>
            <line number="38" hits="4" branch="false"/>
            <line number="39" hits="4" branch="false"/>
            <line number="40" hits="4" branch="false"/>
            <line number="41" hits="4" branch="false"/>
            <line number="42" hits="4" branch="false"/>
            <line number="44" hits="4" branch="false"/>
            <line number="45" hits="4" branch="false"/>
            <line number="46" hits="4" branch="false"/>
            <line number="47" hits="4" branch="false"/>
            <line number="48" hits="4" branch="false"/>
            <line number="49" hits="4" branch="false"/>
            <line number="50" hits="4" branch="false"/>
            <line number="65" hits="0" branch="false"/>
            <line number="66" hits="0" branch="false"/>
            <line number="67" hits="0" branch="false"/>
            <line number="68" hits="0" branch="false"/>
            <line number="69" hits="0" branch="false"/>
            <line number="70" hits="0" branch="false"/>
            <line number="71" hits="0" branch="false"/>
            <line number="72" hits="0" branch="false"/>
            <line number="73" hits="0" branch="false"/>
            <line number="74" hits="0" branch="false"/>
            <line number="75" hits="0" branch="false"/>
            <line number="76" hits="0" branch="false"/>
            <line number="77" hits="0" branch="false"/>
            <line number="78" hits="0" branch="false"/>
            <line number="79" hits="0" branch="false"/>
            <line number="80" hits="0" branch="false"/>
            <line number="103" hits="1" branch="false"/>
            <line number="104" hits="1" branch="false"/>
            <line number="105" hits="1" branch="false"/>
            <line number="106" hits="0" branch="false"/>
            <line number="107" hits="0" branch="false"/>
            <line number="108" hits="1" branch="false"/>
            <line number="109" hits="0" branch="false"/>
            <line number="110" hits="1" branch="false"/>
            <line number="111" hits="1" branch="false"/>
            <line number="112" hits="1" branch="false"/>
            <line number="114" hits="1" branch="false"/>
            <line number="115" hits="1" branch="false"/>
            <line number="116" hits="1" branch="false"/>
            <line number="117" hits="0" branch="false"/>
            <line number="118" hits="0" branch="false"/>
            <line number="119" hits="0" branch="false"/>
            <line number="120" hits="0" branch="false"/>
            <line number="121" hits="0" branch="false"/>
            <line number="122" hits="0" branch="false"/>
            <line number="123" hits="0" branch="false"/>
            <line number="124" hits="0" branch="false"/>
            <line number="125" hits="0" branch="false"/>
            <line number="126" hits="0" branch="false"/>
            <line number="127" hits="0" branch="false"/>
            <line number="128" hits="0" branch="false"/>
            <line number="129" hits="0" branch="false"/>
            <line number="130" hits="0" branch="false"/>
            <line number="131" hits="0" branch="false"/>
            <line number="132" hits="0" branch="false"/>
            <line number="133" hits="0" branch="false"/>
            <line number="134" hits="0" branch="false"/>
            <line number="135" hits="0" branch="false"/>
            <line number="136" hits="0" branch="false"/>
            <line number="137" hits="0" branch="false"/>
            <line number="138" hits="0" branch="false"/>
            <line number="139" hits="0" branch="false"/>
            <line number="140" hits="0" branch="false"/>
            <line number="141" hits="0" branch="false"/>
            <line number="142" hits="0" branch="false"/>
            <line number="143" hits="0" branch="false"/>
            <line number="144" hits="0" branch="false"/>
            <line number="145" hits="0" branch="false"/>
            <line number="146" hits="1" branch="false"/>
            <line number="147" hits="1" branch="false"/>
            <line number="161" hits="11" branch="false"/>
            <line number="162" hits="4" branch="false"/>
            <line number="163" hits="2" branch="false"/>
            <line number="164" hits="2" branch="false"/>
            <line number="165" hits="2" branch="false"/>
            <line number="166" hits="0" branch="false"/>
            <line number="167" hits="2" branch="false"/>
            <line number="168" hits="2" branch="false"/>
            <line number="169" hits="4" branch="false"/>
            <line number="170" hits="2" branch="false"/>
            <line number="171" hits="4" branch="false"/>
            <line number="172" hits="4" branch="false"/>
            <line number="173" hits="4" branch="false"/>
            <line number="174" hits="4" branch="false"/>
            <line number="175" hits="4" branch="false"/>
            <line number="177" hits="4" branch="false"/>
            <line number="179" hits="4" branch="false"/>
            <line number="180" hits="3" branch="false"/>
            <line number="181" hits="11" branch="false"/>
            <line number="182" hits="4" branch="false"/>
            <line number="183" hits="11" branch="false"/>
          </lines>
        </class>
        <class name="white_small_well.R" filename="R/white_small_well.R" line-rate="0" branch-rate="0" complexity="0">
          <methods>
            <method name="white_small_well" signature="" line-rate="0" branch-rate="0" complexity="0">
              <lines>
                <line number="19" hits="0" branch="false"/>
                <line number="20" hits="0" branch="false"/>
                <line number="21" hits="0" branch="false"/>
                <line number="22" hits="0" branch="false"/>
                <line number="23" hits="0" branch="false"/>
                <line number="24" hits="0" branch="false"/>
                <line number="25" hits="0" branch="false"/>
              </lines>
            </method>
          </methods>
          <lines>
            <line number="19" hits="0" branch="false"/>
            <line number="20" hits="0" branch="false"/>
            <line number="21" hits="0" branch="false"/>
            <line number="22" hits="0" branch="false"/>
            <line number="23" hits="0" branch="false"/>
            <line number="24" hits="0" branch="false"/>
            <line number="25" hits="0" branch="false"/>
          </lines>
        </class>
      </classes>
    </package>
  </packages>
</coverage>
